2024-01-28 15:26:51.1601|Program|DEBUG|Program initialisation | 
2024-01-28 15:26:51.1601|Microsoft.Extensions.Hosting.Internal.Host|DEBUG|Hosting starting | 
2024-01-28 15:26:51.1989|Microsoft.AspNetCore.DataProtection.KeyManagement.XmlKeyManager|INFO|User profile is available. Using 'C:\Users\Yulia\AppData\Local\ASP.NET\DataProtection-Keys' as key repository and Windows DPAPI to encrypt keys at rest. | 
2024-01-28 15:26:51.1989|Microsoft.AspNetCore.DataProtection.Repositories.FileSystemXmlRepository|DEBUG|Reading data from file 'C:\Users\Yulia\AppData\Local\ASP.NET\DataProtection-Keys\key-03f48be6-6eba-4f09-a62b-0dac1b4d7346.xml'. | 
2024-01-28 15:26:51.2073|Microsoft.AspNetCore.DataProtection.KeyManagement.XmlKeyManager|DEBUG|Found key {03f48be6-6eba-4f09-a62b-0dac1b4d7346}. | 
2024-01-28 15:26:51.2073|Microsoft.AspNetCore.DataProtection.KeyManagement.DefaultKeyResolver|DEBUG|Considering key {03f48be6-6eba-4f09-a62b-0dac1b4d7346} with expiration date 2024-04-06 09:25:04Z as default key. | 
2024-01-28 15:26:51.2073|Microsoft.AspNetCore.DataProtection.TypeForwardingActivator|DEBUG|Forwarded activator type request from Microsoft.AspNetCore.DataProtection.XmlEncryption.DpapiXmlDecryptor, Microsoft.AspNetCore.DataProtection, Version=7.0.0.0, Culture=neutral, PublicKeyToken=adb9793829ddae60 to Microsoft.AspNetCore.DataProtection.XmlEncryption.DpapiXmlDecryptor, Microsoft.AspNetCore.DataProtection, Culture=neutral, PublicKeyToken=adb9793829ddae60 | 
2024-01-28 15:26:51.2073|Microsoft.AspNetCore.DataProtection.XmlEncryption.DpapiXmlDecryptor|DEBUG|Decrypting secret element using Windows DPAPI. | 
2024-01-28 15:26:51.2073|Microsoft.AspNetCore.DataProtection.TypeForwardingActivator|DEBUG|Forwarded activator type request from Microsoft.AspNetCore.DataProtection.AuthenticatedEncryption.ConfigurationModel.AuthenticatedEncryptorDescriptorDeserializer, Microsoft.AspNetCore.DataProtection, Version=7.0.0.0, Culture=neutral, PublicKeyToken=adb9793829ddae60 to Microsoft.AspNetCore.DataProtection.AuthenticatedEncryption.ConfigurationModel.AuthenticatedEncryptorDescriptorDeserializer, Microsoft.AspNetCore.DataProtection, Culture=neutral, PublicKeyToken=adb9793829ddae60 | 
2024-01-28 15:26:51.2230|Microsoft.AspNetCore.DataProtection.AuthenticatedEncryption.CngCbcAuthenticatedEncryptorFactory|DEBUG|Opening CNG algorithm 'AES' from provider '(null)' with chaining mode CBC. | 
2024-01-28 15:26:51.2230|Microsoft.AspNetCore.DataProtection.AuthenticatedEncryption.CngCbcAuthenticatedEncryptorFactory|DEBUG|Opening CNG algorithm 'SHA256' from provider '(null)' with HMAC. | 
2024-01-28 15:26:51.2230|Microsoft.AspNetCore.DataProtection.KeyManagement.KeyRingProvider|DEBUG|Using key {03f48be6-6eba-4f09-a62b-0dac1b4d7346} as the default key. | 
2024-01-28 15:26:51.2230|Microsoft.AspNetCore.DataProtection.Internal.DataProtectionHostedService|DEBUG|Key ring with default key {03f48be6-6eba-4f09-a62b-0dac1b4d7346} was loaded during application startup. | 
2024-01-28 15:26:51.3388|Microsoft.Hosting.Lifetime|INFO|Now listening on: http://localhost:5000 | 
2024-01-28 15:26:51.3388|Microsoft.AspNetCore.Hosting.Diagnostics|DEBUG|Loaded hosting startup assembly PiggyBankBackEnd | 
2024-01-28 15:26:51.3388|Microsoft.AspNetCore.Hosting.Diagnostics|DEBUG|Loaded hosting startup assembly Microsoft.AspNetCore.Watch.BrowserRefresh | 
2024-01-28 15:26:51.3388|Microsoft.AspNetCore.Hosting.Diagnostics|DEBUG|Loaded hosting startup assembly Microsoft.WebTools.BrowserLink.Net | 
2024-01-28 15:26:51.3388|Microsoft.Hosting.Lifetime|INFO|Application started. Press Ctrl+C to shut down. | 
2024-01-28 15:26:51.3388|Microsoft.Hosting.Lifetime|INFO|Hosting environment: Development | 
2024-01-28 15:26:51.3388|Microsoft.Hosting.Lifetime|INFO|Content root path: F:\Yulya\repos\PiggyBank\PiggyBankBackEnd | 
2024-01-28 15:26:51.3467|Microsoft.Extensions.Hosting.Internal.Host|DEBUG|Hosting started | 
2024-01-28 15:26:51.4987|Microsoft.AspNetCore.Server.Kestrel.Connections|DEBUG|Connection id "0HN0VUG31V7FL" accepted. | 
2024-01-28 15:26:51.4987|Microsoft.AspNetCore.Server.Kestrel.Connections|DEBUG|Connection id "0HN0VUG31V7FL" started. | 
2024-01-28 15:26:51.5128|Microsoft.AspNetCore.Server.Kestrel.Connections|DEBUG|Connection id "0HN0VUG31V7FM" accepted. | 
2024-01-28 15:26:51.5128|Microsoft.AspNetCore.Server.Kestrel.Transport.Sockets|DEBUG|Connection id "0HN0VUG31V7FL" received FIN. | 
2024-01-28 15:26:51.5128|Microsoft.AspNetCore.Server.Kestrel.Transport.Sockets|DEBUG|Connection id "0HN0VUG31V7FM" received FIN. | 
2024-01-28 15:26:51.5128|Microsoft.AspNetCore.Server.Kestrel.Connections|DEBUG|Connection id "0HN0VUG31V7FM" started. | 
2024-01-28 15:26:51.5128|Microsoft.AspNetCore.Server.Kestrel.Transport.Sockets|DEBUG|Connection id "0HN0VUG31V7FL" sending FIN because: "The Socket transport's send loop completed gracefully." | 
2024-01-28 15:26:51.5128|Microsoft.AspNetCore.Server.Kestrel.Transport.Sockets|DEBUG|Connection id "0HN0VUG31V7FM" sending FIN because: "The Socket transport's send loop completed gracefully." | 
2024-01-28 15:26:51.5188|Microsoft.AspNetCore.Server.Kestrel.Connections|DEBUG|Connection id "0HN0VUG31V7FM" disconnecting. | 
2024-01-28 15:26:51.5188|Microsoft.AspNetCore.Server.Kestrel.Connections|DEBUG|Connection id "0HN0VUG31V7FL" disconnecting. | 
2024-01-28 15:26:51.5188|Microsoft.AspNetCore.Server.Kestrel.Connections|DEBUG|Connection id "0HN0VUG31V7FM" stopped. | 
2024-01-28 15:26:51.5188|Microsoft.AspNetCore.Server.Kestrel.Connections|DEBUG|Connection id "0HN0VUG31V7FL" stopped. | 
2024-01-28 15:26:51.6251|Microsoft.AspNetCore.Server.Kestrel.Connections|DEBUG|Connection id "0HN0VUG31V7FN" accepted. | 
2024-01-28 15:26:51.6251|Microsoft.AspNetCore.Server.Kestrel.Connections|DEBUG|Connection id "0HN0VUG31V7FN" started. | 
2024-01-28 15:26:51.6313|Microsoft.AspNetCore.Server.Kestrel.Connections|DEBUG|Connection id "0HN0VUG31V7FO" accepted. | 
2024-01-28 15:26:51.6313|Microsoft.AspNetCore.Server.Kestrel.Connections|DEBUG|Connection id "0HN0VUG31V7FO" started. | 
2024-01-28 15:26:51.6549|Microsoft.AspNetCore.Hosting.Diagnostics|INFO|Request starting HTTP/1.1 GET http://localhost:5000/swagger/index.html - - | 
2024-01-28 15:26:51.7234|Microsoft.AspNetCore.HostFiltering.HostFilteringMiddleware|DEBUG|Wildcard detected, all requests with hosts will be allowed. | 
2024-01-28 15:26:51.7234|Microsoft.AspNetCore.HostFiltering.HostFilteringMiddleware|TRACE|All hosts are allowed. | 
2024-01-28 15:26:51.7420|Microsoft.AspNetCore.Routing.Matching.DfaMatcher|DEBUG|No candidates found for the request path '/swagger/index.html' | 
2024-01-28 15:26:51.7420|Microsoft.AspNetCore.Routing.EndpointRoutingMiddleware|DEBUG|Request did not match any endpoints | 
2024-01-28 15:26:51.8071|Microsoft.AspNetCore.Watch.BrowserRefresh.BrowserRefreshMiddleware|DEBUG|Response markup is scheduled to include browser refresh script injection. | 
2024-01-28 15:26:51.8177|Microsoft.AspNetCore.Watch.BrowserRefresh.BrowserRefreshMiddleware|DEBUG|Response markup was updated to include browser refresh script injection. | 
2024-01-28 15:26:51.8177|Microsoft.AspNetCore.Server.Kestrel.Connections|DEBUG|Connection id "0HN0VUG31V7FN" completed keep alive response. | 
2024-01-28 15:26:51.8177|Microsoft.AspNetCore.Hosting.Diagnostics|INFO|Request finished HTTP/1.1 GET http://localhost:5000/swagger/index.html - - - 200 - text/html;charset=utf-8 165.7221ms | 
2024-01-28 15:26:51.8411|Microsoft.AspNetCore.Hosting.Diagnostics|INFO|Request starting HTTP/1.1 GET http://localhost:5000/_framework/aspnetcore-browser-refresh.js - - | 
2024-01-28 15:26:51.8411|Microsoft.AspNetCore.Server.Kestrel.Connections|DEBUG|Connection id "0HN0VUG31V7FN" completed keep alive response. | 
2024-01-28 15:26:51.8411|Microsoft.AspNetCore.Hosting.Diagnostics|INFO|Request finished HTTP/1.1 GET http://localhost:5000/_framework/aspnetcore-browser-refresh.js - - - 200 13768 application/javascript;+charset=utf-8 2.3620ms | 
2024-01-28 15:26:51.8596|Microsoft.AspNetCore.Hosting.Diagnostics|INFO|Request starting HTTP/1.1 GET http://localhost:5000/_vs/browserLink - - | 
2024-01-28 15:26:51.8885|Microsoft.AspNetCore.Server.Kestrel.Connections|DEBUG|Connection id "0HN0VUG31V7FN" completed keep alive response. | 
2024-01-28 15:26:51.8885|Microsoft.AspNetCore.Hosting.Diagnostics|INFO|Request finished HTTP/1.1 GET http://localhost:5000/_vs/browserLink - - - 200 - text/javascript;+charset=UTF-8 29.0571ms | 
2024-01-28 15:26:51.9668|Microsoft.AspNetCore.Hosting.Diagnostics|INFO|Request starting HTTP/1.1 GET http://localhost:5000/swagger/v1/swagger.json - - | 
2024-01-28 15:26:51.9668|Microsoft.AspNetCore.HostFiltering.HostFilteringMiddleware|TRACE|All hosts are allowed. | 
2024-01-28 15:26:51.9668|Microsoft.AspNetCore.Routing.Matching.DfaMatcher|DEBUG|No candidates found for the request path '/swagger/v1/swagger.json' | 
2024-01-28 15:26:51.9668|Microsoft.AspNetCore.Routing.EndpointRoutingMiddleware|DEBUG|Request did not match any endpoints | 
2024-01-28 15:26:52.0450|Microsoft.AspNetCore.Server.Kestrel.Connections|DEBUG|Connection id "0HN0VUG31V7FN" completed keep alive response. | 
2024-01-28 15:26:52.0450|Microsoft.AspNetCore.Hosting.Diagnostics|INFO|Request finished HTTP/1.1 GET http://localhost:5000/swagger/v1/swagger.json - - - 200 - application/json;charset=utf-8 78.3720ms | 
2024-01-28 15:27:06.0291|Microsoft.AspNetCore.Hosting.Diagnostics|INFO|Request starting HTTP/1.1 POST http://localhost:5000/api/Authentication application/json-patch+json 49 | 
2024-01-28 15:27:06.0291|Microsoft.AspNetCore.HostFiltering.HostFilteringMiddleware|TRACE|All hosts are allowed. | 
2024-01-28 15:27:06.0291|Microsoft.AspNetCore.Routing.Matching.DfaMatcher|DEBUG|1 candidate(s) found for the request path '/api/Authentication' | 
2024-01-28 15:27:06.0291|Microsoft.AspNetCore.Routing.Matching.DfaMatcher|DEBUG|Endpoint 'PiggyBankBackEnd.Controllers.AuthenticationController.AuthUser (PiggyBankBackEnd)' with route pattern 'api/Authentication' is valid for the request path '/api/Authentication' | 
2024-01-28 15:27:06.0291|Microsoft.AspNetCore.Routing.EndpointRoutingMiddleware|DEBUG|Request matched endpoint 'PiggyBankBackEnd.Controllers.AuthenticationController.AuthUser (PiggyBankBackEnd)' | 
2024-01-28 15:27:06.0291|Microsoft.AspNetCore.StaticFiles.StaticFileMiddleware|DEBUG|Static files was skipped as the request already matched an endpoint. | 
2024-01-28 15:27:06.0291|Microsoft.AspNetCore.Cors.Infrastructure.CorsService|DEBUG|The request has an origin header: 'http://localhost:5000'. | 
2024-01-28 15:27:06.0291|Microsoft.AspNetCore.Cors.Infrastructure.CorsService|INFO|CORS policy execution failed. | 
2024-01-28 15:27:06.0291|Microsoft.AspNetCore.Cors.Infrastructure.CorsService|INFO|Request origin http://localhost:5000 does not have permission to access the resource. | 
2024-01-28 15:27:06.0291|Microsoft.AspNetCore.HttpsPolicy.HttpsRedirectionMiddleware|WARN|Failed to determine the https port for redirect. | 
2024-01-28 15:27:06.1073|Microsoft.AspNetCore.Authentication.JwtBearer.JwtBearerHandler|DEBUG|AuthenticationScheme: Bearer was not authenticated. | 
2024-01-28 15:27:06.1073|Microsoft.AspNetCore.Routing.EndpointMiddleware|INFO|Executing endpoint 'PiggyBankBackEnd.Controllers.AuthenticationController.AuthUser (PiggyBankBackEnd)' | 
2024-01-28 15:27:06.1285|Microsoft.AspNetCore.Mvc.Infrastructure.ControllerActionInvoker|INFO|Route matched with {action = "AuthUser", controller = "Authentication"}. Executing controller action with signature System.Threading.Tasks.Task`1[Microsoft.AspNetCore.Mvc.ActionResult`1[PiggyBankBackEnd.Entities.UserEntity]] AuthUser(PiggyBankBackEnd.DTOs.AuthenticationDTO) on controller PiggyBankBackEnd.Controllers.AuthenticationController (PiggyBankBackEnd). | 
2024-01-28 15:27:06.1285|Microsoft.AspNetCore.Mvc.Infrastructure.ControllerActionInvoker|DEBUG|Execution plan of authorization filters (in the following order): None | 
2024-01-28 15:27:06.1285|Microsoft.AspNetCore.Mvc.Infrastructure.ControllerActionInvoker|DEBUG|Execution plan of resource filters (in the following order): Microsoft.AspNetCore.Mvc.ViewFeatures.Filters.SaveTempDataFilter | 
2024-01-28 15:27:06.1285|Microsoft.AspNetCore.Mvc.Infrastructure.ControllerActionInvoker|DEBUG|Execution plan of action filters (in the following order): Microsoft.AspNetCore.Mvc.ModelBinding.UnsupportedContentTypeFilter (Order: -3000), Microsoft.AspNetCore.Mvc.Infrastructure.ModelStateInvalidFilter (Order: -2000) | 
2024-01-28 15:27:06.1285|Microsoft.AspNetCore.Mvc.Infrastructure.ControllerActionInvoker|DEBUG|Execution plan of exception filters (in the following order): None | 
2024-01-28 15:27:06.1285|Microsoft.AspNetCore.Mvc.Infrastructure.ControllerActionInvoker|DEBUG|Execution plan of result filters (in the following order): Microsoft.AspNetCore.Mvc.ViewFeatures.Filters.SaveTempDataFilter, Microsoft.AspNetCore.Mvc.Infrastructure.ClientErrorResultFilter (Order: -2000) | 
2024-01-28 15:27:06.1285|Microsoft.AspNetCore.Mvc.Infrastructure.ControllerActionInvoker|TRACE|Resource Filter: Before executing OnResourceExecuting on filter Microsoft.AspNetCore.Mvc.ViewFeatures.Filters.SaveTempDataFilter. | 
2024-01-28 15:27:06.1285|Microsoft.AspNetCore.Mvc.Infrastructure.ControllerActionInvoker|TRACE|Resource Filter: After executing OnResourceExecuting on filter Microsoft.AspNetCore.Mvc.ViewFeatures.Filters.SaveTempDataFilter. | 
2024-01-28 15:27:06.1285|Microsoft.AspNetCore.Mvc.Infrastructure.ControllerActionInvoker|DEBUG|Executing controller factory for controller PiggyBankBackEnd.Controllers.AuthenticationController (PiggyBankBackEnd) | 
2024-01-28 15:27:06.2164|Microsoft.EntityFrameworkCore.Infrastructure|DEBUG|An 'IServiceProvider' was created for internal use by Entity Framework. | 
2024-01-28 15:27:06.5815|Microsoft.EntityFrameworkCore.Infrastructure|DEBUG|Entity Framework Core 7.0.10 initialized 'ApplicationDbContext' using provider 'Microsoft.EntityFrameworkCore.SqlServer:7.0.10' with options: None | 
2024-01-28 15:27:06.6021|Microsoft.EntityFrameworkCore.Database.Connection|DEBUG|Creating DbConnection. | 
2024-01-28 15:27:06.6381|Microsoft.EntityFrameworkCore.Database.Connection|DEBUG|Created DbConnection. (37ms). | 
2024-01-28 15:27:06.6381|Microsoft.EntityFrameworkCore.Database.Connection|DEBUG|Opening connection to database 'PiggyBank' on server '(localdb)\MSSQLLocalDB'. | 
2024-01-28 15:27:06.8391|Microsoft.EntityFrameworkCore.Database.Connection|DEBUG|Opened connection to database 'PiggyBank' on server '(localdb)\MSSQLLocalDB'. | 
2024-01-28 15:27:06.8391|Microsoft.EntityFrameworkCore.Database.Command|DEBUG|Creating DbCommand for 'ExecuteNonQuery'. | 
2024-01-28 15:27:06.8391|Microsoft.EntityFrameworkCore.Database.Command|DEBUG|Created DbCommand for 'ExecuteNonQuery' (2ms). | 
2024-01-28 15:27:06.8477|Microsoft.EntityFrameworkCore.Database.Command|DEBUG|Initialized DbCommand for 'ExecuteNonQuery' (5ms). | 
2024-01-28 15:27:06.8477|Microsoft.EntityFrameworkCore.Database.Command|DEBUG|Executing DbCommand [Parameters=[], CommandType='Text', CommandTimeout='30']
SELECT 1 | 
2024-01-28 15:27:06.8654|Microsoft.EntityFrameworkCore.Database.Command|INFO|Executed DbCommand (14ms) [Parameters=[], CommandType='Text', CommandTimeout='30']
SELECT 1 | 
2024-01-28 15:27:06.8654|Microsoft.EntityFrameworkCore.Database.Connection|DEBUG|Closing connection to database 'PiggyBank' on server '(localdb)\MSSQLLocalDB'. | 
2024-01-28 15:27:06.8654|Microsoft.EntityFrameworkCore.Database.Connection|DEBUG|Closed connection to database 'PiggyBank' on server '(localdb)\MSSQLLocalDB' (3ms). | 
2024-01-28 15:27:06.8654|Microsoft.EntityFrameworkCore.Database.Command|DEBUG|Creating DbCommand for 'ExecuteScalar'. | 
2024-01-28 15:27:06.8654|Microsoft.EntityFrameworkCore.Database.Command|DEBUG|Created DbCommand for 'ExecuteScalar' (0ms). | 
2024-01-28 15:27:06.8654|Microsoft.EntityFrameworkCore.Database.Command|DEBUG|Initialized DbCommand for 'ExecuteScalar' (0ms). | 
2024-01-28 15:27:06.8654|Microsoft.EntityFrameworkCore.Database.Connection|DEBUG|Opening connection to database 'PiggyBank' on server '(localdb)\MSSQLLocalDB'. | 
2024-01-28 15:27:06.8654|Microsoft.EntityFrameworkCore.Database.Connection|DEBUG|Opened connection to database 'PiggyBank' on server '(localdb)\MSSQLLocalDB'. | 
2024-01-28 15:27:06.8654|Microsoft.EntityFrameworkCore.Database.Command|DEBUG|Executing DbCommand [Parameters=[], CommandType='Text', CommandTimeout='30']

IF EXISTS
    (SELECT *
     FROM [sys].[objects] o
     WHERE [o].[type] = 'U'
     AND [o].[is_ms_shipped] = 0
     AND NOT EXISTS (SELECT *
         FROM [sys].[extended_properties] AS [ep]
         WHERE [ep].[major_id] = [o].[object_id]
             AND [ep].[minor_id] = 0
             AND [ep].[class] = 1
             AND [ep].[name] = N'microsoft_database_tools_support'
    )
)
SELECT 1 ELSE SELECT 0 | 
2024-01-28 15:27:06.8895|Microsoft.EntityFrameworkCore.Database.Command|INFO|Executed DbCommand (16ms) [Parameters=[], CommandType='Text', CommandTimeout='30']

IF EXISTS
    (SELECT *
     FROM [sys].[objects] o
     WHERE [o].[type] = 'U'
     AND [o].[is_ms_shipped] = 0
     AND NOT EXISTS (SELECT *
         FROM [sys].[extended_properties] AS [ep]
         WHERE [ep].[major_id] = [o].[object_id]
             AND [ep].[minor_id] = 0
             AND [ep].[class] = 1
             AND [ep].[name] = N'microsoft_database_tools_support'
    )
)
SELECT 1 ELSE SELECT 0 | 
2024-01-28 15:27:06.8895|Microsoft.EntityFrameworkCore.Database.Connection|DEBUG|Closing connection to database 'PiggyBank' on server '(localdb)\MSSQLLocalDB'. | 
2024-01-28 15:27:06.8895|Microsoft.EntityFrameworkCore.Database.Connection|DEBUG|Closed connection to database 'PiggyBank' on server '(localdb)\MSSQLLocalDB' (0ms). | 
2024-01-28 15:27:06.8895|Microsoft.AspNetCore.Mvc.Infrastructure.ControllerActionInvoker|DEBUG|Executed controller factory for controller PiggyBankBackEnd.Controllers.AuthenticationController (PiggyBankBackEnd) | 
2024-01-28 15:27:06.8895|Microsoft.AspNetCore.Mvc.ModelBinding.ParameterBinder|DEBUG|Attempting to bind parameter 'user' of type 'PiggyBankBackEnd.DTOs.AuthenticationDTO' ... | 
2024-01-28 15:27:06.8895|Microsoft.AspNetCore.Mvc.ModelBinding.Binders.BodyModelBinder|DEBUG|Attempting to bind parameter 'user' of type 'PiggyBankBackEnd.DTOs.AuthenticationDTO' using the name '' in request data ... | 
2024-01-28 15:27:06.8953|Microsoft.AspNetCore.Mvc.ModelBinding.Binders.BodyModelBinder|DEBUG|Rejected input formatter 'Microsoft.AspNetCore.Mvc.Formatters.NewtonsoftJsonPatchInputFormatter' for content type 'application/json-patch+json'. | 
2024-01-28 15:27:06.8953|Microsoft.AspNetCore.Mvc.ModelBinding.Binders.BodyModelBinder|DEBUG|Selected input formatter 'Microsoft.AspNetCore.Mvc.Formatters.NewtonsoftJsonInputFormatter' for content type 'application/json-patch+json'. | 
2024-01-28 15:27:06.8953|Microsoft.AspNetCore.Server.Kestrel|DEBUG|Connection id "0HN0VUG31V7FN", Request id "0HN0VUG31V7FN:00000005": started reading request body. | 
2024-01-28 15:27:06.8953|Microsoft.AspNetCore.Server.Kestrel|DEBUG|Connection id "0HN0VUG31V7FN", Request id "0HN0VUG31V7FN:00000005": done reading request body. | 
2024-01-28 15:27:06.9496|Microsoft.AspNetCore.Mvc.ModelBinding.Binders.BodyModelBinder|DEBUG|Done attempting to bind parameter 'user' of type 'PiggyBankBackEnd.DTOs.AuthenticationDTO'. | 
2024-01-28 15:27:06.9496|Microsoft.AspNetCore.Mvc.ModelBinding.ParameterBinder|DEBUG|Done attempting to bind parameter 'user' of type 'PiggyBankBackEnd.DTOs.AuthenticationDTO'. | 
2024-01-28 15:27:06.9496|Microsoft.AspNetCore.Mvc.ModelBinding.ParameterBinder|DEBUG|Attempting to validate the bound parameter 'user' of type 'PiggyBankBackEnd.DTOs.AuthenticationDTO' ... | 
2024-01-28 15:27:06.9553|Microsoft.AspNetCore.Mvc.ModelBinding.ParameterBinder|DEBUG|Done attempting to validate the bound parameter 'user' of type 'PiggyBankBackEnd.DTOs.AuthenticationDTO'. | 
2024-01-28 15:27:06.9553|Microsoft.AspNetCore.Mvc.Infrastructure.ControllerActionInvoker|TRACE|Action Filter: Before executing OnActionExecuting on filter Microsoft.AspNetCore.Mvc.ModelBinding.UnsupportedContentTypeFilter. | 
2024-01-28 15:27:06.9553|Microsoft.AspNetCore.Mvc.Infrastructure.ControllerActionInvoker|TRACE|Action Filter: After executing OnActionExecuting on filter Microsoft.AspNetCore.Mvc.ModelBinding.UnsupportedContentTypeFilter. | 
2024-01-28 15:27:06.9553|Microsoft.AspNetCore.Mvc.Infrastructure.ControllerActionInvoker|TRACE|Action Filter: Before executing OnActionExecuting on filter Microsoft.AspNetCore.Mvc.Infrastructure.ModelStateInvalidFilter. | 
2024-01-28 15:27:06.9553|Microsoft.AspNetCore.Mvc.Infrastructure.ControllerActionInvoker|TRACE|Action Filter: After executing OnActionExecuting on filter Microsoft.AspNetCore.Mvc.Infrastructure.ModelStateInvalidFilter. | 
2024-01-28 15:27:06.9553|Microsoft.AspNetCore.Mvc.Infrastructure.ControllerActionInvoker|INFO|Executing action method PiggyBankBackEnd.Controllers.AuthenticationController.AuthUser (PiggyBankBackEnd) - Validation state: Valid | 
2024-01-28 15:27:06.9553|Microsoft.AspNetCore.Mvc.Infrastructure.ControllerActionInvoker|TRACE|Executing action method PiggyBankBackEnd.Controllers.AuthenticationController.AuthUser (PiggyBankBackEnd) with arguments (PiggyBankBackEnd.DTOs.AuthenticationDTO) | 
2024-01-28 15:27:06.9974|Microsoft.EntityFrameworkCore.Query|DEBUG|Compiling query expression: 
'DbSet<UserEntity>()
    .FirstOrDefault(u => u.Name == __user_Name_0)' | 
2024-01-28 15:27:07.1046|Microsoft.EntityFrameworkCore.Query|DEBUG|Generated query execution expression: 
'queryContext => new SingleQueryingEnumerable<UserEntity>(
    (RelationalQueryContext)queryContext, 
    RelationalCommandCache.QueryExpression(
        Projection Mapping:
            EmptyProjectionMember -> Dictionary<IProperty, int> { [Property: UserEntity.Id (int) Required PK AfterSave:Throw ValueGenerated.OnAdd, 0], [Property: UserEntity.Name (string) Required, 1], [Property: UserEntity.Password (string) Required, 2] }
        SELECT TOP(1) u.Id, u.Name, u.Password
        FROM Users AS u
        WHERE u.Name == @__user_Name_0), 
    null, 
    Func<QueryContext, DbDataReader, ResultContext, SingleQueryResultCoordinator, UserEntity>, 
    PiggyBankBackEnd.Context.ApplicationDbContext, 
    False, 
    False, 
    True
)
    .SingleOrDefault()' | 
2024-01-28 15:27:07.1189|Microsoft.EntityFrameworkCore.Database.Command|DEBUG|Creating DbCommand for 'ExecuteReader'. | 
2024-01-28 15:27:07.1189|Microsoft.EntityFrameworkCore.Database.Command|DEBUG|Created DbCommand for 'ExecuteReader' (0ms). | 
2024-01-28 15:27:07.1189|Microsoft.EntityFrameworkCore.Database.Command|DEBUG|Initialized DbCommand for 'ExecuteReader' (1ms). | 
2024-01-28 15:27:07.1189|Microsoft.EntityFrameworkCore.Database.Connection|DEBUG|Opening connection to database 'PiggyBank' on server '(localdb)\MSSQLLocalDB'. | 
2024-01-28 15:27:07.1189|Microsoft.EntityFrameworkCore.Database.Connection|DEBUG|Opened connection to database 'PiggyBank' on server '(localdb)\MSSQLLocalDB'. | 
2024-01-28 15:27:07.1189|Microsoft.EntityFrameworkCore.Database.Command|DEBUG|Executing DbCommand [Parameters=[@__user_Name_0='?' (Size = 4000)], CommandType='Text', CommandTimeout='30']
SELECT TOP(1) [u].[Id], [u].[Name], [u].[Password]
FROM [Users] AS [u]
WHERE [u].[Name] = @__user_Name_0 | 
2024-01-28 15:27:07.1384|Microsoft.EntityFrameworkCore.Database.Command|INFO|Executed DbCommand (17ms) [Parameters=[@__user_Name_0='?' (Size = 4000)], CommandType='Text', CommandTimeout='30']
SELECT TOP(1) [u].[Id], [u].[Name], [u].[Password]
FROM [Users] AS [u]
WHERE [u].[Name] = @__user_Name_0 | 
2024-01-28 15:27:07.1590|Microsoft.EntityFrameworkCore.ChangeTracking|DEBUG|Context 'ApplicationDbContext' started tracking 'UserEntity' entity. Consider using 'DbContextOptionsBuilder.EnableSensitiveDataLogging' to see key values. | 
2024-01-28 15:27:07.1687|Microsoft.EntityFrameworkCore.Database.Command|DEBUG|Closing data reader to 'PiggyBank' on server '(localdb)\MSSQLLocalDB'. | 
2024-01-28 15:27:07.1687|Microsoft.EntityFrameworkCore.Database.Command|DEBUG|A data reader for 'PiggyBank' on server '(localdb)\MSSQLLocalDB' is being disposed after spending 30ms reading results. | 
2024-01-28 15:27:07.1687|Microsoft.EntityFrameworkCore.Database.Connection|DEBUG|Closing connection to database 'PiggyBank' on server '(localdb)\MSSQLLocalDB'. | 
2024-01-28 15:27:07.1687|Microsoft.EntityFrameworkCore.Database.Connection|DEBUG|Closed connection to database 'PiggyBank' on server '(localdb)\MSSQLLocalDB' (0ms). | 
2024-01-28 15:27:07.2357|Microsoft.AspNetCore.Mvc.Infrastructure.ControllerActionInvoker|INFO|Executed action method PiggyBankBackEnd.Controllers.AuthenticationController.AuthUser (PiggyBankBackEnd), returned result Microsoft.AspNetCore.Mvc.OkObjectResult in 275.693ms. | 
2024-01-28 15:27:07.2357|Microsoft.AspNetCore.Mvc.Infrastructure.ControllerActionInvoker|TRACE|Action Filter: Before executing OnActionExecuted on filter Microsoft.AspNetCore.Mvc.Infrastructure.ModelStateInvalidFilter. | 
2024-01-28 15:27:07.2357|Microsoft.AspNetCore.Mvc.Infrastructure.ControllerActionInvoker|TRACE|Action Filter: After executing OnActionExecuted on filter Microsoft.AspNetCore.Mvc.Infrastructure.ModelStateInvalidFilter. | 
2024-01-28 15:27:07.2357|Microsoft.AspNetCore.Mvc.Infrastructure.ControllerActionInvoker|TRACE|Action Filter: Before executing OnActionExecuted on filter Microsoft.AspNetCore.Mvc.ModelBinding.UnsupportedContentTypeFilter. | 
2024-01-28 15:27:07.2357|Microsoft.AspNetCore.Mvc.Infrastructure.ControllerActionInvoker|TRACE|Action Filter: After executing OnActionExecuted on filter Microsoft.AspNetCore.Mvc.ModelBinding.UnsupportedContentTypeFilter. | 
2024-01-28 15:27:07.2357|Microsoft.AspNetCore.Mvc.Infrastructure.ControllerActionInvoker|TRACE|Result Filter: Before executing OnResultExecuting on filter Microsoft.AspNetCore.Mvc.ViewFeatures.Filters.SaveTempDataFilter. | 
2024-01-28 15:27:07.2357|Microsoft.AspNetCore.Mvc.Infrastructure.ControllerActionInvoker|TRACE|Result Filter: After executing OnResultExecuting on filter Microsoft.AspNetCore.Mvc.ViewFeatures.Filters.SaveTempDataFilter. | 
2024-01-28 15:27:07.2357|Microsoft.AspNetCore.Mvc.Infrastructure.ControllerActionInvoker|TRACE|Result Filter: Before executing OnResultExecuting on filter Microsoft.AspNetCore.Mvc.Infrastructure.ClientErrorResultFilter. | 
2024-01-28 15:27:07.2357|Microsoft.AspNetCore.Mvc.Infrastructure.ControllerActionInvoker|TRACE|Result Filter: After executing OnResultExecuting on filter Microsoft.AspNetCore.Mvc.Infrastructure.ClientErrorResultFilter. | 
2024-01-28 15:27:07.2357|Microsoft.AspNetCore.Mvc.Infrastructure.ControllerActionInvoker|TRACE|Before executing action result Microsoft.AspNetCore.Mvc.OkObjectResult. | 
2024-01-28 15:27:07.2357|Microsoft.AspNetCore.Mvc.Infrastructure.DefaultOutputFormatterSelector|DEBUG|List of registered output formatters, in the following order: Microsoft.AspNetCore.Mvc.Formatters.HttpNoContentOutputFormatter, Microsoft.AspNetCore.Mvc.Formatters.StringOutputFormatter, Microsoft.AspNetCore.Mvc.Formatters.StreamOutputFormatter, Microsoft.AspNetCore.Mvc.Formatters.NewtonsoftJsonOutputFormatter | 
2024-01-28 15:27:07.2357|Microsoft.AspNetCore.Mvc.Infrastructure.DefaultOutputFormatterSelector|DEBUG|Attempting to select an output formatter based on Accept header 'text/plain'. | 
2024-01-28 15:27:07.2357|Microsoft.AspNetCore.Mvc.Infrastructure.DefaultOutputFormatterSelector|DEBUG|Could not find an output formatter based on content negotiation. Accepted types were (text/plain) | 
2024-01-28 15:27:07.2357|Microsoft.AspNetCore.Mvc.Infrastructure.DefaultOutputFormatterSelector|DEBUG|Attempting to select an output formatter without using a content type as no explicit content types were specified for the response. | 
2024-01-28 15:27:07.2357|Microsoft.AspNetCore.Mvc.Infrastructure.DefaultOutputFormatterSelector|DEBUG|Attempting to select the first formatter in the output formatters list which can write the result. | 
2024-01-28 15:27:07.2357|Microsoft.AspNetCore.Mvc.Infrastructure.DefaultOutputFormatterSelector|DEBUG|Selected output formatter 'Microsoft.AspNetCore.Mvc.Formatters.NewtonsoftJsonOutputFormatter' and content type 'application/json' to write the response. | 
2024-01-28 15:27:07.2357|Microsoft.AspNetCore.Mvc.Infrastructure.ObjectResultExecutor|INFO|Executing OkObjectResult, writing value of type '<>f__AnonymousType0`3[[System.String, System.Private.CoreLib, Version=7.0.0.0, Culture=neutral, PublicKeyToken=7cec85d7bea7798e],[System.String, System.Private.CoreLib, Version=7.0.0.0, Culture=neutral, PublicKeyToken=7cec85d7bea7798e],[System.String, System.Private.CoreLib, Version=7.0.0.0, Culture=neutral, PublicKeyToken=7cec85d7bea7798e]]'. | 
2024-01-28 15:27:07.2600|Microsoft.AspNetCore.Mvc.Infrastructure.ControllerActionInvoker|TRACE|After executing action result Microsoft.AspNetCore.Mvc.OkObjectResult. | 
2024-01-28 15:27:07.2600|Microsoft.AspNetCore.Mvc.Infrastructure.ControllerActionInvoker|TRACE|Result Filter: Before executing OnResultExecuted on filter Microsoft.AspNetCore.Mvc.Infrastructure.ClientErrorResultFilter. | 
2024-01-28 15:27:07.2600|Microsoft.AspNetCore.Mvc.Infrastructure.ControllerActionInvoker|TRACE|Result Filter: After executing OnResultExecuted on filter Microsoft.AspNetCore.Mvc.Infrastructure.ClientErrorResultFilter. | 
2024-01-28 15:27:07.2600|Microsoft.AspNetCore.Mvc.Infrastructure.ControllerActionInvoker|TRACE|Result Filter: Before executing OnResultExecuted on filter Microsoft.AspNetCore.Mvc.ViewFeatures.Filters.SaveTempDataFilter. | 
2024-01-28 15:27:07.2600|Microsoft.AspNetCore.Mvc.Infrastructure.ControllerActionInvoker|TRACE|Result Filter: After executing OnResultExecuted on filter Microsoft.AspNetCore.Mvc.ViewFeatures.Filters.SaveTempDataFilter. | 
2024-01-28 15:27:07.2600|Microsoft.AspNetCore.Mvc.Infrastructure.ControllerActionInvoker|TRACE|Resource Filter: Before executing OnResourceExecuted on filter Microsoft.AspNetCore.Mvc.ViewFeatures.Filters.SaveTempDataFilter. | 
2024-01-28 15:27:07.2600|Microsoft.AspNetCore.Mvc.Infrastructure.ControllerActionInvoker|TRACE|Resource Filter: After executing OnResourceExecuted on filter Microsoft.AspNetCore.Mvc.ViewFeatures.Filters.SaveTempDataFilter. | 
2024-01-28 15:27:07.2600|Microsoft.AspNetCore.Mvc.Infrastructure.ControllerActionInvoker|INFO|Executed action PiggyBankBackEnd.Controllers.AuthenticationController.AuthUser (PiggyBankBackEnd) in 1130.7305ms | 
2024-01-28 15:27:07.2600|Microsoft.AspNetCore.Routing.EndpointMiddleware|INFO|Executed endpoint 'PiggyBankBackEnd.Controllers.AuthenticationController.AuthUser (PiggyBankBackEnd)' | 
2024-01-28 15:27:07.2600|Microsoft.AspNetCore.Server.Kestrel.Connections|DEBUG|Connection id "0HN0VUG31V7FN" completed keep alive response. | 
2024-01-28 15:27:07.2600|Microsoft.EntityFrameworkCore.Infrastructure|DEBUG|'ApplicationDbContext' disposed. | 
2024-01-28 15:27:07.2600|Microsoft.EntityFrameworkCore.Database.Connection|DEBUG|Disposing connection to database 'PiggyBank' on server '(localdb)\MSSQLLocalDB'. | 
2024-01-28 15:27:07.2600|Microsoft.EntityFrameworkCore.Database.Connection|DEBUG|Disposed connection to database '' on server '' (1ms). | 
2024-01-28 15:27:07.2600|Microsoft.AspNetCore.Hosting.Diagnostics|INFO|Request finished HTTP/1.1 POST http://localhost:5000/api/Authentication application/json-patch+json 49 - 200 263 application/json;+charset=utf-8 1238.4244ms | 
2024-01-28 15:27:52.1432|Microsoft.AspNetCore.Server.Kestrel.Transport.Sockets|DEBUG|Connection id "0HN0VUG31V7FO" received FIN. | 
2024-01-28 15:27:52.1432|Microsoft.AspNetCore.Server.Kestrel.Connections|DEBUG|Connection id "0HN0VUG31V7FO" disconnecting. | 
2024-01-28 15:27:52.1432|Microsoft.AspNetCore.Server.Kestrel.Connections|DEBUG|Connection id "0HN0VUG31V7FO" stopped. | 
2024-01-28 15:27:52.1475|Microsoft.AspNetCore.Server.Kestrel.Transport.Sockets|DEBUG|Connection id "0HN0VUG31V7FO" sending FIN because: "The Socket transport's send loop completed gracefully." | 
