2024-02-11 17:30:13.4442|Program|DEBUG|Program initialisation | 
2024-02-11 17:30:13.4597|Microsoft.Extensions.Hosting.Internal.Host|DEBUG|Hosting starting | 
2024-02-11 17:30:13.4597|Microsoft.AspNetCore.DataProtection.KeyManagement.XmlKeyManager|INFO|User profile is available. Using 'C:\Users\Yulia\AppData\Local\ASP.NET\DataProtection-Keys' as key repository and Windows DPAPI to encrypt keys at rest. | 
2024-02-11 17:30:13.4767|Microsoft.AspNetCore.DataProtection.Repositories.FileSystemXmlRepository|DEBUG|Reading data from file 'C:\Users\Yulia\AppData\Local\ASP.NET\DataProtection-Keys\key-03f48be6-6eba-4f09-a62b-0dac1b4d7346.xml'. | 
2024-02-11 17:30:13.4767|Microsoft.AspNetCore.DataProtection.KeyManagement.XmlKeyManager|DEBUG|Found key {03f48be6-6eba-4f09-a62b-0dac1b4d7346}. | 
2024-02-11 17:30:13.4767|Microsoft.AspNetCore.DataProtection.KeyManagement.DefaultKeyResolver|DEBUG|Considering key {03f48be6-6eba-4f09-a62b-0dac1b4d7346} with expiration date 2024-04-06 09:25:04Z as default key. | 
2024-02-11 17:30:13.4767|Microsoft.AspNetCore.DataProtection.TypeForwardingActivator|DEBUG|Forwarded activator type request from Microsoft.AspNetCore.DataProtection.XmlEncryption.DpapiXmlDecryptor, Microsoft.AspNetCore.DataProtection, Version=7.0.0.0, Culture=neutral, PublicKeyToken=adb9793829ddae60 to Microsoft.AspNetCore.DataProtection.XmlEncryption.DpapiXmlDecryptor, Microsoft.AspNetCore.DataProtection, Culture=neutral, PublicKeyToken=adb9793829ddae60 | 
2024-02-11 17:30:13.4903|Microsoft.AspNetCore.DataProtection.XmlEncryption.DpapiXmlDecryptor|DEBUG|Decrypting secret element using Windows DPAPI. | 
2024-02-11 17:30:13.4903|Microsoft.AspNetCore.DataProtection.TypeForwardingActivator|DEBUG|Forwarded activator type request from Microsoft.AspNetCore.DataProtection.AuthenticatedEncryption.ConfigurationModel.AuthenticatedEncryptorDescriptorDeserializer, Microsoft.AspNetCore.DataProtection, Version=7.0.0.0, Culture=neutral, PublicKeyToken=adb9793829ddae60 to Microsoft.AspNetCore.DataProtection.AuthenticatedEncryption.ConfigurationModel.AuthenticatedEncryptorDescriptorDeserializer, Microsoft.AspNetCore.DataProtection, Culture=neutral, PublicKeyToken=adb9793829ddae60 | 
2024-02-11 17:30:13.4903|Microsoft.AspNetCore.DataProtection.AuthenticatedEncryption.CngCbcAuthenticatedEncryptorFactory|DEBUG|Opening CNG algorithm 'AES' from provider '(null)' with chaining mode CBC. | 
2024-02-11 17:30:13.4903|Microsoft.AspNetCore.DataProtection.AuthenticatedEncryption.CngCbcAuthenticatedEncryptorFactory|DEBUG|Opening CNG algorithm 'SHA256' from provider '(null)' with HMAC. | 
2024-02-11 17:30:13.4903|Microsoft.AspNetCore.DataProtection.KeyManagement.KeyRingProvider|DEBUG|Using key {03f48be6-6eba-4f09-a62b-0dac1b4d7346} as the default key. | 
2024-02-11 17:30:13.4903|Microsoft.AspNetCore.DataProtection.Internal.DataProtectionHostedService|DEBUG|Key ring with default key {03f48be6-6eba-4f09-a62b-0dac1b4d7346} was loaded during application startup. | 
2024-02-11 17:30:13.5936|Microsoft.Hosting.Lifetime|INFO|Now listening on: http://localhost:5000 | 
2024-02-11 17:30:13.5936|Microsoft.AspNetCore.Hosting.Diagnostics|DEBUG|Loaded hosting startup assembly PiggyBankBackEnd | 
2024-02-11 17:30:13.5936|Microsoft.AspNetCore.Hosting.Diagnostics|DEBUG|Loaded hosting startup assembly Microsoft.AspNetCore.Watch.BrowserRefresh | 
2024-02-11 17:30:13.5936|Microsoft.AspNetCore.Hosting.Diagnostics|DEBUG|Loaded hosting startup assembly Microsoft.WebTools.BrowserLink.Net | 
2024-02-11 17:30:13.5936|Microsoft.Hosting.Lifetime|INFO|Application started. Press Ctrl+C to shut down. | 
2024-02-11 17:30:13.5936|Microsoft.Hosting.Lifetime|INFO|Hosting environment: Development | 
2024-02-11 17:30:13.5936|Microsoft.Hosting.Lifetime|INFO|Content root path: F:\Yulya\repos\PiggyBank\PiggyBankBackEnd | 
2024-02-11 17:30:13.5936|Microsoft.Extensions.Hosting.Internal.Host|DEBUG|Hosting started | 
2024-02-11 17:30:13.6936|Microsoft.AspNetCore.Server.Kestrel.Connections|DEBUG|Connection id "0HN1B0M9VARP3" accepted. | 
2024-02-11 17:30:13.6936|Microsoft.AspNetCore.Server.Kestrel.Connections|DEBUG|Connection id "0HN1B0M9VARP3" started. | 
2024-02-11 17:30:13.6936|Microsoft.AspNetCore.Server.Kestrel.Connections|DEBUG|Connection id "0HN1B0M9VARP4" accepted. | 
2024-02-11 17:30:13.6936|Microsoft.AspNetCore.Server.Kestrel.Connections|DEBUG|Connection id "0HN1B0M9VARP4" started. | 
2024-02-11 17:30:13.7348|Microsoft.AspNetCore.Server.Kestrel.Transport.Sockets|DEBUG|Connection id "0HN1B0M9VARP3" received FIN. | 
2024-02-11 17:30:13.7348|Microsoft.AspNetCore.Server.Kestrel.Transport.Sockets|DEBUG|Connection id "0HN1B0M9VARP4" received FIN. | 
2024-02-11 17:30:13.7348|Microsoft.AspNetCore.Server.Kestrel.Transport.Sockets|DEBUG|Connection id "0HN1B0M9VARP4" sending FIN because: "The Socket transport's send loop completed gracefully." | 
2024-02-11 17:30:13.7348|Microsoft.AspNetCore.Server.Kestrel.Transport.Sockets|DEBUG|Connection id "0HN1B0M9VARP3" sending FIN because: "The Socket transport's send loop completed gracefully." | 
2024-02-11 17:30:13.7602|Microsoft.AspNetCore.Server.Kestrel.Connections|DEBUG|Connection id "0HN1B0M9VARP3" disconnecting. | 
2024-02-11 17:30:13.7602|Microsoft.AspNetCore.Server.Kestrel.Connections|DEBUG|Connection id "0HN1B0M9VARP4" disconnecting. | 
2024-02-11 17:30:13.7602|Microsoft.AspNetCore.Server.Kestrel.Connections|DEBUG|Connection id "0HN1B0M9VARP3" stopped. | 
2024-02-11 17:30:13.7602|Microsoft.AspNetCore.Server.Kestrel.Connections|DEBUG|Connection id "0HN1B0M9VARP4" stopped. | 
2024-02-11 17:30:13.8986|Microsoft.AspNetCore.Server.Kestrel.Connections|DEBUG|Connection id "0HN1B0M9VARP5" accepted. | 
2024-02-11 17:30:13.8986|Microsoft.AspNetCore.Server.Kestrel.Connections|DEBUG|Connection id "0HN1B0M9VARP5" started. | 
2024-02-11 17:30:13.8986|Microsoft.AspNetCore.Server.Kestrel.Connections|DEBUG|Connection id "0HN1B0M9VARP6" accepted. | 
2024-02-11 17:30:13.8986|Microsoft.AspNetCore.Server.Kestrel.Connections|DEBUG|Connection id "0HN1B0M9VARP6" started. | 
2024-02-11 17:30:13.9249|Microsoft.AspNetCore.Hosting.Diagnostics|INFO|Request starting HTTP/1.1 GET http://localhost:5000/swagger/index.html - - | 
2024-02-11 17:30:13.9934|Microsoft.AspNetCore.HostFiltering.HostFilteringMiddleware|DEBUG|Wildcard detected, all requests with hosts will be allowed. | 
2024-02-11 17:30:13.9934|Microsoft.AspNetCore.HostFiltering.HostFilteringMiddleware|TRACE|All hosts are allowed. | 
2024-02-11 17:30:14.0138|Microsoft.AspNetCore.Routing.Matching.DfaMatcher|DEBUG|No candidates found for the request path '/swagger/index.html' | 
2024-02-11 17:30:14.0138|Microsoft.AspNetCore.Routing.EndpointRoutingMiddleware|DEBUG|Request did not match any endpoints | 
2024-02-11 17:30:14.0872|Microsoft.AspNetCore.Watch.BrowserRefresh.BrowserRefreshMiddleware|DEBUG|Response markup is scheduled to include browser refresh script injection. | 
2024-02-11 17:30:14.0872|Microsoft.AspNetCore.Watch.BrowserRefresh.BrowserRefreshMiddleware|DEBUG|Response markup was updated to include browser refresh script injection. | 
2024-02-11 17:30:14.0872|Microsoft.AspNetCore.Server.Kestrel.Connections|DEBUG|Connection id "0HN1B0M9VARP5" completed keep alive response. | 
2024-02-11 17:30:14.1001|Microsoft.AspNetCore.Hosting.Diagnostics|INFO|Request finished HTTP/1.1 GET http://localhost:5000/swagger/index.html - - - 200 - text/html;charset=utf-8 176.2441ms | 
2024-02-11 17:30:14.1214|Microsoft.AspNetCore.Hosting.Diagnostics|INFO|Request starting HTTP/1.1 GET http://localhost:5000/_framework/aspnetcore-browser-refresh.js - - | 
2024-02-11 17:30:14.1214|Microsoft.AspNetCore.Server.Kestrel.Connections|DEBUG|Connection id "0HN1B0M9VARP5" completed keep alive response. | 
2024-02-11 17:30:14.1214|Microsoft.AspNetCore.Hosting.Diagnostics|INFO|Request finished HTTP/1.1 GET http://localhost:5000/_framework/aspnetcore-browser-refresh.js - - - 200 13768 application/javascript;+charset=utf-8 2.9316ms | 
2024-02-11 17:30:14.1396|Microsoft.AspNetCore.Hosting.Diagnostics|INFO|Request starting HTTP/1.1 GET http://localhost:5000/_vs/browserLink - - | 
2024-02-11 17:30:14.1607|Microsoft.AspNetCore.Server.Kestrel.Connections|DEBUG|Connection id "0HN1B0M9VARP5" completed keep alive response. | 
2024-02-11 17:30:14.1607|Microsoft.AspNetCore.Hosting.Diagnostics|INFO|Request finished HTTP/1.1 GET http://localhost:5000/_vs/browserLink - - - 200 - text/javascript;+charset=UTF-8 21.2739ms | 
2024-02-11 17:30:14.2372|Microsoft.AspNetCore.Hosting.Diagnostics|INFO|Request starting HTTP/1.1 GET http://localhost:5000/swagger/v1/swagger.json - - | 
2024-02-11 17:30:14.2372|Microsoft.AspNetCore.HostFiltering.HostFilteringMiddleware|TRACE|All hosts are allowed. | 
2024-02-11 17:30:14.2372|Microsoft.AspNetCore.Routing.Matching.DfaMatcher|DEBUG|No candidates found for the request path '/swagger/v1/swagger.json' | 
2024-02-11 17:30:14.2372|Microsoft.AspNetCore.Routing.EndpointRoutingMiddleware|DEBUG|Request did not match any endpoints | 
2024-02-11 17:30:14.3315|Microsoft.AspNetCore.Server.Kestrel.Connections|DEBUG|Connection id "0HN1B0M9VARP5" completed keep alive response. | 
2024-02-11 17:30:14.3315|Microsoft.AspNetCore.Hosting.Diagnostics|INFO|Request finished HTTP/1.1 GET http://localhost:5000/swagger/v1/swagger.json - - - 200 - application/json;charset=utf-8 94.4346ms | 
2024-02-11 17:30:36.0468|Microsoft.AspNetCore.Hosting.Diagnostics|INFO|Request starting HTTP/1.1 GET http://localhost:5000/api/Aim/1 - - | 
2024-02-11 17:30:36.0468|Microsoft.AspNetCore.HostFiltering.HostFilteringMiddleware|TRACE|All hosts are allowed. | 
2024-02-11 17:30:36.0468|Microsoft.AspNetCore.Routing.Matching.DfaMatcher|DEBUG|1 candidate(s) found for the request path '/api/Aim/1' | 
2024-02-11 17:30:36.0468|Microsoft.AspNetCore.Routing.Matching.DfaMatcher|DEBUG|Endpoint 'PiggyBankBackEnd.Controllers.AimController.GetAimById (PiggyBankBackEnd)' with route pattern 'api/Aim/{id}' is valid for the request path '/api/Aim/1' | 
2024-02-11 17:30:36.0532|Microsoft.AspNetCore.Routing.EndpointRoutingMiddleware|DEBUG|Request matched endpoint 'PiggyBankBackEnd.Controllers.AimController.GetAimById (PiggyBankBackEnd)' | 
2024-02-11 17:30:36.0532|Microsoft.AspNetCore.StaticFiles.StaticFileMiddleware|DEBUG|Static files was skipped as the request already matched an endpoint. | 
2024-02-11 17:30:36.0532|Microsoft.AspNetCore.HttpsPolicy.HttpsRedirectionMiddleware|WARN|Failed to determine the https port for redirect. | 
2024-02-11 17:30:36.1081|Microsoft.AspNetCore.Authentication.JwtBearer.JwtBearerHandler|DEBUG|AuthenticationScheme: Bearer was not authenticated. | 
2024-02-11 17:30:36.1081|Microsoft.AspNetCore.Routing.EndpointMiddleware|INFO|Executing endpoint 'PiggyBankBackEnd.Controllers.AimController.GetAimById (PiggyBankBackEnd)' | 
2024-02-11 17:30:36.1274|Microsoft.AspNetCore.Mvc.Infrastructure.ControllerActionInvoker|INFO|Route matched with {action = "GetAimById", controller = "Aim"}. Executing controller action with signature System.Threading.Tasks.Task`1[Microsoft.AspNetCore.Mvc.ActionResult`1[PiggyBankBackEnd.Entities.AimEntity]] GetAimById(Int64) on controller PiggyBankBackEnd.Controllers.AimController (PiggyBankBackEnd). | 
2024-02-11 17:30:36.1274|Microsoft.AspNetCore.Mvc.Infrastructure.ControllerActionInvoker|DEBUG|Execution plan of authorization filters (in the following order): None | 
2024-02-11 17:30:36.1274|Microsoft.AspNetCore.Mvc.Infrastructure.ControllerActionInvoker|DEBUG|Execution plan of resource filters (in the following order): Microsoft.AspNetCore.Mvc.ViewFeatures.Filters.SaveTempDataFilter | 
2024-02-11 17:30:36.1274|Microsoft.AspNetCore.Mvc.Infrastructure.ControllerActionInvoker|DEBUG|Execution plan of action filters (in the following order): Microsoft.AspNetCore.Mvc.ModelBinding.UnsupportedContentTypeFilter (Order: -3000), Microsoft.AspNetCore.Mvc.Infrastructure.ModelStateInvalidFilter (Order: -2000) | 
2024-02-11 17:30:36.1274|Microsoft.AspNetCore.Mvc.Infrastructure.ControllerActionInvoker|DEBUG|Execution plan of exception filters (in the following order): None | 
2024-02-11 17:30:36.1274|Microsoft.AspNetCore.Mvc.Infrastructure.ControllerActionInvoker|DEBUG|Execution plan of result filters (in the following order): Microsoft.AspNetCore.Mvc.ViewFeatures.Filters.SaveTempDataFilter, Microsoft.AspNetCore.Mvc.Infrastructure.ClientErrorResultFilter (Order: -2000) | 
2024-02-11 17:30:36.1274|Microsoft.AspNetCore.Mvc.Infrastructure.ControllerActionInvoker|TRACE|Resource Filter: Before executing OnResourceExecuting on filter Microsoft.AspNetCore.Mvc.ViewFeatures.Filters.SaveTempDataFilter. | 
2024-02-11 17:30:36.1274|Microsoft.AspNetCore.Mvc.Infrastructure.ControllerActionInvoker|TRACE|Resource Filter: After executing OnResourceExecuting on filter Microsoft.AspNetCore.Mvc.ViewFeatures.Filters.SaveTempDataFilter. | 
2024-02-11 17:30:36.1274|Microsoft.AspNetCore.Mvc.Infrastructure.ControllerActionInvoker|DEBUG|Executing controller factory for controller PiggyBankBackEnd.Controllers.AimController (PiggyBankBackEnd) | 
2024-02-11 17:30:36.2006|Microsoft.EntityFrameworkCore.Infrastructure|DEBUG|An 'IServiceProvider' was created for internal use by Entity Framework. | 
2024-02-11 17:30:36.5820|Microsoft.EntityFrameworkCore.Infrastructure|DEBUG|Entity Framework Core 7.0.10 initialized 'ApplicationDbContext' using provider 'Microsoft.EntityFrameworkCore.SqlServer:7.0.10' with options: None | 
2024-02-11 17:30:36.6231|Microsoft.EntityFrameworkCore.Database.Connection|DEBUG|Creating DbConnection. | 
2024-02-11 17:30:36.6481|Microsoft.EntityFrameworkCore.Database.Connection|DEBUG|Created DbConnection. (24ms). | 
2024-02-11 17:30:36.6481|Microsoft.EntityFrameworkCore.Database.Connection|DEBUG|Opening connection to database 'PiggyBank' on server '(localdb)\MSSQLLocalDB'. | 
2024-02-11 17:30:36.8333|Microsoft.EntityFrameworkCore.Database.Connection|DEBUG|Opened connection to database 'PiggyBank' on server '(localdb)\MSSQLLocalDB'. | 
2024-02-11 17:30:36.8360|Microsoft.EntityFrameworkCore.Database.Command|DEBUG|Creating DbCommand for 'ExecuteNonQuery'. | 
2024-02-11 17:30:36.8360|Microsoft.EntityFrameworkCore.Database.Command|DEBUG|Created DbCommand for 'ExecuteNonQuery' (2ms). | 
2024-02-11 17:30:36.8360|Microsoft.EntityFrameworkCore.Database.Command|DEBUG|Initialized DbCommand for 'ExecuteNonQuery' (5ms). | 
2024-02-11 17:30:36.8360|Microsoft.EntityFrameworkCore.Database.Command|DEBUG|Executing DbCommand [Parameters=[], CommandType='Text', CommandTimeout='30']
SELECT 1 | 
2024-02-11 17:30:36.8600|Microsoft.EntityFrameworkCore.Database.Command|INFO|Executed DbCommand (15ms) [Parameters=[], CommandType='Text', CommandTimeout='30']
SELECT 1 | 
2024-02-11 17:30:36.8600|Microsoft.EntityFrameworkCore.Database.Connection|DEBUG|Closing connection to database 'PiggyBank' on server '(localdb)\MSSQLLocalDB'. | 
2024-02-11 17:30:36.8661|Microsoft.EntityFrameworkCore.Database.Connection|DEBUG|Closed connection to database 'PiggyBank' on server '(localdb)\MSSQLLocalDB' (3ms). | 
2024-02-11 17:30:36.8661|Microsoft.EntityFrameworkCore.Database.Command|DEBUG|Creating DbCommand for 'ExecuteScalar'. | 
2024-02-11 17:30:36.8661|Microsoft.EntityFrameworkCore.Database.Command|DEBUG|Created DbCommand for 'ExecuteScalar' (0ms). | 
2024-02-11 17:30:36.8661|Microsoft.EntityFrameworkCore.Database.Command|DEBUG|Initialized DbCommand for 'ExecuteScalar' (0ms). | 
2024-02-11 17:30:36.8661|Microsoft.EntityFrameworkCore.Database.Connection|DEBUG|Opening connection to database 'PiggyBank' on server '(localdb)\MSSQLLocalDB'. | 
2024-02-11 17:30:36.8661|Microsoft.EntityFrameworkCore.Database.Connection|DEBUG|Opened connection to database 'PiggyBank' on server '(localdb)\MSSQLLocalDB'. | 
2024-02-11 17:30:36.8661|Microsoft.EntityFrameworkCore.Database.Command|DEBUG|Executing DbCommand [Parameters=[], CommandType='Text', CommandTimeout='30']

IF EXISTS
    (SELECT *
     FROM [sys].[objects] o
     WHERE [o].[type] = 'U'
     AND [o].[is_ms_shipped] = 0
     AND NOT EXISTS (SELECT *
         FROM [sys].[extended_properties] AS [ep]
         WHERE [ep].[major_id] = [o].[object_id]
             AND [ep].[minor_id] = 0
             AND [ep].[class] = 1
             AND [ep].[name] = N'microsoft_database_tools_support'
    )
)
SELECT 1 ELSE SELECT 0 | 
2024-02-11 17:30:36.8841|Microsoft.EntityFrameworkCore.Database.Command|INFO|Executed DbCommand (16ms) [Parameters=[], CommandType='Text', CommandTimeout='30']

IF EXISTS
    (SELECT *
     FROM [sys].[objects] o
     WHERE [o].[type] = 'U'
     AND [o].[is_ms_shipped] = 0
     AND NOT EXISTS (SELECT *
         FROM [sys].[extended_properties] AS [ep]
         WHERE [ep].[major_id] = [o].[object_id]
             AND [ep].[minor_id] = 0
             AND [ep].[class] = 1
             AND [ep].[name] = N'microsoft_database_tools_support'
    )
)
SELECT 1 ELSE SELECT 0 | 
2024-02-11 17:30:36.8841|Microsoft.EntityFrameworkCore.Database.Connection|DEBUG|Closing connection to database 'PiggyBank' on server '(localdb)\MSSQLLocalDB'. | 
2024-02-11 17:30:36.8841|Microsoft.EntityFrameworkCore.Database.Connection|DEBUG|Closed connection to database 'PiggyBank' on server '(localdb)\MSSQLLocalDB' (0ms). | 
2024-02-11 17:30:36.8841|Microsoft.AspNetCore.Mvc.Infrastructure.ControllerActionInvoker|DEBUG|Executed controller factory for controller PiggyBankBackEnd.Controllers.AimController (PiggyBankBackEnd) | 
2024-02-11 17:30:36.8841|Microsoft.AspNetCore.Mvc.ModelBinding.ParameterBinder|DEBUG|Attempting to bind parameter 'id' of type 'System.Int64' ... | 
2024-02-11 17:30:36.8841|Microsoft.AspNetCore.Mvc.ModelBinding.Binders.SimpleTypeModelBinder|DEBUG|Attempting to bind parameter 'id' of type 'System.Int64' using the name 'id' in request data ... | 
2024-02-11 17:30:36.8841|Microsoft.AspNetCore.Mvc.ModelBinding.Binders.SimpleTypeModelBinder|DEBUG|Done attempting to bind parameter 'id' of type 'System.Int64'. | 
2024-02-11 17:30:36.8841|Microsoft.AspNetCore.Mvc.ModelBinding.ParameterBinder|DEBUG|Done attempting to bind parameter 'id' of type 'System.Int64'. | 
2024-02-11 17:30:36.8841|Microsoft.AspNetCore.Mvc.ModelBinding.ParameterBinder|DEBUG|Attempting to validate the bound parameter 'id' of type 'System.Int64' ... | 
2024-02-11 17:30:36.8841|Microsoft.AspNetCore.Mvc.ModelBinding.ParameterBinder|DEBUG|Done attempting to validate the bound parameter 'id' of type 'System.Int64'. | 
2024-02-11 17:30:36.8841|Microsoft.AspNetCore.Mvc.Infrastructure.ControllerActionInvoker|TRACE|Action Filter: Before executing OnActionExecuting on filter Microsoft.AspNetCore.Mvc.ModelBinding.UnsupportedContentTypeFilter. | 
2024-02-11 17:30:36.8841|Microsoft.AspNetCore.Mvc.Infrastructure.ControllerActionInvoker|TRACE|Action Filter: After executing OnActionExecuting on filter Microsoft.AspNetCore.Mvc.ModelBinding.UnsupportedContentTypeFilter. | 
2024-02-11 17:30:36.8841|Microsoft.AspNetCore.Mvc.Infrastructure.ControllerActionInvoker|TRACE|Action Filter: Before executing OnActionExecuting on filter Microsoft.AspNetCore.Mvc.Infrastructure.ModelStateInvalidFilter. | 
2024-02-11 17:30:36.8841|Microsoft.AspNetCore.Mvc.Infrastructure.ControllerActionInvoker|TRACE|Action Filter: After executing OnActionExecuting on filter Microsoft.AspNetCore.Mvc.Infrastructure.ModelStateInvalidFilter. | 
2024-02-11 17:30:36.8841|Microsoft.AspNetCore.Mvc.Infrastructure.ControllerActionInvoker|INFO|Executing action method PiggyBankBackEnd.Controllers.AimController.GetAimById (PiggyBankBackEnd) - Validation state: Valid | 
2024-02-11 17:30:36.8841|Microsoft.AspNetCore.Mvc.Infrastructure.ControllerActionInvoker|TRACE|Executing action method PiggyBankBackEnd.Controllers.AimController.GetAimById (PiggyBankBackEnd) with arguments (1) | 
2024-02-11 17:30:36.9417|Microsoft.EntityFrameworkCore.Query|DEBUG|Compiling query expression: 
'DbSet<AimEntity>()
    .Include(aim => aim.Images)
    .Include(aim => aim.User)
    .FirstOrDefault(q => (long)q.Id == __id_0)' | 
2024-02-11 17:30:36.9687|Microsoft.EntityFrameworkCore.Query|DEBUG|Including navigation: 'AimEntity.Images'. | 
2024-02-11 17:30:36.9836|Microsoft.EntityFrameworkCore.Query|DEBUG|Including navigation: 'AimEntity.User'. | 
2024-02-11 17:30:37.0958|Microsoft.EntityFrameworkCore.Query|DEBUG|Generated query execution expression: 
'queryContext => ShapedQueryCompilingExpressionVisitor.SingleOrDefaultAsync<AimEntity>(
    asyncEnumerable: new SingleQueryingEnumerable<AimEntity>(
        (RelationalQueryContext)queryContext, 
        RelationalCommandCache.QueryExpression(
            Client Projections:
                0 -> Dictionary<IProperty, int> { [Property: AimEntity.Id (int) Required PK AfterSave:Throw ValueGenerated.OnAdd, 0], [Property: AimEntity.Date (DateTime) Required, 1], [Property: AimEntity.Price (double) Required, 2], [Property: AimEntity.Title (string) Required, 3], [Property: AimEntity.UserId (int) Required FK Index, 4], [Property: AimEntity.WayOfSaving (int) Required, 5] }
                1 -> 0
                2 -> 6
                3 -> Dictionary<IProperty, int> { [Property: ImageEntity.Id (int) Required PK AfterSave:Throw ValueGenerated.OnAdd, 7], [Property: ImageEntity.AimId (int?) FK Index, 8], [Property: ImageEntity.ImagePath (string) Required, 9] }
                4 -> 7
                5 -> Dictionary<IProperty, int> { [Property: UserEntity.Id (int) Required PK AfterSave:Throw ValueGenerated.OnAdd, 6], [Property: UserEntity.Name (string) Required, 10], [Property: UserEntity.Password (string) Required, 11] }
            SELECT t.Id, t.Date, t.Price, t.Title, t.UserId, t.WayOfSaving, t.Id0, i.Id, i.AimId, i.ImagePath, t.Name, t.Password
            FROM 
            (
                SELECT TOP(1) a.Id, a.Date, a.Price, a.Title, a.UserId, a.WayOfSaving, u.Id AS Id0, u.Name, u.Password
                FROM Aims AS a
                INNER JOIN Users AS u ON a.UserId == u.Id
                WHERE CAST(a.Id AS bigint) == @__id_0
            ) AS t
            LEFT JOIN Images AS i ON t.Id == i.AimId
            ORDER BY t.Id ASC, t.Id0 ASC), 
        null, 
        Func<QueryContext, DbDataReader, ResultContext, SingleQueryResultCoordinator, AimEntity>, 
        PiggyBankBackEnd.Context.ApplicationDbContext, 
        False, 
        False, 
        True
    ), 
    cancellationToken: queryContext.CancellationToken)' | 
2024-02-11 17:30:37.1150|Microsoft.EntityFrameworkCore.Database.Command|DEBUG|Creating DbCommand for 'ExecuteReader'. | 
2024-02-11 17:30:37.1150|Microsoft.EntityFrameworkCore.Database.Command|DEBUG|Created DbCommand for 'ExecuteReader' (0ms). | 
2024-02-11 17:30:37.1150|Microsoft.EntityFrameworkCore.Database.Command|DEBUG|Initialized DbCommand for 'ExecuteReader' (1ms). | 
2024-02-11 17:30:37.1150|Microsoft.EntityFrameworkCore.Database.Connection|DEBUG|Opening connection to database 'PiggyBank' on server '(localdb)\MSSQLLocalDB'. | 
2024-02-11 17:30:37.1150|Microsoft.EntityFrameworkCore.Database.Connection|DEBUG|Opened connection to database 'PiggyBank' on server '(localdb)\MSSQLLocalDB'. | 
2024-02-11 17:30:37.1150|Microsoft.EntityFrameworkCore.Database.Command|DEBUG|Executing DbCommand [Parameters=[@__id_0='?' (DbType = Int64)], CommandType='Text', CommandTimeout='30']
SELECT [t].[Id], [t].[Date], [t].[Price], [t].[Title], [t].[UserId], [t].[WayOfSaving], [t].[Id0], [i].[Id], [i].[AimId], [i].[ImagePath], [t].[Name], [t].[Password]
FROM (
    SELECT TOP(1) [a].[Id], [a].[Date], [a].[Price], [a].[Title], [a].[UserId], [a].[WayOfSaving], [u].[Id] AS [Id0], [u].[Name], [u].[Password]
    FROM [Aims] AS [a]
    INNER JOIN [Users] AS [u] ON [a].[UserId] = [u].[Id]
    WHERE CAST([a].[Id] AS bigint) = @__id_0
) AS [t]
LEFT JOIN [Images] AS [i] ON [t].[Id] = [i].[AimId]
ORDER BY [t].[Id], [t].[Id0] | 
2024-02-11 17:30:37.1502|Microsoft.EntityFrameworkCore.Database.Command|INFO|Executed DbCommand (30ms) [Parameters=[@__id_0='?' (DbType = Int64)], CommandType='Text', CommandTimeout='30']
SELECT [t].[Id], [t].[Date], [t].[Price], [t].[Title], [t].[UserId], [t].[WayOfSaving], [t].[Id0], [i].[Id], [i].[AimId], [i].[ImagePath], [t].[Name], [t].[Password]
FROM (
    SELECT TOP(1) [a].[Id], [a].[Date], [a].[Price], [a].[Title], [a].[UserId], [a].[WayOfSaving], [u].[Id] AS [Id0], [u].[Name], [u].[Password]
    FROM [Aims] AS [a]
    INNER JOIN [Users] AS [u] ON [a].[UserId] = [u].[Id]
    WHERE CAST([a].[Id] AS bigint) = @__id_0
) AS [t]
LEFT JOIN [Images] AS [i] ON [t].[Id] = [i].[AimId]
ORDER BY [t].[Id], [t].[Id0] | 
2024-02-11 17:30:37.1786|Microsoft.EntityFrameworkCore.ChangeTracking|DEBUG|Context 'ApplicationDbContext' started tracking 'AimEntity' entity. Consider using 'DbContextOptionsBuilder.EnableSensitiveDataLogging' to see key values. | 
2024-02-11 17:30:37.2039|Microsoft.EntityFrameworkCore.ChangeTracking|DEBUG|The navigation 'AimEntity.User' was detected as changed. Consider using 'DbContextOptionsBuilder.EnableSensitiveDataLogging' to see key values. | 
2024-02-11 17:30:37.2039|Microsoft.EntityFrameworkCore.ChangeTracking|DEBUG|Context 'ApplicationDbContext' started tracking 'UserEntity' entity. Consider using 'DbContextOptionsBuilder.EnableSensitiveDataLogging' to see key values. | 
2024-02-11 17:30:37.2172|Microsoft.EntityFrameworkCore.ChangeTracking|DEBUG|Context 'ApplicationDbContext' started tracking 'ImageEntity' entity. Consider using 'DbContextOptionsBuilder.EnableSensitiveDataLogging' to see key values. | 
2024-02-11 17:30:37.2172|Microsoft.EntityFrameworkCore.Database.Command|DEBUG|Closing data reader to 'PiggyBank' on server '(localdb)\MSSQLLocalDB'. | 
2024-02-11 17:30:37.2172|Microsoft.EntityFrameworkCore.Database.Command|DEBUG|A data reader for 'PiggyBank' on server '(localdb)\MSSQLLocalDB' is being disposed after spending 71ms reading results. | 
2024-02-11 17:30:37.2172|Microsoft.EntityFrameworkCore.Database.Connection|DEBUG|Closing connection to database 'PiggyBank' on server '(localdb)\MSSQLLocalDB'. | 
2024-02-11 17:30:37.2245|Microsoft.EntityFrameworkCore.Database.Connection|DEBUG|Closed connection to database 'PiggyBank' on server '(localdb)\MSSQLLocalDB' (0ms). | 
2024-02-11 17:30:37.2245|Microsoft.AspNetCore.Mvc.Infrastructure.ControllerActionInvoker|INFO|Executed action method PiggyBankBackEnd.Controllers.AimController.GetAimById (PiggyBankBackEnd), returned result Microsoft.AspNetCore.Mvc.OkObjectResult in 331.4436ms. | 
2024-02-11 17:30:37.2245|Microsoft.AspNetCore.Mvc.Infrastructure.ControllerActionInvoker|TRACE|Action Filter: Before executing OnActionExecuted on filter Microsoft.AspNetCore.Mvc.Infrastructure.ModelStateInvalidFilter. | 
2024-02-11 17:30:37.2245|Microsoft.AspNetCore.Mvc.Infrastructure.ControllerActionInvoker|TRACE|Action Filter: After executing OnActionExecuted on filter Microsoft.AspNetCore.Mvc.Infrastructure.ModelStateInvalidFilter. | 
2024-02-11 17:30:37.2245|Microsoft.AspNetCore.Mvc.Infrastructure.ControllerActionInvoker|TRACE|Action Filter: Before executing OnActionExecuted on filter Microsoft.AspNetCore.Mvc.ModelBinding.UnsupportedContentTypeFilter. | 
2024-02-11 17:30:37.2245|Microsoft.AspNetCore.Mvc.Infrastructure.ControllerActionInvoker|TRACE|Action Filter: After executing OnActionExecuted on filter Microsoft.AspNetCore.Mvc.ModelBinding.UnsupportedContentTypeFilter. | 
2024-02-11 17:30:37.2245|Microsoft.AspNetCore.Mvc.Infrastructure.ControllerActionInvoker|TRACE|Result Filter: Before executing OnResultExecuting on filter Microsoft.AspNetCore.Mvc.ViewFeatures.Filters.SaveTempDataFilter. | 
2024-02-11 17:30:37.2245|Microsoft.AspNetCore.Mvc.Infrastructure.ControllerActionInvoker|TRACE|Result Filter: After executing OnResultExecuting on filter Microsoft.AspNetCore.Mvc.ViewFeatures.Filters.SaveTempDataFilter. | 
2024-02-11 17:30:37.2245|Microsoft.AspNetCore.Mvc.Infrastructure.ControllerActionInvoker|TRACE|Result Filter: Before executing OnResultExecuting on filter Microsoft.AspNetCore.Mvc.Infrastructure.ClientErrorResultFilter. | 
2024-02-11 17:30:37.2245|Microsoft.AspNetCore.Mvc.Infrastructure.ControllerActionInvoker|TRACE|Result Filter: After executing OnResultExecuting on filter Microsoft.AspNetCore.Mvc.Infrastructure.ClientErrorResultFilter. | 
2024-02-11 17:30:37.2245|Microsoft.AspNetCore.Mvc.Infrastructure.ControllerActionInvoker|TRACE|Before executing action result Microsoft.AspNetCore.Mvc.OkObjectResult. | 
2024-02-11 17:30:37.2245|Microsoft.AspNetCore.Mvc.Infrastructure.DefaultOutputFormatterSelector|DEBUG|List of registered output formatters, in the following order: Microsoft.AspNetCore.Mvc.Formatters.HttpNoContentOutputFormatter, Microsoft.AspNetCore.Mvc.Formatters.StringOutputFormatter, Microsoft.AspNetCore.Mvc.Formatters.StreamOutputFormatter, Microsoft.AspNetCore.Mvc.Formatters.NewtonsoftJsonOutputFormatter | 
2024-02-11 17:30:37.2245|Microsoft.AspNetCore.Mvc.Infrastructure.DefaultOutputFormatterSelector|DEBUG|Attempting to select an output formatter based on Accept header 'text/plain'. | 
2024-02-11 17:30:37.2245|Microsoft.AspNetCore.Mvc.Infrastructure.DefaultOutputFormatterSelector|DEBUG|Could not find an output formatter based on content negotiation. Accepted types were (text/plain) | 
2024-02-11 17:30:37.2245|Microsoft.AspNetCore.Mvc.Infrastructure.DefaultOutputFormatterSelector|DEBUG|Attempting to select an output formatter without using a content type as no explicit content types were specified for the response. | 
2024-02-11 17:30:37.2245|Microsoft.AspNetCore.Mvc.Infrastructure.DefaultOutputFormatterSelector|DEBUG|Attempting to select the first formatter in the output formatters list which can write the result. | 
2024-02-11 17:30:37.2245|Microsoft.AspNetCore.Mvc.Infrastructure.DefaultOutputFormatterSelector|DEBUG|Selected output formatter 'Microsoft.AspNetCore.Mvc.Formatters.NewtonsoftJsonOutputFormatter' and content type 'application/json' to write the response. | 
2024-02-11 17:30:37.2245|Microsoft.AspNetCore.Mvc.Infrastructure.ObjectResultExecutor|INFO|Executing OkObjectResult, writing value of type 'PiggyBankBackEnd.Entities.AimEntity'. | 
2024-02-11 17:30:37.2924|Microsoft.AspNetCore.Mvc.Infrastructure.ControllerActionInvoker|TRACE|After executing action result Microsoft.AspNetCore.Mvc.OkObjectResult. | 
2024-02-11 17:30:37.2924|Microsoft.AspNetCore.Mvc.Infrastructure.ControllerActionInvoker|TRACE|Result Filter: Before executing OnResultExecuted on filter Microsoft.AspNetCore.Mvc.Infrastructure.ClientErrorResultFilter. | 
2024-02-11 17:30:37.2924|Microsoft.AspNetCore.Mvc.Infrastructure.ControllerActionInvoker|TRACE|Result Filter: After executing OnResultExecuted on filter Microsoft.AspNetCore.Mvc.Infrastructure.ClientErrorResultFilter. | 
2024-02-11 17:30:37.2924|Microsoft.AspNetCore.Mvc.Infrastructure.ControllerActionInvoker|TRACE|Result Filter: Before executing OnResultExecuted on filter Microsoft.AspNetCore.Mvc.ViewFeatures.Filters.SaveTempDataFilter. | 
2024-02-11 17:30:37.2924|Microsoft.AspNetCore.Mvc.Infrastructure.ControllerActionInvoker|TRACE|Result Filter: After executing OnResultExecuted on filter Microsoft.AspNetCore.Mvc.ViewFeatures.Filters.SaveTempDataFilter. | 
2024-02-11 17:30:37.2924|Microsoft.AspNetCore.Mvc.Infrastructure.ControllerActionInvoker|TRACE|Resource Filter: Before executing OnResourceExecuted on filter Microsoft.AspNetCore.Mvc.ViewFeatures.Filters.SaveTempDataFilter. | 
2024-02-11 17:30:37.2924|Microsoft.AspNetCore.Mvc.Infrastructure.ControllerActionInvoker|TRACE|Resource Filter: After executing OnResourceExecuted on filter Microsoft.AspNetCore.Mvc.ViewFeatures.Filters.SaveTempDataFilter. | 
2024-02-11 17:30:37.2924|Microsoft.AspNetCore.Mvc.Infrastructure.ControllerActionInvoker|INFO|Executed action PiggyBankBackEnd.Controllers.AimController.GetAimById (PiggyBankBackEnd) in 1165.0982ms | 
2024-02-11 17:30:37.2924|Microsoft.AspNetCore.Routing.EndpointMiddleware|INFO|Executed endpoint 'PiggyBankBackEnd.Controllers.AimController.GetAimById (PiggyBankBackEnd)' | 
2024-02-11 17:30:37.2924|Microsoft.AspNetCore.Server.Kestrel.Connections|DEBUG|Connection id "0HN1B0M9VARP5" completed keep alive response. | 
2024-02-11 17:30:37.2924|Microsoft.EntityFrameworkCore.Infrastructure|DEBUG|'ApplicationDbContext' disposed. | 
2024-02-11 17:30:37.2924|Microsoft.EntityFrameworkCore.Database.Connection|DEBUG|Disposing connection to database 'PiggyBank' on server '(localdb)\MSSQLLocalDB'. | 
2024-02-11 17:30:37.2924|Microsoft.EntityFrameworkCore.Database.Connection|DEBUG|Disposed connection to database '' on server '' (0ms). | 
2024-02-11 17:30:37.2924|Microsoft.AspNetCore.Hosting.Diagnostics|INFO|Request finished HTTP/1.1 GET http://localhost:5000/api/Aim/1 - - - 200 291 application/json;+charset=utf-8 1255.0163ms | 
2024-02-11 17:31:14.5389|Microsoft.AspNetCore.Server.Kestrel.Transport.Sockets|DEBUG|Connection id "0HN1B0M9VARP6" received FIN. | 
2024-02-11 17:31:14.5389|Microsoft.AspNetCore.Server.Kestrel.Connections|DEBUG|Connection id "0HN1B0M9VARP6" disconnecting. | 
2024-02-11 17:31:14.5389|Microsoft.AspNetCore.Server.Kestrel.Transport.Sockets|DEBUG|Connection id "0HN1B0M9VARP6" sending FIN because: "The Socket transport's send loop completed gracefully." | 
2024-02-11 17:31:14.5620|Microsoft.AspNetCore.Server.Kestrel.Connections|DEBUG|Connection id "0HN1B0M9VARP6" stopped. | 
2024-02-11 17:31:45.2693|Microsoft.AspNetCore.Hosting.Diagnostics|INFO|Request starting HTTP/1.1 PUT http://localhost:5000/api/Aim/1 application/json-patch+json 144 | 
2024-02-11 17:31:45.2693|Microsoft.AspNetCore.HostFiltering.HostFilteringMiddleware|TRACE|All hosts are allowed. | 
2024-02-11 17:31:45.2693|Microsoft.AspNetCore.Routing.Matching.DfaMatcher|DEBUG|1 candidate(s) found for the request path '/api/Aim/1' | 
2024-02-11 17:31:45.2693|Microsoft.AspNetCore.Routing.Matching.DfaMatcher|DEBUG|Endpoint 'PiggyBankBackEnd.Controllers.AimController.UpdateAim (PiggyBankBackEnd)' with route pattern 'api/Aim/{id}' is valid for the request path '/api/Aim/1' | 
2024-02-11 17:31:45.2693|Microsoft.AspNetCore.Routing.EndpointRoutingMiddleware|DEBUG|Request matched endpoint 'PiggyBankBackEnd.Controllers.AimController.UpdateAim (PiggyBankBackEnd)' | 
2024-02-11 17:31:45.2693|Microsoft.AspNetCore.StaticFiles.StaticFileMiddleware|DEBUG|Static files was skipped as the request already matched an endpoint. | 
2024-02-11 17:31:45.2693|Microsoft.AspNetCore.Cors.Infrastructure.CorsService|DEBUG|The request has an origin header: 'http://localhost:5000'. | 
2024-02-11 17:31:45.2693|Microsoft.AspNetCore.Cors.Infrastructure.CorsService|INFO|CORS policy execution failed. | 
2024-02-11 17:31:45.2717|Microsoft.AspNetCore.Cors.Infrastructure.CorsService|INFO|Request origin http://localhost:5000 does not have permission to access the resource. | 
2024-02-11 17:31:45.2717|Microsoft.AspNetCore.Authentication.JwtBearer.JwtBearerHandler|DEBUG|AuthenticationScheme: Bearer was not authenticated. | 
2024-02-11 17:31:45.2717|Microsoft.AspNetCore.Routing.EndpointMiddleware|INFO|Executing endpoint 'PiggyBankBackEnd.Controllers.AimController.UpdateAim (PiggyBankBackEnd)' | 
2024-02-11 17:31:45.2717|Microsoft.AspNetCore.Mvc.Infrastructure.ControllerActionInvoker|INFO|Route matched with {action = "UpdateAim", controller = "Aim"}. Executing controller action with signature System.Threading.Tasks.Task`1[Microsoft.AspNetCore.Mvc.IActionResult] UpdateAim(Int64, PiggyBankBackEnd.DTOs.CreateUpdateAimDTO) on controller PiggyBankBackEnd.Controllers.AimController (PiggyBankBackEnd). | 
2024-02-11 17:31:45.2717|Microsoft.AspNetCore.Mvc.Infrastructure.ControllerActionInvoker|DEBUG|Execution plan of authorization filters (in the following order): None | 
2024-02-11 17:31:45.2717|Microsoft.AspNetCore.Mvc.Infrastructure.ControllerActionInvoker|DEBUG|Execution plan of resource filters (in the following order): Microsoft.AspNetCore.Mvc.ViewFeatures.Filters.SaveTempDataFilter | 
2024-02-11 17:31:45.2717|Microsoft.AspNetCore.Mvc.Infrastructure.ControllerActionInvoker|DEBUG|Execution plan of action filters (in the following order): Microsoft.AspNetCore.Mvc.ModelBinding.UnsupportedContentTypeFilter (Order: -3000), Microsoft.AspNetCore.Mvc.Infrastructure.ModelStateInvalidFilter (Order: -2000) | 
2024-02-11 17:31:45.2717|Microsoft.AspNetCore.Mvc.Infrastructure.ControllerActionInvoker|DEBUG|Execution plan of exception filters (in the following order): None | 
2024-02-11 17:31:45.2717|Microsoft.AspNetCore.Mvc.Infrastructure.ControllerActionInvoker|DEBUG|Execution plan of result filters (in the following order): Microsoft.AspNetCore.Mvc.ViewFeatures.Filters.SaveTempDataFilter, Microsoft.AspNetCore.Mvc.Infrastructure.ClientErrorResultFilter (Order: -2000) | 
2024-02-11 17:31:45.2717|Microsoft.AspNetCore.Mvc.Infrastructure.ControllerActionInvoker|TRACE|Resource Filter: Before executing OnResourceExecuting on filter Microsoft.AspNetCore.Mvc.ViewFeatures.Filters.SaveTempDataFilter. | 
2024-02-11 17:31:45.2717|Microsoft.AspNetCore.Mvc.Infrastructure.ControllerActionInvoker|TRACE|Resource Filter: After executing OnResourceExecuting on filter Microsoft.AspNetCore.Mvc.ViewFeatures.Filters.SaveTempDataFilter. | 
2024-02-11 17:31:45.2717|Microsoft.AspNetCore.Mvc.Infrastructure.ControllerActionInvoker|DEBUG|Executing controller factory for controller PiggyBankBackEnd.Controllers.AimController (PiggyBankBackEnd) | 
2024-02-11 17:31:45.2717|Microsoft.EntityFrameworkCore.Infrastructure|DEBUG|Entity Framework Core 7.0.10 initialized 'ApplicationDbContext' using provider 'Microsoft.EntityFrameworkCore.SqlServer:7.0.10' with options: None | 
2024-02-11 17:31:45.2717|Microsoft.EntityFrameworkCore.Database.Connection|DEBUG|Creating DbConnection. | 
2024-02-11 17:31:45.2717|Microsoft.EntityFrameworkCore.Database.Connection|DEBUG|Created DbConnection. (0ms). | 
2024-02-11 17:31:45.2717|Microsoft.EntityFrameworkCore.Database.Connection|DEBUG|Opening connection to database 'PiggyBank' on server '(localdb)\MSSQLLocalDB'. | 
2024-02-11 17:31:45.2717|Microsoft.EntityFrameworkCore.Database.Connection|DEBUG|Opened connection to database 'PiggyBank' on server '(localdb)\MSSQLLocalDB'. | 
2024-02-11 17:31:45.2717|Microsoft.EntityFrameworkCore.Database.Command|DEBUG|Creating DbCommand for 'ExecuteNonQuery'. | 
2024-02-11 17:31:45.2717|Microsoft.EntityFrameworkCore.Database.Command|DEBUG|Created DbCommand for 'ExecuteNonQuery' (0ms). | 
2024-02-11 17:31:45.2717|Microsoft.EntityFrameworkCore.Database.Command|DEBUG|Initialized DbCommand for 'ExecuteNonQuery' (0ms). | 
2024-02-11 17:31:45.2717|Microsoft.EntityFrameworkCore.Database.Command|DEBUG|Executing DbCommand [Parameters=[], CommandType='Text', CommandTimeout='30']
SELECT 1 | 
2024-02-11 17:31:45.2717|Microsoft.EntityFrameworkCore.Database.Command|INFO|Executed DbCommand (1ms) [Parameters=[], CommandType='Text', CommandTimeout='30']
SELECT 1 | 
2024-02-11 17:31:45.2717|Microsoft.EntityFrameworkCore.Database.Connection|DEBUG|Closing connection to database 'PiggyBank' on server '(localdb)\MSSQLLocalDB'. | 
2024-02-11 17:31:45.2717|Microsoft.EntityFrameworkCore.Database.Connection|DEBUG|Closed connection to database 'PiggyBank' on server '(localdb)\MSSQLLocalDB' (0ms). | 
2024-02-11 17:31:45.2717|Microsoft.EntityFrameworkCore.Database.Command|DEBUG|Creating DbCommand for 'ExecuteScalar'. | 
2024-02-11 17:31:45.2717|Microsoft.EntityFrameworkCore.Database.Command|DEBUG|Created DbCommand for 'ExecuteScalar' (0ms). | 
2024-02-11 17:31:45.2717|Microsoft.EntityFrameworkCore.Database.Command|DEBUG|Initialized DbCommand for 'ExecuteScalar' (0ms). | 
2024-02-11 17:31:45.2717|Microsoft.EntityFrameworkCore.Database.Connection|DEBUG|Opening connection to database 'PiggyBank' on server '(localdb)\MSSQLLocalDB'. | 
2024-02-11 17:31:45.2717|Microsoft.EntityFrameworkCore.Database.Connection|DEBUG|Opened connection to database 'PiggyBank' on server '(localdb)\MSSQLLocalDB'. | 
2024-02-11 17:31:45.2717|Microsoft.EntityFrameworkCore.Database.Command|DEBUG|Executing DbCommand [Parameters=[], CommandType='Text', CommandTimeout='30']

IF EXISTS
    (SELECT *
     FROM [sys].[objects] o
     WHERE [o].[type] = 'U'
     AND [o].[is_ms_shipped] = 0
     AND NOT EXISTS (SELECT *
         FROM [sys].[extended_properties] AS [ep]
         WHERE [ep].[major_id] = [o].[object_id]
             AND [ep].[minor_id] = 0
             AND [ep].[class] = 1
             AND [ep].[name] = N'microsoft_database_tools_support'
    )
)
SELECT 1 ELSE SELECT 0 | 
2024-02-11 17:31:45.2717|Microsoft.EntityFrameworkCore.Database.Command|INFO|Executed DbCommand (1ms) [Parameters=[], CommandType='Text', CommandTimeout='30']

IF EXISTS
    (SELECT *
     FROM [sys].[objects] o
     WHERE [o].[type] = 'U'
     AND [o].[is_ms_shipped] = 0
     AND NOT EXISTS (SELECT *
         FROM [sys].[extended_properties] AS [ep]
         WHERE [ep].[major_id] = [o].[object_id]
             AND [ep].[minor_id] = 0
             AND [ep].[class] = 1
             AND [ep].[name] = N'microsoft_database_tools_support'
    )
)
SELECT 1 ELSE SELECT 0 | 
2024-02-11 17:31:45.2867|Microsoft.EntityFrameworkCore.Database.Connection|DEBUG|Closing connection to database 'PiggyBank' on server '(localdb)\MSSQLLocalDB'. | 
2024-02-11 17:31:45.2867|Microsoft.EntityFrameworkCore.Database.Connection|DEBUG|Closed connection to database 'PiggyBank' on server '(localdb)\MSSQLLocalDB' (0ms). | 
2024-02-11 17:31:45.2867|Microsoft.AspNetCore.Mvc.Infrastructure.ControllerActionInvoker|DEBUG|Executed controller factory for controller PiggyBankBackEnd.Controllers.AimController (PiggyBankBackEnd) | 
2024-02-11 17:31:45.2867|Microsoft.AspNetCore.Mvc.ModelBinding.ParameterBinder|DEBUG|Attempting to bind parameter 'id' of type 'System.Int64' ... | 
2024-02-11 17:31:45.2867|Microsoft.AspNetCore.Mvc.ModelBinding.Binders.SimpleTypeModelBinder|DEBUG|Attempting to bind parameter 'id' of type 'System.Int64' using the name 'id' in request data ... | 
2024-02-11 17:31:45.2867|Microsoft.AspNetCore.Mvc.ModelBinding.Binders.SimpleTypeModelBinder|DEBUG|Done attempting to bind parameter 'id' of type 'System.Int64'. | 
2024-02-11 17:31:45.2867|Microsoft.AspNetCore.Mvc.ModelBinding.ParameterBinder|DEBUG|Done attempting to bind parameter 'id' of type 'System.Int64'. | 
2024-02-11 17:31:45.2867|Microsoft.AspNetCore.Mvc.ModelBinding.ParameterBinder|DEBUG|Attempting to validate the bound parameter 'id' of type 'System.Int64' ... | 
2024-02-11 17:31:45.2867|Microsoft.AspNetCore.Mvc.ModelBinding.ParameterBinder|DEBUG|Done attempting to validate the bound parameter 'id' of type 'System.Int64'. | 
2024-02-11 17:31:45.2867|Microsoft.AspNetCore.Mvc.ModelBinding.ParameterBinder|DEBUG|Attempting to bind parameter 'dto' of type 'PiggyBankBackEnd.DTOs.CreateUpdateAimDTO' ... | 
2024-02-11 17:31:45.2867|Microsoft.AspNetCore.Mvc.ModelBinding.Binders.BodyModelBinder|DEBUG|Attempting to bind parameter 'dto' of type 'PiggyBankBackEnd.DTOs.CreateUpdateAimDTO' using the name '' in request data ... | 
2024-02-11 17:31:45.2867|Microsoft.AspNetCore.Mvc.ModelBinding.Binders.BodyModelBinder|DEBUG|Rejected input formatter 'Microsoft.AspNetCore.Mvc.Formatters.NewtonsoftJsonPatchInputFormatter' for content type 'application/json-patch+json'. | 
2024-02-11 17:31:45.2867|Microsoft.AspNetCore.Mvc.ModelBinding.Binders.BodyModelBinder|DEBUG|Selected input formatter 'Microsoft.AspNetCore.Mvc.Formatters.NewtonsoftJsonInputFormatter' for content type 'application/json-patch+json'. | 
2024-02-11 17:31:45.2867|Microsoft.AspNetCore.Server.Kestrel|DEBUG|Connection id "0HN1B0M9VARP5", Request id "0HN1B0M9VARP5:00000006": started reading request body. | 
2024-02-11 17:31:45.2867|Microsoft.AspNetCore.Server.Kestrel|DEBUG|Connection id "0HN1B0M9VARP5", Request id "0HN1B0M9VARP5:00000006": done reading request body. | 
2024-02-11 17:31:45.3129|Microsoft.AspNetCore.Mvc.ModelBinding.Binders.BodyModelBinder|DEBUG|Done attempting to bind parameter 'dto' of type 'PiggyBankBackEnd.DTOs.CreateUpdateAimDTO'. | 
2024-02-11 17:31:45.3129|Microsoft.AspNetCore.Mvc.ModelBinding.ParameterBinder|DEBUG|Done attempting to bind parameter 'dto' of type 'PiggyBankBackEnd.DTOs.CreateUpdateAimDTO'. | 
2024-02-11 17:31:45.3129|Microsoft.AspNetCore.Mvc.ModelBinding.ParameterBinder|DEBUG|Attempting to validate the bound parameter 'dto' of type 'PiggyBankBackEnd.DTOs.CreateUpdateAimDTO' ... | 
2024-02-11 17:31:45.3129|Microsoft.AspNetCore.Mvc.ModelBinding.ParameterBinder|DEBUG|Done attempting to validate the bound parameter 'dto' of type 'PiggyBankBackEnd.DTOs.CreateUpdateAimDTO'. | 
2024-02-11 17:31:45.3129|Microsoft.AspNetCore.Mvc.Infrastructure.ControllerActionInvoker|TRACE|Action Filter: Before executing OnActionExecuting on filter Microsoft.AspNetCore.Mvc.ModelBinding.UnsupportedContentTypeFilter. | 
2024-02-11 17:31:45.3129|Microsoft.AspNetCore.Mvc.Infrastructure.ControllerActionInvoker|TRACE|Action Filter: After executing OnActionExecuting on filter Microsoft.AspNetCore.Mvc.ModelBinding.UnsupportedContentTypeFilter. | 
2024-02-11 17:31:45.3129|Microsoft.AspNetCore.Mvc.Infrastructure.ControllerActionInvoker|TRACE|Action Filter: Before executing OnActionExecuting on filter Microsoft.AspNetCore.Mvc.Infrastructure.ModelStateInvalidFilter. | 
2024-02-11 17:31:45.3129|Microsoft.AspNetCore.Mvc.Infrastructure.ControllerActionInvoker|TRACE|Action Filter: After executing OnActionExecuting on filter Microsoft.AspNetCore.Mvc.Infrastructure.ModelStateInvalidFilter. | 
2024-02-11 17:31:45.3129|Microsoft.AspNetCore.Mvc.Infrastructure.ControllerActionInvoker|INFO|Executing action method PiggyBankBackEnd.Controllers.AimController.UpdateAim (PiggyBankBackEnd) - Validation state: Valid | 
2024-02-11 17:31:45.3129|Microsoft.AspNetCore.Mvc.Infrastructure.ControllerActionInvoker|TRACE|Executing action method PiggyBankBackEnd.Controllers.AimController.UpdateAim (PiggyBankBackEnd) with arguments (1, PiggyBankBackEnd.DTOs.CreateUpdateAimDTO) | 
2024-02-11 17:31:45.3215|Microsoft.EntityFrameworkCore.Database.Command|DEBUG|Creating DbCommand for 'ExecuteReader'. | 
2024-02-11 17:31:45.3215|Microsoft.EntityFrameworkCore.Database.Command|DEBUG|Created DbCommand for 'ExecuteReader' (0ms). | 
2024-02-11 17:31:45.3215|Microsoft.EntityFrameworkCore.Database.Command|DEBUG|Initialized DbCommand for 'ExecuteReader' (0ms). | 
2024-02-11 17:31:45.3215|Microsoft.EntityFrameworkCore.Database.Connection|DEBUG|Opening connection to database 'PiggyBank' on server '(localdb)\MSSQLLocalDB'. | 
2024-02-11 17:31:45.3215|Microsoft.EntityFrameworkCore.Database.Connection|DEBUG|Opened connection to database 'PiggyBank' on server '(localdb)\MSSQLLocalDB'. | 
2024-02-11 17:31:45.3215|Microsoft.EntityFrameworkCore.Database.Command|DEBUG|Executing DbCommand [Parameters=[@__id_0='?' (DbType = Int64)], CommandType='Text', CommandTimeout='30']
SELECT [t].[Id], [t].[Date], [t].[Price], [t].[Title], [t].[UserId], [t].[WayOfSaving], [t].[Id0], [i].[Id], [i].[AimId], [i].[ImagePath], [t].[Name], [t].[Password]
FROM (
    SELECT TOP(1) [a].[Id], [a].[Date], [a].[Price], [a].[Title], [a].[UserId], [a].[WayOfSaving], [u].[Id] AS [Id0], [u].[Name], [u].[Password]
    FROM [Aims] AS [a]
    INNER JOIN [Users] AS [u] ON [a].[UserId] = [u].[Id]
    WHERE CAST([a].[Id] AS bigint) = @__id_0
) AS [t]
LEFT JOIN [Images] AS [i] ON [t].[Id] = [i].[AimId]
ORDER BY [t].[Id], [t].[Id0] | 
2024-02-11 17:31:45.3215|Microsoft.EntityFrameworkCore.Database.Command|INFO|Executed DbCommand (1ms) [Parameters=[@__id_0='?' (DbType = Int64)], CommandType='Text', CommandTimeout='30']
SELECT [t].[Id], [t].[Date], [t].[Price], [t].[Title], [t].[UserId], [t].[WayOfSaving], [t].[Id0], [i].[Id], [i].[AimId], [i].[ImagePath], [t].[Name], [t].[Password]
FROM (
    SELECT TOP(1) [a].[Id], [a].[Date], [a].[Price], [a].[Title], [a].[UserId], [a].[WayOfSaving], [u].[Id] AS [Id0], [u].[Name], [u].[Password]
    FROM [Aims] AS [a]
    INNER JOIN [Users] AS [u] ON [a].[UserId] = [u].[Id]
    WHERE CAST([a].[Id] AS bigint) = @__id_0
) AS [t]
LEFT JOIN [Images] AS [i] ON [t].[Id] = [i].[AimId]
ORDER BY [t].[Id], [t].[Id0] | 
2024-02-11 17:31:45.3215|Microsoft.EntityFrameworkCore.ChangeTracking|DEBUG|Context 'ApplicationDbContext' started tracking 'AimEntity' entity. Consider using 'DbContextOptionsBuilder.EnableSensitiveDataLogging' to see key values. | 
2024-02-11 17:31:45.3215|Microsoft.EntityFrameworkCore.ChangeTracking|DEBUG|The navigation 'AimEntity.User' was detected as changed. Consider using 'DbContextOptionsBuilder.EnableSensitiveDataLogging' to see key values. | 
2024-02-11 17:31:45.3215|Microsoft.EntityFrameworkCore.ChangeTracking|DEBUG|Context 'ApplicationDbContext' started tracking 'UserEntity' entity. Consider using 'DbContextOptionsBuilder.EnableSensitiveDataLogging' to see key values. | 
2024-02-11 17:31:45.3215|Microsoft.EntityFrameworkCore.ChangeTracking|DEBUG|Context 'ApplicationDbContext' started tracking 'ImageEntity' entity. Consider using 'DbContextOptionsBuilder.EnableSensitiveDataLogging' to see key values. | 
2024-02-11 17:31:45.3215|Microsoft.EntityFrameworkCore.Database.Command|DEBUG|Closing data reader to 'PiggyBank' on server '(localdb)\MSSQLLocalDB'. | 
2024-02-11 17:31:45.3215|Microsoft.EntityFrameworkCore.Database.Command|DEBUG|A data reader for 'PiggyBank' on server '(localdb)\MSSQLLocalDB' is being disposed after spending 3ms reading results. | 
2024-02-11 17:31:45.3215|Microsoft.EntityFrameworkCore.Database.Connection|DEBUG|Closing connection to database 'PiggyBank' on server '(localdb)\MSSQLLocalDB'. | 
2024-02-11 17:31:45.3215|Microsoft.EntityFrameworkCore.Database.Connection|DEBUG|Closed connection to database 'PiggyBank' on server '(localdb)\MSSQLLocalDB' (0ms). | 
2024-02-11 17:31:45.3342|Microsoft.EntityFrameworkCore.Query|DEBUG|Compiling query expression: 
'DbSet<ImageEntity>()
    .FirstOrDefault(e => EF.Property<int>(e, "Id") == __p_0)' | 
2024-02-11 17:31:45.3342|Microsoft.EntityFrameworkCore.Query|DEBUG|Generated query execution expression: 
'queryContext => ShapedQueryCompilingExpressionVisitor.SingleOrDefaultAsync<ImageEntity>(
    asyncEnumerable: new SingleQueryingEnumerable<ImageEntity>(
        (RelationalQueryContext)queryContext, 
        RelationalCommandCache.QueryExpression(
            Projection Mapping:
                EmptyProjectionMember -> Dictionary<IProperty, int> { [Property: ImageEntity.Id (int) Required PK AfterSave:Throw ValueGenerated.OnAdd, 0], [Property: ImageEntity.AimId (int?) FK Index, 1], [Property: ImageEntity.ImagePath (string) Required, 2] }
            SELECT TOP(1) i.Id, i.AimId, i.ImagePath
            FROM Images AS i
            WHERE i.Id == @__p_0), 
        null, 
        Func<QueryContext, DbDataReader, ResultContext, SingleQueryResultCoordinator, ImageEntity>, 
        PiggyBankBackEnd.Context.ApplicationDbContext, 
        False, 
        False, 
        True
    ), 
    cancellationToken: queryContext.CancellationToken)' | 
2024-02-11 17:31:45.3342|Microsoft.EntityFrameworkCore.Database.Command|DEBUG|Creating DbCommand for 'ExecuteReader'. | 
2024-02-11 17:31:45.3342|Microsoft.EntityFrameworkCore.Database.Command|DEBUG|Created DbCommand for 'ExecuteReader' (0ms). | 
2024-02-11 17:31:45.3342|Microsoft.EntityFrameworkCore.Database.Command|DEBUG|Initialized DbCommand for 'ExecuteReader' (0ms). | 
2024-02-11 17:31:45.3342|Microsoft.EntityFrameworkCore.Database.Connection|DEBUG|Opening connection to database 'PiggyBank' on server '(localdb)\MSSQLLocalDB'. | 
2024-02-11 17:31:45.3342|Microsoft.EntityFrameworkCore.Database.Connection|DEBUG|Opened connection to database 'PiggyBank' on server '(localdb)\MSSQLLocalDB'. | 
2024-02-11 17:31:45.3342|Microsoft.EntityFrameworkCore.Database.Command|DEBUG|Executing DbCommand [Parameters=[@__p_0='?' (DbType = Int32)], CommandType='Text', CommandTimeout='30']
SELECT TOP(1) [i].[Id], [i].[AimId], [i].[ImagePath]
FROM [Images] AS [i]
WHERE [i].[Id] = @__p_0 | 
2024-02-11 17:31:45.3342|Microsoft.EntityFrameworkCore.Database.Command|INFO|Executed DbCommand (2ms) [Parameters=[@__p_0='?' (DbType = Int32)], CommandType='Text', CommandTimeout='30']
SELECT TOP(1) [i].[Id], [i].[AimId], [i].[ImagePath]
FROM [Images] AS [i]
WHERE [i].[Id] = @__p_0 | 
2024-02-11 17:31:45.3342|Microsoft.EntityFrameworkCore.ChangeTracking|DEBUG|Context 'ApplicationDbContext' started tracking 'ImageEntity' entity. Consider using 'DbContextOptionsBuilder.EnableSensitiveDataLogging' to see key values. | 
2024-02-11 17:31:45.3342|Microsoft.EntityFrameworkCore.Database.Command|DEBUG|Closing data reader to 'PiggyBank' on server '(localdb)\MSSQLLocalDB'. | 
2024-02-11 17:31:45.3342|Microsoft.EntityFrameworkCore.Database.Command|DEBUG|A data reader for 'PiggyBank' on server '(localdb)\MSSQLLocalDB' is being disposed after spending 0ms reading results. | 
2024-02-11 17:31:45.3342|Microsoft.EntityFrameworkCore.Database.Connection|DEBUG|Closing connection to database 'PiggyBank' on server '(localdb)\MSSQLLocalDB'. | 
2024-02-11 17:31:45.3342|Microsoft.EntityFrameworkCore.Database.Connection|DEBUG|Closed connection to database 'PiggyBank' on server '(localdb)\MSSQLLocalDB' (0ms). | 
2024-02-11 17:31:45.3342|Microsoft.EntityFrameworkCore.Update|DEBUG|SaveChanges starting for 'ApplicationDbContext'. | 
2024-02-11 17:31:45.3342|Microsoft.EntityFrameworkCore.ChangeTracking|DEBUG|DetectChanges starting for 'ApplicationDbContext'. | 
2024-02-11 17:31:45.3512|Microsoft.EntityFrameworkCore.ChangeTracking|DEBUG|The unchanged property 'AimEntity.Date' was detected as changed and will be marked as modified. Consider using 'DbContextOptionsBuilder.EnableSensitiveDataLogging' to see property values. | 
2024-02-11 17:31:45.3512|Microsoft.EntityFrameworkCore.ChangeTracking|DEBUG|An entity of type 'AimEntity' tracked by 'ApplicationDbContext' changed state from 'Unchanged' to 'Modified'. Consider using 'DbContextOptionsBuilder.EnableSensitiveDataLogging' to see key values. | 
2024-02-11 17:31:45.3512|Microsoft.EntityFrameworkCore.ChangeTracking|DEBUG|The unchanged property 'AimEntity.Price' was detected as changed and will be marked as modified. Consider using 'DbContextOptionsBuilder.EnableSensitiveDataLogging' to see property values. | 
2024-02-11 17:31:45.3512|Microsoft.EntityFrameworkCore.ChangeTracking|DEBUG|The unchanged property 'AimEntity.Title' was detected as changed and will be marked as modified. Consider using 'DbContextOptionsBuilder.EnableSensitiveDataLogging' to see property values. | 
2024-02-11 17:31:45.3512|Microsoft.EntityFrameworkCore.ChangeTracking|DEBUG|The unchanged property 'AimEntity.WayOfSaving' was detected as changed and will be marked as modified. Consider using 'DbContextOptionsBuilder.EnableSensitiveDataLogging' to see property values. | 
2024-02-11 17:31:45.3512|Microsoft.EntityFrameworkCore.ChangeTracking|DEBUG|1 entities were added and 1 entities were removed from navigation 'AimEntity.Images'. Consider using 'DbContextOptionsBuilder.EnableSensitiveDataLogging' to see key values. | 
2024-02-11 17:31:45.3512|Microsoft.EntityFrameworkCore.ChangeTracking|DEBUG|An entity of type 'ImageEntity' tracked by 'ApplicationDbContext' changed state from 'Unchanged' to 'Modified'. Consider using 'DbContextOptionsBuilder.EnableSensitiveDataLogging' to see key values. | 
2024-02-11 17:31:45.3512|Microsoft.EntityFrameworkCore.ChangeTracking|DEBUG|The foreign key property 'ImageEntity.AimId' was detected as changed. Consider using 'DbContextOptionsBuilder.EnableSensitiveDataLogging' to see property values. | 
2024-02-11 17:31:45.3675|Microsoft.EntityFrameworkCore.ChangeTracking|DEBUG|The navigation 'ImageEntity.Aim' was detected as changed. Consider using 'DbContextOptionsBuilder.EnableSensitiveDataLogging' to see key values. | 
2024-02-11 17:31:45.3675|Microsoft.EntityFrameworkCore.ChangeTracking|DEBUG|An entity of type 'ImageEntity' tracked by 'ApplicationDbContext' changed state from 'Unchanged' to 'Modified'. Consider using 'DbContextOptionsBuilder.EnableSensitiveDataLogging' to see key values. | 
2024-02-11 17:31:45.3675|Microsoft.EntityFrameworkCore.ChangeTracking|DEBUG|The foreign key property 'ImageEntity.AimId' was detected as changed. Consider using 'DbContextOptionsBuilder.EnableSensitiveDataLogging' to see property values. | 
2024-02-11 17:31:45.3675|Microsoft.EntityFrameworkCore.ChangeTracking|DEBUG|The navigation 'ImageEntity.Aim' was detected as changed. Consider using 'DbContextOptionsBuilder.EnableSensitiveDataLogging' to see key values. | 
2024-02-11 17:31:45.3675|Microsoft.EntityFrameworkCore.ChangeTracking|DEBUG|DetectChanges completed for 'ApplicationDbContext'. | 
2024-02-11 17:31:45.4103|Microsoft.EntityFrameworkCore.Update|DEBUG|Executing 3 update commands as a batch. | 
2024-02-11 17:31:45.4123|Microsoft.EntityFrameworkCore.Database.Connection|DEBUG|Opening connection to database 'PiggyBank' on server '(localdb)\MSSQLLocalDB'. | 
2024-02-11 17:31:45.4123|Microsoft.EntityFrameworkCore.Database.Connection|DEBUG|Opened connection to database 'PiggyBank' on server '(localdb)\MSSQLLocalDB'. | 
2024-02-11 17:31:45.4123|Microsoft.EntityFrameworkCore.Database.Transaction|DEBUG|Beginning transaction with isolation level 'Unspecified'. | 
2024-02-11 17:31:45.4123|Microsoft.EntityFrameworkCore.Database.Transaction|DEBUG|Began transaction with isolation level 'ReadCommitted'. | 
2024-02-11 17:31:45.4123|Microsoft.EntityFrameworkCore.Database.Command|DEBUG|Creating DbCommand for 'ExecuteReader'. | 
2024-02-11 17:31:45.4123|Microsoft.EntityFrameworkCore.Database.Command|DEBUG|Created DbCommand for 'ExecuteReader' (0ms). | 
2024-02-11 17:31:45.4123|Microsoft.EntityFrameworkCore.Database.Command|DEBUG|Initialized DbCommand for 'ExecuteReader' (1ms). | 
2024-02-11 17:31:45.4123|Microsoft.EntityFrameworkCore.Database.Command|DEBUG|Executing DbCommand [Parameters=[@p4='?' (DbType = Int32), @p0='?' (DbType = DateTime2), @p1='?' (DbType = Double), @p2='?' (Size = 4000), @p3='?' (DbType = Int32), @p6='?' (DbType = Int32), @p5='?' (DbType = Int32), @p8='?' (DbType = Int32), @p7='?' (DbType = Int32)], CommandType='Text', CommandTimeout='30']
SET NOCOUNT ON;
UPDATE [Aims] SET [Date] = @p0, [Price] = @p1, [Title] = @p2, [WayOfSaving] = @p3
OUTPUT 1
WHERE [Id] = @p4;
UPDATE [Images] SET [AimId] = @p5
OUTPUT 1
WHERE [Id] = @p6;
UPDATE [Images] SET [AimId] = @p7
OUTPUT 1
WHERE [Id] = @p8; | 
2024-02-11 17:31:45.4123|Microsoft.EntityFrameworkCore.Database.Command|INFO|Executed DbCommand (7ms) [Parameters=[@p4='?' (DbType = Int32), @p0='?' (DbType = DateTime2), @p1='?' (DbType = Double), @p2='?' (Size = 4000), @p3='?' (DbType = Int32), @p6='?' (DbType = Int32), @p5='?' (DbType = Int32), @p8='?' (DbType = Int32), @p7='?' (DbType = Int32)], CommandType='Text', CommandTimeout='30']
SET NOCOUNT ON;
UPDATE [Aims] SET [Date] = @p0, [Price] = @p1, [Title] = @p2, [WayOfSaving] = @p3
OUTPUT 1
WHERE [Id] = @p4;
UPDATE [Images] SET [AimId] = @p5
OUTPUT 1
WHERE [Id] = @p6;
UPDATE [Images] SET [AimId] = @p7
OUTPUT 1
WHERE [Id] = @p8; | 
2024-02-11 17:31:45.4312|Microsoft.EntityFrameworkCore.Database.Command|DEBUG|Closing data reader to 'PiggyBank' on server '(localdb)\MSSQLLocalDB'. | 
2024-02-11 17:31:45.4312|Microsoft.EntityFrameworkCore.Database.Command|DEBUG|A data reader for 'PiggyBank' on server '(localdb)\MSSQLLocalDB' is being disposed after spending 3ms reading results. | 
2024-02-11 17:31:45.4312|Microsoft.EntityFrameworkCore.Database.Transaction|DEBUG|Committing transaction. | 
2024-02-11 17:31:45.4312|Microsoft.EntityFrameworkCore.Database.Transaction|DEBUG|Committed transaction. | 
2024-02-11 17:31:45.4312|Microsoft.EntityFrameworkCore.Database.Connection|DEBUG|Closing connection to database 'PiggyBank' on server '(localdb)\MSSQLLocalDB'. | 
2024-02-11 17:31:45.4312|Microsoft.EntityFrameworkCore.Database.Connection|DEBUG|Closed connection to database 'PiggyBank' on server '(localdb)\MSSQLLocalDB' (0ms). | 
2024-02-11 17:31:45.4312|Microsoft.EntityFrameworkCore.Database.Transaction|DEBUG|Disposing transaction. | 
2024-02-11 17:31:45.4312|Microsoft.EntityFrameworkCore.ChangeTracking|DEBUG|An entity of type 'AimEntity' tracked by 'ApplicationDbContext' changed state from 'Modified' to 'Unchanged'. Consider using 'DbContextOptionsBuilder.EnableSensitiveDataLogging' to see key values. | 
2024-02-11 17:31:45.4312|Microsoft.EntityFrameworkCore.ChangeTracking|DEBUG|An entity of type 'ImageEntity' tracked by 'ApplicationDbContext' changed state from 'Modified' to 'Unchanged'. Consider using 'DbContextOptionsBuilder.EnableSensitiveDataLogging' to see key values. | 
2024-02-11 17:31:45.4312|Microsoft.EntityFrameworkCore.ChangeTracking|DEBUG|An entity of type 'ImageEntity' tracked by 'ApplicationDbContext' changed state from 'Modified' to 'Unchanged'. Consider using 'DbContextOptionsBuilder.EnableSensitiveDataLogging' to see key values. | 
2024-02-11 17:31:45.4312|Microsoft.EntityFrameworkCore.Update|DEBUG|SaveChanges completed for 'ApplicationDbContext' with 3 entities written to the database. | 
2024-02-11 17:31:45.4312|Microsoft.AspNetCore.Mvc.Infrastructure.ControllerActionInvoker|INFO|Executed action method PiggyBankBackEnd.Controllers.AimController.UpdateAim (PiggyBankBackEnd), returned result Microsoft.AspNetCore.Mvc.OkObjectResult in 123.4059ms. | 
2024-02-11 17:31:45.4312|Microsoft.AspNetCore.Mvc.Infrastructure.ControllerActionInvoker|TRACE|Action Filter: Before executing OnActionExecuted on filter Microsoft.AspNetCore.Mvc.Infrastructure.ModelStateInvalidFilter. | 
2024-02-11 17:31:45.4312|Microsoft.AspNetCore.Mvc.Infrastructure.ControllerActionInvoker|TRACE|Action Filter: After executing OnActionExecuted on filter Microsoft.AspNetCore.Mvc.Infrastructure.ModelStateInvalidFilter. | 
2024-02-11 17:31:45.4312|Microsoft.AspNetCore.Mvc.Infrastructure.ControllerActionInvoker|TRACE|Action Filter: Before executing OnActionExecuted on filter Microsoft.AspNetCore.Mvc.ModelBinding.UnsupportedContentTypeFilter. | 
2024-02-11 17:31:45.4312|Microsoft.AspNetCore.Mvc.Infrastructure.ControllerActionInvoker|TRACE|Action Filter: After executing OnActionExecuted on filter Microsoft.AspNetCore.Mvc.ModelBinding.UnsupportedContentTypeFilter. | 
2024-02-11 17:31:45.4312|Microsoft.AspNetCore.Mvc.Infrastructure.ControllerActionInvoker|TRACE|Result Filter: Before executing OnResultExecuting on filter Microsoft.AspNetCore.Mvc.ViewFeatures.Filters.SaveTempDataFilter. | 
2024-02-11 17:31:45.4312|Microsoft.AspNetCore.Mvc.Infrastructure.ControllerActionInvoker|TRACE|Result Filter: After executing OnResultExecuting on filter Microsoft.AspNetCore.Mvc.ViewFeatures.Filters.SaveTempDataFilter. | 
2024-02-11 17:31:45.4312|Microsoft.AspNetCore.Mvc.Infrastructure.ControllerActionInvoker|TRACE|Result Filter: Before executing OnResultExecuting on filter Microsoft.AspNetCore.Mvc.Infrastructure.ClientErrorResultFilter. | 
2024-02-11 17:31:45.4312|Microsoft.AspNetCore.Mvc.Infrastructure.ControllerActionInvoker|TRACE|Result Filter: After executing OnResultExecuting on filter Microsoft.AspNetCore.Mvc.Infrastructure.ClientErrorResultFilter. | 
2024-02-11 17:31:45.4312|Microsoft.AspNetCore.Mvc.Infrastructure.ControllerActionInvoker|TRACE|Before executing action result Microsoft.AspNetCore.Mvc.OkObjectResult. | 
2024-02-11 17:31:45.4312|Microsoft.AspNetCore.Mvc.Infrastructure.DefaultOutputFormatterSelector|DEBUG|List of registered output formatters, in the following order: Microsoft.AspNetCore.Mvc.Formatters.HttpNoContentOutputFormatter, Microsoft.AspNetCore.Mvc.Formatters.StringOutputFormatter, Microsoft.AspNetCore.Mvc.Formatters.StreamOutputFormatter, Microsoft.AspNetCore.Mvc.Formatters.NewtonsoftJsonOutputFormatter | 
2024-02-11 17:31:45.4312|Microsoft.AspNetCore.Mvc.Infrastructure.DefaultOutputFormatterSelector|DEBUG|No information found on request to perform content negotiation. | 
2024-02-11 17:31:45.4312|Microsoft.AspNetCore.Mvc.Infrastructure.DefaultOutputFormatterSelector|DEBUG|Attempting to select an output formatter without using a content type as no explicit content types were specified for the response. | 
2024-02-11 17:31:45.4312|Microsoft.AspNetCore.Mvc.Infrastructure.DefaultOutputFormatterSelector|DEBUG|Attempting to select the first formatter in the output formatters list which can write the result. | 
2024-02-11 17:31:45.4312|Microsoft.AspNetCore.Mvc.Infrastructure.DefaultOutputFormatterSelector|DEBUG|Selected output formatter 'Microsoft.AspNetCore.Mvc.Formatters.StringOutputFormatter' and content type 'text/plain' to write the response. | 
2024-02-11 17:31:45.4312|Microsoft.AspNetCore.Mvc.Infrastructure.ObjectResultExecutor|INFO|Executing OkObjectResult, writing value of type 'System.String'. | 
2024-02-11 17:31:45.4312|Microsoft.AspNetCore.Mvc.Infrastructure.ControllerActionInvoker|TRACE|After executing action result Microsoft.AspNetCore.Mvc.OkObjectResult. | 
2024-02-11 17:31:45.4312|Microsoft.AspNetCore.Mvc.Infrastructure.ControllerActionInvoker|TRACE|Result Filter: Before executing OnResultExecuted on filter Microsoft.AspNetCore.Mvc.Infrastructure.ClientErrorResultFilter. | 
2024-02-11 17:31:45.4312|Microsoft.AspNetCore.Mvc.Infrastructure.ControllerActionInvoker|TRACE|Result Filter: After executing OnResultExecuted on filter Microsoft.AspNetCore.Mvc.Infrastructure.ClientErrorResultFilter. | 
2024-02-11 17:31:45.4312|Microsoft.AspNetCore.Mvc.Infrastructure.ControllerActionInvoker|TRACE|Result Filter: Before executing OnResultExecuted on filter Microsoft.AspNetCore.Mvc.ViewFeatures.Filters.SaveTempDataFilter. | 
2024-02-11 17:31:45.4312|Microsoft.AspNetCore.Mvc.Infrastructure.ControllerActionInvoker|TRACE|Result Filter: After executing OnResultExecuted on filter Microsoft.AspNetCore.Mvc.ViewFeatures.Filters.SaveTempDataFilter. | 
2024-02-11 17:31:45.4312|Microsoft.AspNetCore.Mvc.Infrastructure.ControllerActionInvoker|TRACE|Resource Filter: Before executing OnResourceExecuted on filter Microsoft.AspNetCore.Mvc.ViewFeatures.Filters.SaveTempDataFilter. | 
2024-02-11 17:31:45.4312|Microsoft.AspNetCore.Mvc.Infrastructure.ControllerActionInvoker|TRACE|Resource Filter: After executing OnResourceExecuted on filter Microsoft.AspNetCore.Mvc.ViewFeatures.Filters.SaveTempDataFilter. | 
2024-02-11 17:31:45.4312|Microsoft.AspNetCore.Mvc.Infrastructure.ControllerActionInvoker|INFO|Executed action PiggyBankBackEnd.Controllers.AimController.UpdateAim (PiggyBankBackEnd) in 165.9481ms | 
2024-02-11 17:31:45.4312|Microsoft.AspNetCore.Routing.EndpointMiddleware|INFO|Executed endpoint 'PiggyBankBackEnd.Controllers.AimController.UpdateAim (PiggyBankBackEnd)' | 
2024-02-11 17:31:45.4312|Microsoft.AspNetCore.Server.Kestrel.Connections|DEBUG|Connection id "0HN1B0M9VARP5" completed keep alive response. | 
2024-02-11 17:31:45.4312|Microsoft.EntityFrameworkCore.Infrastructure|DEBUG|'ApplicationDbContext' disposed. | 
2024-02-11 17:31:45.4312|Microsoft.EntityFrameworkCore.Database.Connection|DEBUG|Disposing connection to database 'PiggyBank' on server '(localdb)\MSSQLLocalDB'. | 
2024-02-11 17:31:45.4312|Microsoft.EntityFrameworkCore.Database.Connection|DEBUG|Disposed connection to database '' on server '' (0ms). | 
2024-02-11 17:31:45.4312|Microsoft.AspNetCore.Hosting.Diagnostics|INFO|Request finished HTTP/1.1 PUT http://localhost:5000/api/Aim/1 application/json-patch+json 144 - 200 - text/plain;+charset=utf-8 173.5154ms | 
2024-02-11 17:31:54.2727|Microsoft.AspNetCore.Hosting.Diagnostics|INFO|Request starting HTTP/1.1 GET http://localhost:5000/api/Aim/1 - - | 
2024-02-11 17:31:54.2727|Microsoft.AspNetCore.HostFiltering.HostFilteringMiddleware|TRACE|All hosts are allowed. | 
2024-02-11 17:31:54.2727|Microsoft.AspNetCore.Routing.Matching.DfaMatcher|DEBUG|1 candidate(s) found for the request path '/api/Aim/1' | 
2024-02-11 17:31:54.2727|Microsoft.AspNetCore.Routing.Matching.DfaMatcher|DEBUG|Endpoint 'PiggyBankBackEnd.Controllers.AimController.GetAimById (PiggyBankBackEnd)' with route pattern 'api/Aim/{id}' is valid for the request path '/api/Aim/1' | 
2024-02-11 17:31:54.2727|Microsoft.AspNetCore.Routing.EndpointRoutingMiddleware|DEBUG|Request matched endpoint 'PiggyBankBackEnd.Controllers.AimController.GetAimById (PiggyBankBackEnd)' | 
2024-02-11 17:31:54.2727|Microsoft.AspNetCore.StaticFiles.StaticFileMiddleware|DEBUG|Static files was skipped as the request already matched an endpoint. | 
2024-02-11 17:31:54.2727|Microsoft.AspNetCore.Authentication.JwtBearer.JwtBearerHandler|DEBUG|AuthenticationScheme: Bearer was not authenticated. | 
2024-02-11 17:31:54.2727|Microsoft.AspNetCore.Routing.EndpointMiddleware|INFO|Executing endpoint 'PiggyBankBackEnd.Controllers.AimController.GetAimById (PiggyBankBackEnd)' | 
2024-02-11 17:31:54.2727|Microsoft.AspNetCore.Mvc.Infrastructure.ControllerActionInvoker|INFO|Route matched with {action = "GetAimById", controller = "Aim"}. Executing controller action with signature System.Threading.Tasks.Task`1[Microsoft.AspNetCore.Mvc.ActionResult`1[PiggyBankBackEnd.Entities.AimEntity]] GetAimById(Int64) on controller PiggyBankBackEnd.Controllers.AimController (PiggyBankBackEnd). | 
2024-02-11 17:31:54.2727|Microsoft.AspNetCore.Mvc.Infrastructure.ControllerActionInvoker|DEBUG|Execution plan of authorization filters (in the following order): None | 
2024-02-11 17:31:54.2727|Microsoft.AspNetCore.Mvc.Infrastructure.ControllerActionInvoker|DEBUG|Execution plan of resource filters (in the following order): Microsoft.AspNetCore.Mvc.ViewFeatures.Filters.SaveTempDataFilter | 
2024-02-11 17:31:54.2727|Microsoft.AspNetCore.Mvc.Infrastructure.ControllerActionInvoker|DEBUG|Execution plan of action filters (in the following order): Microsoft.AspNetCore.Mvc.ModelBinding.UnsupportedContentTypeFilter (Order: -3000), Microsoft.AspNetCore.Mvc.Infrastructure.ModelStateInvalidFilter (Order: -2000) | 
2024-02-11 17:31:54.2727|Microsoft.AspNetCore.Mvc.Infrastructure.ControllerActionInvoker|DEBUG|Execution plan of exception filters (in the following order): None | 
2024-02-11 17:31:54.2727|Microsoft.AspNetCore.Mvc.Infrastructure.ControllerActionInvoker|DEBUG|Execution plan of result filters (in the following order): Microsoft.AspNetCore.Mvc.ViewFeatures.Filters.SaveTempDataFilter, Microsoft.AspNetCore.Mvc.Infrastructure.ClientErrorResultFilter (Order: -2000) | 
2024-02-11 17:31:54.2727|Microsoft.AspNetCore.Mvc.Infrastructure.ControllerActionInvoker|TRACE|Resource Filter: Before executing OnResourceExecuting on filter Microsoft.AspNetCore.Mvc.ViewFeatures.Filters.SaveTempDataFilter. | 
2024-02-11 17:31:54.2727|Microsoft.AspNetCore.Mvc.Infrastructure.ControllerActionInvoker|TRACE|Resource Filter: After executing OnResourceExecuting on filter Microsoft.AspNetCore.Mvc.ViewFeatures.Filters.SaveTempDataFilter. | 
2024-02-11 17:31:54.2727|Microsoft.AspNetCore.Mvc.Infrastructure.ControllerActionInvoker|DEBUG|Executing controller factory for controller PiggyBankBackEnd.Controllers.AimController (PiggyBankBackEnd) | 
2024-02-11 17:31:54.3179|Microsoft.EntityFrameworkCore.Infrastructure|DEBUG|Entity Framework Core 7.0.10 initialized 'ApplicationDbContext' using provider 'Microsoft.EntityFrameworkCore.SqlServer:7.0.10' with options: None | 
2024-02-11 17:31:54.3221|Microsoft.EntityFrameworkCore.Database.Connection|DEBUG|Creating DbConnection. | 
2024-02-11 17:31:54.3221|Microsoft.EntityFrameworkCore.Database.Connection|DEBUG|Created DbConnection. (0ms). | 
2024-02-11 17:31:54.3221|Microsoft.EntityFrameworkCore.Database.Connection|DEBUG|Opening connection to database 'PiggyBank' on server '(localdb)\MSSQLLocalDB'. | 
2024-02-11 17:31:54.3221|Microsoft.EntityFrameworkCore.Database.Connection|DEBUG|Opened connection to database 'PiggyBank' on server '(localdb)\MSSQLLocalDB'. | 
2024-02-11 17:31:54.3221|Microsoft.EntityFrameworkCore.Database.Command|DEBUG|Creating DbCommand for 'ExecuteNonQuery'. | 
2024-02-11 17:31:54.3221|Microsoft.EntityFrameworkCore.Database.Command|DEBUG|Created DbCommand for 'ExecuteNonQuery' (0ms). | 
2024-02-11 17:31:54.3221|Microsoft.EntityFrameworkCore.Database.Command|DEBUG|Initialized DbCommand for 'ExecuteNonQuery' (0ms). | 
2024-02-11 17:31:54.3221|Microsoft.EntityFrameworkCore.Database.Command|DEBUG|Executing DbCommand [Parameters=[], CommandType='Text', CommandTimeout='30']
SELECT 1 | 
2024-02-11 17:31:54.3221|Microsoft.EntityFrameworkCore.Database.Command|INFO|Executed DbCommand (0ms) [Parameters=[], CommandType='Text', CommandTimeout='30']
SELECT 1 | 
2024-02-11 17:31:54.3221|Microsoft.EntityFrameworkCore.Database.Connection|DEBUG|Closing connection to database 'PiggyBank' on server '(localdb)\MSSQLLocalDB'. | 
2024-02-11 17:31:54.3221|Microsoft.EntityFrameworkCore.Database.Connection|DEBUG|Closed connection to database 'PiggyBank' on server '(localdb)\MSSQLLocalDB' (0ms). | 
2024-02-11 17:31:54.3221|Microsoft.EntityFrameworkCore.Database.Command|DEBUG|Creating DbCommand for 'ExecuteScalar'. | 
2024-02-11 17:31:54.3221|Microsoft.EntityFrameworkCore.Database.Command|DEBUG|Created DbCommand for 'ExecuteScalar' (0ms). | 
2024-02-11 17:31:54.3221|Microsoft.EntityFrameworkCore.Database.Command|DEBUG|Initialized DbCommand for 'ExecuteScalar' (0ms). | 
2024-02-11 17:31:54.3221|Microsoft.EntityFrameworkCore.Database.Connection|DEBUG|Opening connection to database 'PiggyBank' on server '(localdb)\MSSQLLocalDB'. | 
2024-02-11 17:31:54.3221|Microsoft.EntityFrameworkCore.Database.Connection|DEBUG|Opened connection to database 'PiggyBank' on server '(localdb)\MSSQLLocalDB'. | 
2024-02-11 17:31:54.3221|Microsoft.EntityFrameworkCore.Database.Command|DEBUG|Executing DbCommand [Parameters=[], CommandType='Text', CommandTimeout='30']

IF EXISTS
    (SELECT *
     FROM [sys].[objects] o
     WHERE [o].[type] = 'U'
     AND [o].[is_ms_shipped] = 0
     AND NOT EXISTS (SELECT *
         FROM [sys].[extended_properties] AS [ep]
         WHERE [ep].[major_id] = [o].[object_id]
             AND [ep].[minor_id] = 0
             AND [ep].[class] = 1
             AND [ep].[name] = N'microsoft_database_tools_support'
    )
)
SELECT 1 ELSE SELECT 0 | 
2024-02-11 17:31:54.3221|Microsoft.EntityFrameworkCore.Database.Command|INFO|Executed DbCommand (1ms) [Parameters=[], CommandType='Text', CommandTimeout='30']

IF EXISTS
    (SELECT *
     FROM [sys].[objects] o
     WHERE [o].[type] = 'U'
     AND [o].[is_ms_shipped] = 0
     AND NOT EXISTS (SELECT *
         FROM [sys].[extended_properties] AS [ep]
         WHERE [ep].[major_id] = [o].[object_id]
             AND [ep].[minor_id] = 0
             AND [ep].[class] = 1
             AND [ep].[name] = N'microsoft_database_tools_support'
    )
)
SELECT 1 ELSE SELECT 0 | 
2024-02-11 17:31:54.3221|Microsoft.EntityFrameworkCore.Database.Connection|DEBUG|Closing connection to database 'PiggyBank' on server '(localdb)\MSSQLLocalDB'. | 
2024-02-11 17:31:54.3221|Microsoft.EntityFrameworkCore.Database.Connection|DEBUG|Closed connection to database 'PiggyBank' on server '(localdb)\MSSQLLocalDB' (0ms). | 
2024-02-11 17:31:54.3221|Microsoft.AspNetCore.Mvc.Infrastructure.ControllerActionInvoker|DEBUG|Executed controller factory for controller PiggyBankBackEnd.Controllers.AimController (PiggyBankBackEnd) | 
2024-02-11 17:31:54.3221|Microsoft.AspNetCore.Mvc.ModelBinding.ParameterBinder|DEBUG|Attempting to bind parameter 'id' of type 'System.Int64' ... | 
2024-02-11 17:31:54.3221|Microsoft.AspNetCore.Mvc.ModelBinding.Binders.SimpleTypeModelBinder|DEBUG|Attempting to bind parameter 'id' of type 'System.Int64' using the name 'id' in request data ... | 
2024-02-11 17:31:54.3221|Microsoft.AspNetCore.Mvc.ModelBinding.Binders.SimpleTypeModelBinder|DEBUG|Done attempting to bind parameter 'id' of type 'System.Int64'. | 
2024-02-11 17:31:54.3221|Microsoft.AspNetCore.Mvc.ModelBinding.ParameterBinder|DEBUG|Done attempting to bind parameter 'id' of type 'System.Int64'. | 
2024-02-11 17:31:54.3221|Microsoft.AspNetCore.Mvc.ModelBinding.ParameterBinder|DEBUG|Attempting to validate the bound parameter 'id' of type 'System.Int64' ... | 
2024-02-11 17:31:54.3221|Microsoft.AspNetCore.Mvc.ModelBinding.ParameterBinder|DEBUG|Done attempting to validate the bound parameter 'id' of type 'System.Int64'. | 
2024-02-11 17:31:54.3221|Microsoft.AspNetCore.Mvc.Infrastructure.ControllerActionInvoker|TRACE|Action Filter: Before executing OnActionExecuting on filter Microsoft.AspNetCore.Mvc.ModelBinding.UnsupportedContentTypeFilter. | 
2024-02-11 17:31:54.3221|Microsoft.AspNetCore.Mvc.Infrastructure.ControllerActionInvoker|TRACE|Action Filter: After executing OnActionExecuting on filter Microsoft.AspNetCore.Mvc.ModelBinding.UnsupportedContentTypeFilter. | 
2024-02-11 17:31:54.3221|Microsoft.AspNetCore.Mvc.Infrastructure.ControllerActionInvoker|TRACE|Action Filter: Before executing OnActionExecuting on filter Microsoft.AspNetCore.Mvc.Infrastructure.ModelStateInvalidFilter. | 
2024-02-11 17:31:54.3221|Microsoft.AspNetCore.Mvc.Infrastructure.ControllerActionInvoker|TRACE|Action Filter: After executing OnActionExecuting on filter Microsoft.AspNetCore.Mvc.Infrastructure.ModelStateInvalidFilter. | 
2024-02-11 17:31:54.3221|Microsoft.AspNetCore.Mvc.Infrastructure.ControllerActionInvoker|INFO|Executing action method PiggyBankBackEnd.Controllers.AimController.GetAimById (PiggyBankBackEnd) - Validation state: Valid | 
2024-02-11 17:31:54.3221|Microsoft.AspNetCore.Mvc.Infrastructure.ControllerActionInvoker|TRACE|Executing action method PiggyBankBackEnd.Controllers.AimController.GetAimById (PiggyBankBackEnd) with arguments (1) | 
2024-02-11 17:31:54.3221|Microsoft.EntityFrameworkCore.Database.Command|DEBUG|Creating DbCommand for 'ExecuteReader'. | 
2024-02-11 17:31:54.3221|Microsoft.EntityFrameworkCore.Database.Command|DEBUG|Created DbCommand for 'ExecuteReader' (0ms). | 
2024-02-11 17:31:54.3221|Microsoft.EntityFrameworkCore.Database.Command|DEBUG|Initialized DbCommand for 'ExecuteReader' (0ms). | 
2024-02-11 17:31:54.3221|Microsoft.EntityFrameworkCore.Database.Connection|DEBUG|Opening connection to database 'PiggyBank' on server '(localdb)\MSSQLLocalDB'. | 
2024-02-11 17:31:54.3221|Microsoft.EntityFrameworkCore.Database.Connection|DEBUG|Opened connection to database 'PiggyBank' on server '(localdb)\MSSQLLocalDB'. | 
2024-02-11 17:31:54.3221|Microsoft.EntityFrameworkCore.Database.Command|DEBUG|Executing DbCommand [Parameters=[@__id_0='?' (DbType = Int64)], CommandType='Text', CommandTimeout='30']
SELECT [t].[Id], [t].[Date], [t].[Price], [t].[Title], [t].[UserId], [t].[WayOfSaving], [t].[Id0], [i].[Id], [i].[AimId], [i].[ImagePath], [t].[Name], [t].[Password]
FROM (
    SELECT TOP(1) [a].[Id], [a].[Date], [a].[Price], [a].[Title], [a].[UserId], [a].[WayOfSaving], [u].[Id] AS [Id0], [u].[Name], [u].[Password]
    FROM [Aims] AS [a]
    INNER JOIN [Users] AS [u] ON [a].[UserId] = [u].[Id]
    WHERE CAST([a].[Id] AS bigint) = @__id_0
) AS [t]
LEFT JOIN [Images] AS [i] ON [t].[Id] = [i].[AimId]
ORDER BY [t].[Id], [t].[Id0] | 
2024-02-11 17:31:54.3221|Microsoft.EntityFrameworkCore.Database.Command|INFO|Executed DbCommand (1ms) [Parameters=[@__id_0='?' (DbType = Int64)], CommandType='Text', CommandTimeout='30']
SELECT [t].[Id], [t].[Date], [t].[Price], [t].[Title], [t].[UserId], [t].[WayOfSaving], [t].[Id0], [i].[Id], [i].[AimId], [i].[ImagePath], [t].[Name], [t].[Password]
FROM (
    SELECT TOP(1) [a].[Id], [a].[Date], [a].[Price], [a].[Title], [a].[UserId], [a].[WayOfSaving], [u].[Id] AS [Id0], [u].[Name], [u].[Password]
    FROM [Aims] AS [a]
    INNER JOIN [Users] AS [u] ON [a].[UserId] = [u].[Id]
    WHERE CAST([a].[Id] AS bigint) = @__id_0
) AS [t]
LEFT JOIN [Images] AS [i] ON [t].[Id] = [i].[AimId]
ORDER BY [t].[Id], [t].[Id0] | 
2024-02-11 17:31:54.3221|Microsoft.EntityFrameworkCore.ChangeTracking|DEBUG|Context 'ApplicationDbContext' started tracking 'AimEntity' entity. Consider using 'DbContextOptionsBuilder.EnableSensitiveDataLogging' to see key values. | 
2024-02-11 17:31:54.3221|Microsoft.EntityFrameworkCore.ChangeTracking|DEBUG|The navigation 'AimEntity.User' was detected as changed. Consider using 'DbContextOptionsBuilder.EnableSensitiveDataLogging' to see key values. | 
2024-02-11 17:31:54.3221|Microsoft.EntityFrameworkCore.ChangeTracking|DEBUG|Context 'ApplicationDbContext' started tracking 'UserEntity' entity. Consider using 'DbContextOptionsBuilder.EnableSensitiveDataLogging' to see key values. | 
2024-02-11 17:31:54.3221|Microsoft.EntityFrameworkCore.ChangeTracking|DEBUG|Context 'ApplicationDbContext' started tracking 'ImageEntity' entity. Consider using 'DbContextOptionsBuilder.EnableSensitiveDataLogging' to see key values. | 
2024-02-11 17:31:54.3221|Microsoft.EntityFrameworkCore.Database.Command|DEBUG|Closing data reader to 'PiggyBank' on server '(localdb)\MSSQLLocalDB'. | 
2024-02-11 17:31:54.3221|Microsoft.EntityFrameworkCore.Database.Command|DEBUG|A data reader for 'PiggyBank' on server '(localdb)\MSSQLLocalDB' is being disposed after spending 0ms reading results. | 
2024-02-11 17:31:54.3221|Microsoft.EntityFrameworkCore.Database.Connection|DEBUG|Closing connection to database 'PiggyBank' on server '(localdb)\MSSQLLocalDB'. | 
2024-02-11 17:31:54.3221|Microsoft.EntityFrameworkCore.Database.Connection|DEBUG|Closed connection to database 'PiggyBank' on server '(localdb)\MSSQLLocalDB' (0ms). | 
2024-02-11 17:31:54.3221|Microsoft.AspNetCore.Mvc.Infrastructure.ControllerActionInvoker|INFO|Executed action method PiggyBankBackEnd.Controllers.AimController.GetAimById (PiggyBankBackEnd), returned result Microsoft.AspNetCore.Mvc.OkObjectResult in 3.5889ms. | 
2024-02-11 17:31:54.3221|Microsoft.AspNetCore.Mvc.Infrastructure.ControllerActionInvoker|TRACE|Action Filter: Before executing OnActionExecuted on filter Microsoft.AspNetCore.Mvc.Infrastructure.ModelStateInvalidFilter. | 
2024-02-11 17:31:54.3221|Microsoft.AspNetCore.Mvc.Infrastructure.ControllerActionInvoker|TRACE|Action Filter: After executing OnActionExecuted on filter Microsoft.AspNetCore.Mvc.Infrastructure.ModelStateInvalidFilter. | 
2024-02-11 17:31:54.3221|Microsoft.AspNetCore.Mvc.Infrastructure.ControllerActionInvoker|TRACE|Action Filter: Before executing OnActionExecuted on filter Microsoft.AspNetCore.Mvc.ModelBinding.UnsupportedContentTypeFilter. | 
2024-02-11 17:31:54.3221|Microsoft.AspNetCore.Mvc.Infrastructure.ControllerActionInvoker|TRACE|Action Filter: After executing OnActionExecuted on filter Microsoft.AspNetCore.Mvc.ModelBinding.UnsupportedContentTypeFilter. | 
2024-02-11 17:31:54.3221|Microsoft.AspNetCore.Mvc.Infrastructure.ControllerActionInvoker|TRACE|Result Filter: Before executing OnResultExecuting on filter Microsoft.AspNetCore.Mvc.ViewFeatures.Filters.SaveTempDataFilter. | 
2024-02-11 17:31:54.3221|Microsoft.AspNetCore.Mvc.Infrastructure.ControllerActionInvoker|TRACE|Result Filter: After executing OnResultExecuting on filter Microsoft.AspNetCore.Mvc.ViewFeatures.Filters.SaveTempDataFilter. | 
2024-02-11 17:31:54.3221|Microsoft.AspNetCore.Mvc.Infrastructure.ControllerActionInvoker|TRACE|Result Filter: Before executing OnResultExecuting on filter Microsoft.AspNetCore.Mvc.Infrastructure.ClientErrorResultFilter. | 
2024-02-11 17:31:54.3221|Microsoft.AspNetCore.Mvc.Infrastructure.ControllerActionInvoker|TRACE|Result Filter: After executing OnResultExecuting on filter Microsoft.AspNetCore.Mvc.Infrastructure.ClientErrorResultFilter. | 
2024-02-11 17:31:54.3221|Microsoft.AspNetCore.Mvc.Infrastructure.ControllerActionInvoker|TRACE|Before executing action result Microsoft.AspNetCore.Mvc.OkObjectResult. | 
2024-02-11 17:31:54.3221|Microsoft.AspNetCore.Mvc.Infrastructure.DefaultOutputFormatterSelector|DEBUG|List of registered output formatters, in the following order: Microsoft.AspNetCore.Mvc.Formatters.HttpNoContentOutputFormatter, Microsoft.AspNetCore.Mvc.Formatters.StringOutputFormatter, Microsoft.AspNetCore.Mvc.Formatters.StreamOutputFormatter, Microsoft.AspNetCore.Mvc.Formatters.NewtonsoftJsonOutputFormatter | 
2024-02-11 17:31:54.3221|Microsoft.AspNetCore.Mvc.Infrastructure.DefaultOutputFormatterSelector|DEBUG|Attempting to select an output formatter based on Accept header 'text/plain'. | 
2024-02-11 17:31:54.3221|Microsoft.AspNetCore.Mvc.Infrastructure.DefaultOutputFormatterSelector|DEBUG|Could not find an output formatter based on content negotiation. Accepted types were (text/plain) | 
2024-02-11 17:31:54.3221|Microsoft.AspNetCore.Mvc.Infrastructure.DefaultOutputFormatterSelector|DEBUG|Attempting to select an output formatter without using a content type as no explicit content types were specified for the response. | 
2024-02-11 17:31:54.3221|Microsoft.AspNetCore.Mvc.Infrastructure.DefaultOutputFormatterSelector|DEBUG|Attempting to select the first formatter in the output formatters list which can write the result. | 
2024-02-11 17:31:54.3221|Microsoft.AspNetCore.Mvc.Infrastructure.DefaultOutputFormatterSelector|DEBUG|Selected output formatter 'Microsoft.AspNetCore.Mvc.Formatters.NewtonsoftJsonOutputFormatter' and content type 'application/json' to write the response. | 
2024-02-11 17:31:54.3221|Microsoft.AspNetCore.Mvc.Infrastructure.ObjectResultExecutor|INFO|Executing OkObjectResult, writing value of type 'PiggyBankBackEnd.Entities.AimEntity'. | 
2024-02-11 17:31:54.3221|Microsoft.AspNetCore.Mvc.Infrastructure.ControllerActionInvoker|TRACE|After executing action result Microsoft.AspNetCore.Mvc.OkObjectResult. | 
2024-02-11 17:31:54.3221|Microsoft.AspNetCore.Mvc.Infrastructure.ControllerActionInvoker|TRACE|Result Filter: Before executing OnResultExecuted on filter Microsoft.AspNetCore.Mvc.Infrastructure.ClientErrorResultFilter. | 
2024-02-11 17:31:54.3221|Microsoft.AspNetCore.Mvc.Infrastructure.ControllerActionInvoker|TRACE|Result Filter: After executing OnResultExecuted on filter Microsoft.AspNetCore.Mvc.Infrastructure.ClientErrorResultFilter. | 
2024-02-11 17:31:54.3221|Microsoft.AspNetCore.Mvc.Infrastructure.ControllerActionInvoker|TRACE|Result Filter: Before executing OnResultExecuted on filter Microsoft.AspNetCore.Mvc.ViewFeatures.Filters.SaveTempDataFilter. | 
2024-02-11 17:31:54.3221|Microsoft.AspNetCore.Mvc.Infrastructure.ControllerActionInvoker|TRACE|Result Filter: After executing OnResultExecuted on filter Microsoft.AspNetCore.Mvc.ViewFeatures.Filters.SaveTempDataFilter. | 
2024-02-11 17:31:54.3221|Microsoft.AspNetCore.Mvc.Infrastructure.ControllerActionInvoker|TRACE|Resource Filter: Before executing OnResourceExecuted on filter Microsoft.AspNetCore.Mvc.ViewFeatures.Filters.SaveTempDataFilter. | 
2024-02-11 17:31:54.3221|Microsoft.AspNetCore.Mvc.Infrastructure.ControllerActionInvoker|TRACE|Resource Filter: After executing OnResourceExecuted on filter Microsoft.AspNetCore.Mvc.ViewFeatures.Filters.SaveTempDataFilter. | 
2024-02-11 17:31:54.3221|Microsoft.AspNetCore.Mvc.Infrastructure.ControllerActionInvoker|INFO|Executed action PiggyBankBackEnd.Controllers.AimController.GetAimById (PiggyBankBackEnd) in 54.8396ms | 
2024-02-11 17:31:54.3221|Microsoft.AspNetCore.Routing.EndpointMiddleware|INFO|Executed endpoint 'PiggyBankBackEnd.Controllers.AimController.GetAimById (PiggyBankBackEnd)' | 
2024-02-11 17:31:54.3221|Microsoft.AspNetCore.Server.Kestrel.Connections|DEBUG|Connection id "0HN1B0M9VARP5" completed keep alive response. | 
2024-02-11 17:31:54.3221|Microsoft.EntityFrameworkCore.Infrastructure|DEBUG|'ApplicationDbContext' disposed. | 
2024-02-11 17:31:54.3221|Microsoft.EntityFrameworkCore.Database.Connection|DEBUG|Disposing connection to database 'PiggyBank' on server '(localdb)\MSSQLLocalDB'. | 
2024-02-11 17:31:54.3221|Microsoft.EntityFrameworkCore.Database.Connection|DEBUG|Disposed connection to database '' on server '' (0ms). | 
2024-02-11 17:31:54.3221|Microsoft.AspNetCore.Hosting.Diagnostics|INFO|Request finished HTTP/1.1 GET http://localhost:5000/api/Aim/1 - - - 200 297 application/json;+charset=utf-8 57.4224ms | 
2024-02-11 17:36:56.0921|Microsoft.AspNetCore.Server.Kestrel.Transport.Sockets|DEBUG|Connection id "0HN1B0M9VARP5" received FIN. | 
2024-02-11 17:36:56.0921|Microsoft.AspNetCore.Server.Kestrel.Connections|DEBUG|Connection id "0HN1B0M9VARP5" disconnecting. | 
2024-02-11 17:36:56.0921|Microsoft.AspNetCore.Server.Kestrel.Connections|DEBUG|Connection id "0HN1B0M9VARP5" stopped. | 
2024-02-11 17:36:56.0921|Microsoft.AspNetCore.Server.Kestrel.Transport.Sockets|DEBUG|Connection id "0HN1B0M9VARP5" sending FIN because: "The Socket transport's send loop completed gracefully." | 
