2024-01-21 20:39:21.5404|Program|DEBUG|Program initialisation | 
2024-01-21 20:39:21.5404|Microsoft.Extensions.Hosting.Internal.Host|DEBUG|Hosting starting | 
2024-01-21 20:39:21.5611|Microsoft.AspNetCore.DataProtection.KeyManagement.XmlKeyManager|INFO|User profile is available. Using 'C:\Users\Yulia\AppData\Local\ASP.NET\DataProtection-Keys' as key repository and Windows DPAPI to encrypt keys at rest. | 
2024-01-21 20:39:21.5611|Microsoft.AspNetCore.DataProtection.Repositories.FileSystemXmlRepository|DEBUG|Reading data from file 'C:\Users\Yulia\AppData\Local\ASP.NET\DataProtection-Keys\key-03f48be6-6eba-4f09-a62b-0dac1b4d7346.xml'. | 
2024-01-21 20:39:21.5686|Microsoft.AspNetCore.DataProtection.KeyManagement.XmlKeyManager|DEBUG|Found key {03f48be6-6eba-4f09-a62b-0dac1b4d7346}. | 
2024-01-21 20:39:21.5686|Microsoft.AspNetCore.DataProtection.KeyManagement.DefaultKeyResolver|DEBUG|Considering key {03f48be6-6eba-4f09-a62b-0dac1b4d7346} with expiration date 2024-04-06 09:25:04Z as default key. | 
2024-01-21 20:39:21.5686|Microsoft.AspNetCore.DataProtection.TypeForwardingActivator|DEBUG|Forwarded activator type request from Microsoft.AspNetCore.DataProtection.XmlEncryption.DpapiXmlDecryptor, Microsoft.AspNetCore.DataProtection, Version=7.0.0.0, Culture=neutral, PublicKeyToken=adb9793829ddae60 to Microsoft.AspNetCore.DataProtection.XmlEncryption.DpapiXmlDecryptor, Microsoft.AspNetCore.DataProtection, Culture=neutral, PublicKeyToken=adb9793829ddae60 | 
2024-01-21 20:39:21.5686|Microsoft.AspNetCore.DataProtection.XmlEncryption.DpapiXmlDecryptor|DEBUG|Decrypting secret element using Windows DPAPI. | 
2024-01-21 20:39:21.5686|Microsoft.AspNetCore.DataProtection.TypeForwardingActivator|DEBUG|Forwarded activator type request from Microsoft.AspNetCore.DataProtection.AuthenticatedEncryption.ConfigurationModel.AuthenticatedEncryptorDescriptorDeserializer, Microsoft.AspNetCore.DataProtection, Version=7.0.0.0, Culture=neutral, PublicKeyToken=adb9793829ddae60 to Microsoft.AspNetCore.DataProtection.AuthenticatedEncryption.ConfigurationModel.AuthenticatedEncryptorDescriptorDeserializer, Microsoft.AspNetCore.DataProtection, Culture=neutral, PublicKeyToken=adb9793829ddae60 | 
2024-01-21 20:39:21.5816|Microsoft.AspNetCore.DataProtection.AuthenticatedEncryption.CngCbcAuthenticatedEncryptorFactory|DEBUG|Opening CNG algorithm 'AES' from provider '(null)' with chaining mode CBC. | 
2024-01-21 20:39:21.5816|Microsoft.AspNetCore.DataProtection.AuthenticatedEncryption.CngCbcAuthenticatedEncryptorFactory|DEBUG|Opening CNG algorithm 'SHA256' from provider '(null)' with HMAC. | 
2024-01-21 20:39:21.5816|Microsoft.AspNetCore.DataProtection.KeyManagement.KeyRingProvider|DEBUG|Using key {03f48be6-6eba-4f09-a62b-0dac1b4d7346} as the default key. | 
2024-01-21 20:39:21.5816|Microsoft.AspNetCore.DataProtection.Internal.DataProtectionHostedService|DEBUG|Key ring with default key {03f48be6-6eba-4f09-a62b-0dac1b4d7346} was loaded during application startup. | 
2024-01-21 20:39:21.6715|Microsoft.Hosting.Lifetime|INFO|Now listening on: http://localhost:5000 | 
2024-01-21 20:39:21.6715|Microsoft.AspNetCore.Hosting.Diagnostics|DEBUG|Loaded hosting startup assembly PiggyBankBackEnd | 
2024-01-21 20:39:21.6715|Microsoft.AspNetCore.Hosting.Diagnostics|DEBUG|Loaded hosting startup assembly Microsoft.AspNetCore.Watch.BrowserRefresh | 
2024-01-21 20:39:21.6715|Microsoft.AspNetCore.Hosting.Diagnostics|DEBUG|Loaded hosting startup assembly Microsoft.WebTools.BrowserLink.Net | 
2024-01-21 20:39:21.6759|Microsoft.Hosting.Lifetime|INFO|Application started. Press Ctrl+C to shut down. | 
2024-01-21 20:39:21.6759|Microsoft.Hosting.Lifetime|INFO|Hosting environment: Development | 
2024-01-21 20:39:21.6759|Microsoft.Hosting.Lifetime|INFO|Content root path: F:\Yulya\repos\PiggyBank\PiggyBankBackEnd | 
2024-01-21 20:39:21.6759|Microsoft.Extensions.Hosting.Internal.Host|DEBUG|Hosting started | 
2024-01-21 20:39:22.1031|Microsoft.AspNetCore.Server.Kestrel.Connections|DEBUG|Connection id "0HN0QJU2ND1RD" accepted. | 
2024-01-21 20:39:22.1031|Microsoft.AspNetCore.Server.Kestrel.Connections|DEBUG|Connection id "0HN0QJU2ND1RE" accepted. | 
2024-01-21 20:39:22.1031|Microsoft.AspNetCore.Server.Kestrel.Connections|DEBUG|Connection id "0HN0QJU2ND1RD" started. | 
2024-01-21 20:39:22.1031|Microsoft.AspNetCore.Server.Kestrel.Connections|DEBUG|Connection id "0HN0QJU2ND1RE" started. | 
2024-01-21 20:39:22.1245|Microsoft.AspNetCore.Server.Kestrel.Transport.Sockets|DEBUG|Connection id "0HN0QJU2ND1RE" received FIN. | 
2024-01-21 20:39:22.1245|Microsoft.AspNetCore.Server.Kestrel.Transport.Sockets|DEBUG|Connection id "0HN0QJU2ND1RD" received FIN. | 
2024-01-21 20:39:22.1245|Microsoft.AspNetCore.Server.Kestrel.Transport.Sockets|DEBUG|Connection id "0HN0QJU2ND1RD" sending FIN because: "The Socket transport's send loop completed gracefully." | 
2024-01-21 20:39:22.1245|Microsoft.AspNetCore.Server.Kestrel.Transport.Sockets|DEBUG|Connection id "0HN0QJU2ND1RE" sending FIN because: "The Socket transport's send loop completed gracefully." | 
2024-01-21 20:39:22.1245|Microsoft.AspNetCore.Server.Kestrel.Connections|DEBUG|Connection id "0HN0QJU2ND1RD" disconnecting. | 
2024-01-21 20:39:22.1245|Microsoft.AspNetCore.Server.Kestrel.Connections|DEBUG|Connection id "0HN0QJU2ND1RE" disconnecting. | 
2024-01-21 20:39:22.1245|Microsoft.AspNetCore.Server.Kestrel.Connections|DEBUG|Connection id "0HN0QJU2ND1RD" stopped. | 
2024-01-21 20:39:22.1301|Microsoft.AspNetCore.Server.Kestrel.Connections|DEBUG|Connection id "0HN0QJU2ND1RE" stopped. | 
2024-01-21 20:39:36.7631|Microsoft.AspNetCore.Server.Kestrel.Connections|DEBUG|Connection id "0HN0QJU2ND1RF" accepted. | 
2024-01-21 20:39:36.7631|Microsoft.AspNetCore.Server.Kestrel.Connections|DEBUG|Connection id "0HN0QJU2ND1RF" started. | 
2024-01-21 20:39:36.7631|Microsoft.AspNetCore.Server.Kestrel.Connections|DEBUG|Connection id "0HN0QJU2ND1RG" accepted. | 
2024-01-21 20:39:36.7631|Microsoft.AspNetCore.Server.Kestrel.Connections|DEBUG|Connection id "0HN0QJU2ND1RG" started. | 
2024-01-21 20:39:36.7921|Microsoft.AspNetCore.Hosting.Diagnostics|INFO|Request starting HTTP/1.1 GET http://localhost:5000/swagger/index.html - - | 
2024-01-21 20:39:36.8703|Microsoft.AspNetCore.HostFiltering.HostFilteringMiddleware|DEBUG|Wildcard detected, all requests with hosts will be allowed. | 
2024-01-21 20:39:36.8703|Microsoft.AspNetCore.HostFiltering.HostFilteringMiddleware|TRACE|All hosts are allowed. | 
2024-01-21 20:39:36.8877|Microsoft.AspNetCore.Routing.Matching.DfaMatcher|DEBUG|No candidates found for the request path '/swagger/index.html' | 
2024-01-21 20:39:36.8877|Microsoft.AspNetCore.Routing.EndpointRoutingMiddleware|DEBUG|Request did not match any endpoints | 
2024-01-21 20:39:36.9801|Microsoft.AspNetCore.Watch.BrowserRefresh.BrowserRefreshMiddleware|DEBUG|Response markup is scheduled to include browser refresh script injection. | 
2024-01-21 20:39:36.9917|Microsoft.AspNetCore.Watch.BrowserRefresh.BrowserRefreshMiddleware|DEBUG|Response markup was updated to include browser refresh script injection. | 
2024-01-21 20:39:36.9917|Microsoft.AspNetCore.Server.Kestrel.Connections|DEBUG|Connection id "0HN0QJU2ND1RF" completed keep alive response. | 
2024-01-21 20:39:36.9917|Microsoft.AspNetCore.Hosting.Diagnostics|INFO|Request finished HTTP/1.1 GET http://localhost:5000/swagger/index.html - - - 200 - text/html;charset=utf-8 203.1859ms | 
2024-01-21 20:39:37.0219|Microsoft.AspNetCore.Hosting.Diagnostics|INFO|Request starting HTTP/1.1 GET http://localhost:5000/_framework/aspnetcore-browser-refresh.js - - | 
2024-01-21 20:39:37.0219|Microsoft.AspNetCore.Server.Kestrel.Connections|DEBUG|Connection id "0HN0QJU2ND1RF" completed keep alive response. | 
2024-01-21 20:39:37.0219|Microsoft.AspNetCore.Hosting.Diagnostics|INFO|Request finished HTTP/1.1 GET http://localhost:5000/_framework/aspnetcore-browser-refresh.js - - - 200 13768 application/javascript;+charset=utf-8 2.0883ms | 
2024-01-21 20:39:37.0219|Microsoft.AspNetCore.Hosting.Diagnostics|INFO|Request starting HTTP/1.1 GET http://localhost:5000/_vs/browserLink - - | 
2024-01-21 20:39:37.0622|Microsoft.AspNetCore.Server.Kestrel.Connections|DEBUG|Connection id "0HN0QJU2ND1RF" completed keep alive response. | 
2024-01-21 20:39:37.0622|Microsoft.AspNetCore.Hosting.Diagnostics|INFO|Request finished HTTP/1.1 GET http://localhost:5000/_vs/browserLink - - - 200 - text/javascript;+charset=UTF-8 27.5626ms | 
2024-01-21 20:39:37.1406|Microsoft.AspNetCore.Hosting.Diagnostics|INFO|Request starting HTTP/1.1 GET http://localhost:5000/swagger/v1/swagger.json - - | 
2024-01-21 20:39:37.1406|Microsoft.AspNetCore.HostFiltering.HostFilteringMiddleware|TRACE|All hosts are allowed. | 
2024-01-21 20:39:37.1406|Microsoft.AspNetCore.Routing.Matching.DfaMatcher|DEBUG|No candidates found for the request path '/swagger/v1/swagger.json' | 
2024-01-21 20:39:37.1406|Microsoft.AspNetCore.Routing.EndpointRoutingMiddleware|DEBUG|Request did not match any endpoints | 
2024-01-21 20:39:37.2184|Microsoft.AspNetCore.Server.Kestrel.Connections|DEBUG|Connection id "0HN0QJU2ND1RF" completed keep alive response. | 
2024-01-21 20:39:37.2184|Microsoft.AspNetCore.Hosting.Diagnostics|INFO|Request finished HTTP/1.1 GET http://localhost:5000/swagger/v1/swagger.json - - - 200 - application/json;charset=utf-8 78.0263ms | 
2024-01-21 20:39:59.7221|Microsoft.AspNetCore.Hosting.Diagnostics|INFO|Request starting HTTP/1.1 POST http://localhost:5000/api/User application/json-patch+json 47 | 
2024-01-21 20:39:59.7224|Microsoft.AspNetCore.HostFiltering.HostFilteringMiddleware|TRACE|All hosts are allowed. | 
2024-01-21 20:39:59.7224|Microsoft.AspNetCore.Routing.Matching.DfaMatcher|DEBUG|1 candidate(s) found for the request path '/api/User' | 
2024-01-21 20:39:59.7224|Microsoft.AspNetCore.Routing.Matching.DfaMatcher|DEBUG|Endpoint 'PiggyBankBackEnd.Controllers.UserController.CreateUser (PiggyBankBackEnd)' with route pattern 'api/User' is valid for the request path '/api/User' | 
2024-01-21 20:39:59.7224|Microsoft.AspNetCore.Routing.EndpointRoutingMiddleware|DEBUG|Request matched endpoint 'PiggyBankBackEnd.Controllers.UserController.CreateUser (PiggyBankBackEnd)' | 
2024-01-21 20:39:59.7224|Microsoft.AspNetCore.StaticFiles.StaticFileMiddleware|DEBUG|Static files was skipped as the request already matched an endpoint. | 
2024-01-21 20:39:59.7224|Microsoft.AspNetCore.Cors.Infrastructure.CorsService|DEBUG|The request has an origin header: 'http://localhost:5000'. | 
2024-01-21 20:39:59.7224|Microsoft.AspNetCore.Cors.Infrastructure.CorsService|INFO|CORS policy execution failed. | 
2024-01-21 20:39:59.7224|Microsoft.AspNetCore.Cors.Infrastructure.CorsService|INFO|Request origin http://localhost:5000 does not have permission to access the resource. | 
2024-01-21 20:39:59.7224|Microsoft.AspNetCore.HttpsPolicy.HttpsRedirectionMiddleware|WARN|Failed to determine the https port for redirect. | 
2024-01-21 20:39:59.7848|Microsoft.AspNetCore.Authentication.JwtBearer.JwtBearerHandler|DEBUG|AuthenticationScheme: Bearer was not authenticated. | 
2024-01-21 20:39:59.7848|Microsoft.AspNetCore.Routing.EndpointMiddleware|INFO|Executing endpoint 'PiggyBankBackEnd.Controllers.UserController.CreateUser (PiggyBankBackEnd)' | 
2024-01-21 20:39:59.7848|Microsoft.AspNetCore.Mvc.Infrastructure.ControllerActionInvoker|INFO|Route matched with {action = "CreateUser", controller = "User"}. Executing controller action with signature System.Threading.Tasks.Task`1[Microsoft.AspNetCore.Mvc.IActionResult] CreateUser(PiggyBankBackEnd.DTOs.CreateUpdateUserDTO) on controller PiggyBankBackEnd.Controllers.UserController (PiggyBankBackEnd). | 
2024-01-21 20:39:59.8048|Microsoft.AspNetCore.Mvc.Infrastructure.ControllerActionInvoker|DEBUG|Execution plan of authorization filters (in the following order): None | 
2024-01-21 20:39:59.8048|Microsoft.AspNetCore.Mvc.Infrastructure.ControllerActionInvoker|DEBUG|Execution plan of resource filters (in the following order): Microsoft.AspNetCore.Mvc.ViewFeatures.Filters.SaveTempDataFilter | 
2024-01-21 20:39:59.8048|Microsoft.AspNetCore.Mvc.Infrastructure.ControllerActionInvoker|DEBUG|Execution plan of action filters (in the following order): Microsoft.AspNetCore.Mvc.ModelBinding.UnsupportedContentTypeFilter (Order: -3000), Microsoft.AspNetCore.Mvc.Infrastructure.ModelStateInvalidFilter (Order: -2000) | 
2024-01-21 20:39:59.8048|Microsoft.AspNetCore.Mvc.Infrastructure.ControllerActionInvoker|DEBUG|Execution plan of exception filters (in the following order): None | 
2024-01-21 20:39:59.8048|Microsoft.AspNetCore.Mvc.Infrastructure.ControllerActionInvoker|DEBUG|Execution plan of result filters (in the following order): Microsoft.AspNetCore.Mvc.ViewFeatures.Filters.SaveTempDataFilter, Microsoft.AspNetCore.Mvc.Infrastructure.ClientErrorResultFilter (Order: -2000) | 
2024-01-21 20:39:59.8048|Microsoft.AspNetCore.Mvc.Infrastructure.ControllerActionInvoker|TRACE|Resource Filter: Before executing OnResourceExecuting on filter Microsoft.AspNetCore.Mvc.ViewFeatures.Filters.SaveTempDataFilter. | 
2024-01-21 20:39:59.8048|Microsoft.AspNetCore.Mvc.Infrastructure.ControllerActionInvoker|TRACE|Resource Filter: After executing OnResourceExecuting on filter Microsoft.AspNetCore.Mvc.ViewFeatures.Filters.SaveTempDataFilter. | 
2024-01-21 20:39:59.8048|Microsoft.AspNetCore.Mvc.Infrastructure.ControllerActionInvoker|DEBUG|Executing controller factory for controller PiggyBankBackEnd.Controllers.UserController (PiggyBankBackEnd) | 
2024-01-21 20:39:59.8818|Microsoft.EntityFrameworkCore.Infrastructure|DEBUG|An 'IServiceProvider' was created for internal use by Entity Framework. | 
2024-01-21 20:40:00.2542|Microsoft.EntityFrameworkCore.Infrastructure|DEBUG|Entity Framework Core 7.0.10 initialized 'ApplicationDbContext' using provider 'Microsoft.EntityFrameworkCore.SqlServer:7.0.10' with options: None | 
2024-01-21 20:40:00.2672|Microsoft.EntityFrameworkCore.Database.Connection|DEBUG|Creating DbConnection. | 
2024-01-21 20:40:00.2950|Microsoft.EntityFrameworkCore.Database.Connection|DEBUG|Created DbConnection. (27ms). | 
2024-01-21 20:40:00.2950|Microsoft.EntityFrameworkCore.Database.Connection|DEBUG|Opening connection to database 'PiggyBank' on server '(localdb)\MSSQLLocalDB'. | 
2024-01-21 20:40:00.5264|Microsoft.EntityFrameworkCore.Database.Connection|DEBUG|Opened connection to database 'PiggyBank' on server '(localdb)\MSSQLLocalDB'. | 
2024-01-21 20:40:00.5264|Microsoft.EntityFrameworkCore.Database.Command|DEBUG|Creating DbCommand for 'ExecuteNonQuery'. | 
2024-01-21 20:40:00.5264|Microsoft.EntityFrameworkCore.Database.Command|DEBUG|Created DbCommand for 'ExecuteNonQuery' (2ms). | 
2024-01-21 20:40:00.5264|Microsoft.EntityFrameworkCore.Database.Command|DEBUG|Initialized DbCommand for 'ExecuteNonQuery' (5ms). | 
2024-01-21 20:40:00.5264|Microsoft.EntityFrameworkCore.Database.Command|DEBUG|Executing DbCommand [Parameters=[], CommandType='Text', CommandTimeout='30']
SELECT 1 | 
2024-01-21 20:40:00.5522|Microsoft.EntityFrameworkCore.Database.Command|INFO|Executed DbCommand (14ms) [Parameters=[], CommandType='Text', CommandTimeout='30']
SELECT 1 | 
2024-01-21 20:40:00.5522|Microsoft.EntityFrameworkCore.Database.Connection|DEBUG|Closing connection to database 'PiggyBank' on server '(localdb)\MSSQLLocalDB'. | 
2024-01-21 20:40:00.5583|Microsoft.EntityFrameworkCore.Database.Connection|DEBUG|Closed connection to database 'PiggyBank' on server '(localdb)\MSSQLLocalDB' (3ms). | 
2024-01-21 20:40:00.5779|Microsoft.EntityFrameworkCore.Database.Connection|DEBUG|Creating DbConnection. | 
2024-01-21 20:40:00.5779|Microsoft.EntityFrameworkCore.Database.Connection|DEBUG|Created DbConnection. (0ms). | 
2024-01-21 20:40:00.5779|Microsoft.EntityFrameworkCore.Database.Connection|DEBUG|Opening connection to database 'master' on server '(localdb)\MSSQLLocalDB'. | 
2024-01-21 20:40:00.5779|Microsoft.EntityFrameworkCore.Database.Connection|DEBUG|Opened connection to database 'master' on server '(localdb)\MSSQLLocalDB'. | 
2024-01-21 20:40:00.5844|Microsoft.EntityFrameworkCore.Database.Command|DEBUG|Creating DbCommand for 'ExecuteNonQuery'. | 
2024-01-21 20:40:00.5844|Microsoft.EntityFrameworkCore.Database.Command|DEBUG|Created DbCommand for 'ExecuteNonQuery' (0ms). | 
2024-01-21 20:40:00.5844|Microsoft.EntityFrameworkCore.Database.Command|DEBUG|Initialized DbCommand for 'ExecuteNonQuery' (0ms). | 
2024-01-21 20:40:00.5844|Microsoft.EntityFrameworkCore.Database.Command|DEBUG|Executing DbCommand [Parameters=[], CommandType='Text', CommandTimeout='60']
IF SERVERPROPERTY('EngineEdition') <> 5
BEGIN
    ALTER DATABASE [PiggyBank] SET SINGLE_USER WITH ROLLBACK IMMEDIATE;
END; | 
2024-01-21 20:40:00.5844|Microsoft.EntityFrameworkCore.Database.Command|INFO|Executed DbCommand (2ms) [Parameters=[], CommandType='Text', CommandTimeout='60']
IF SERVERPROPERTY('EngineEdition') <> 5
BEGIN
    ALTER DATABASE [PiggyBank] SET SINGLE_USER WITH ROLLBACK IMMEDIATE;
END; | 
2024-01-21 20:40:00.5844|Microsoft.EntityFrameworkCore.Database.Command|DEBUG|Creating DbCommand for 'ExecuteNonQuery'. | 
2024-01-21 20:40:00.5844|Microsoft.EntityFrameworkCore.Database.Command|DEBUG|Created DbCommand for 'ExecuteNonQuery' (0ms). | 
2024-01-21 20:40:00.5844|Microsoft.EntityFrameworkCore.Database.Command|DEBUG|Initialized DbCommand for 'ExecuteNonQuery' (0ms). | 
2024-01-21 20:40:00.5844|Microsoft.EntityFrameworkCore.Database.Command|DEBUG|Executing DbCommand [Parameters=[], CommandType='Text', CommandTimeout='60']
DROP DATABASE [PiggyBank]; | 
2024-01-21 20:40:00.5844|Microsoft.EntityFrameworkCore.Database.Command|INFO|Executed DbCommand (10ms) [Parameters=[], CommandType='Text', CommandTimeout='60']
DROP DATABASE [PiggyBank]; | 
2024-01-21 20:40:00.5844|Microsoft.EntityFrameworkCore.Database.Connection|DEBUG|Closing connection to database 'master' on server '(localdb)\MSSQLLocalDB'. | 
2024-01-21 20:40:00.5844|Microsoft.EntityFrameworkCore.Database.Connection|DEBUG|Closed connection to database 'master' on server '(localdb)\MSSQLLocalDB' (0ms). | 
2024-01-21 20:40:00.5844|Microsoft.EntityFrameworkCore.Database.Connection|DEBUG|Disposing connection to database 'master' on server '(localdb)\MSSQLLocalDB'. | 
2024-01-21 20:40:00.5844|Microsoft.EntityFrameworkCore.Database.Connection|DEBUG|Disposed connection to database '' on server '' (0ms). | 
2024-01-21 20:40:00.5844|Microsoft.EntityFrameworkCore.Database.Connection|DEBUG|Opening connection to database 'PiggyBank' on server '(localdb)\MSSQLLocalDB'. | 
2024-01-21 20:40:00.6079|Microsoft.EntityFrameworkCore.Database.Connection|DEBUG|An error occurred using the connection to database 'PiggyBank' on server '(localdb)\MSSQLLocalDB'. | 
2024-01-21 20:40:00.6197|Microsoft.EntityFrameworkCore.Database.Connection|DEBUG|Creating DbConnection. | 
2024-01-21 20:40:00.6197|Microsoft.EntityFrameworkCore.Database.Connection|DEBUG|Created DbConnection. (0ms). | 
2024-01-21 20:40:00.6197|Microsoft.EntityFrameworkCore.Database.Connection|DEBUG|Opening connection to database 'master' on server '(localdb)\MSSQLLocalDB'. | 
2024-01-21 20:40:00.6197|Microsoft.EntityFrameworkCore.Database.Connection|DEBUG|Opened connection to database 'master' on server '(localdb)\MSSQLLocalDB'. | 
2024-01-21 20:40:00.6197|Microsoft.EntityFrameworkCore.Database.Command|DEBUG|Creating DbCommand for 'ExecuteNonQuery'. | 
2024-01-21 20:40:00.6197|Microsoft.EntityFrameworkCore.Database.Command|DEBUG|Created DbCommand for 'ExecuteNonQuery' (0ms). | 
2024-01-21 20:40:00.6197|Microsoft.EntityFrameworkCore.Database.Command|DEBUG|Initialized DbCommand for 'ExecuteNonQuery' (0ms). | 
2024-01-21 20:40:00.6197|Microsoft.EntityFrameworkCore.Database.Command|DEBUG|Executing DbCommand [Parameters=[], CommandType='Text', CommandTimeout='60']
CREATE DATABASE [PiggyBank]; | 
2024-01-21 20:40:00.7367|Microsoft.EntityFrameworkCore.Database.Command|INFO|Executed DbCommand (116ms) [Parameters=[], CommandType='Text', CommandTimeout='60']
CREATE DATABASE [PiggyBank]; | 
2024-01-21 20:40:00.7367|Microsoft.EntityFrameworkCore.Database.Command|DEBUG|Creating DbCommand for 'ExecuteNonQuery'. | 
2024-01-21 20:40:00.7367|Microsoft.EntityFrameworkCore.Database.Command|DEBUG|Created DbCommand for 'ExecuteNonQuery' (0ms). | 
2024-01-21 20:40:00.7367|Microsoft.EntityFrameworkCore.Database.Command|DEBUG|Initialized DbCommand for 'ExecuteNonQuery' (0ms). | 
2024-01-21 20:40:00.7367|Microsoft.EntityFrameworkCore.Database.Command|DEBUG|Executing DbCommand [Parameters=[], CommandType='Text', CommandTimeout='60']
IF SERVERPROPERTY('EngineEdition') <> 5
BEGIN
    ALTER DATABASE [PiggyBank] SET READ_COMMITTED_SNAPSHOT ON;
END; | 
2024-01-21 20:40:00.7658|Microsoft.EntityFrameworkCore.Database.Command|INFO|Executed DbCommand (29ms) [Parameters=[], CommandType='Text', CommandTimeout='60']
IF SERVERPROPERTY('EngineEdition') <> 5
BEGIN
    ALTER DATABASE [PiggyBank] SET READ_COMMITTED_SNAPSHOT ON;
END; | 
2024-01-21 20:40:00.7658|Microsoft.EntityFrameworkCore.Database.Connection|DEBUG|Closing connection to database 'master' on server '(localdb)\MSSQLLocalDB'. | 
2024-01-21 20:40:00.7658|Microsoft.EntityFrameworkCore.Database.Connection|DEBUG|Closed connection to database 'master' on server '(localdb)\MSSQLLocalDB' (0ms). | 
2024-01-21 20:40:00.7658|Microsoft.EntityFrameworkCore.Database.Connection|DEBUG|Disposing connection to database 'master' on server '(localdb)\MSSQLLocalDB'. | 
2024-01-21 20:40:00.7658|Microsoft.EntityFrameworkCore.Database.Connection|DEBUG|Disposed connection to database '' on server '' (0ms). | 
2024-01-21 20:40:00.7658|Microsoft.EntityFrameworkCore.Database.Connection|DEBUG|Opening connection to database 'PiggyBank' on server '(localdb)\MSSQLLocalDB'. | 
2024-01-21 20:40:00.7658|Microsoft.EntityFrameworkCore.Database.Connection|DEBUG|Opened connection to database 'PiggyBank' on server '(localdb)\MSSQLLocalDB'. | 
2024-01-21 20:40:00.7658|Microsoft.EntityFrameworkCore.Database.Command|DEBUG|Creating DbCommand for 'ExecuteNonQuery'. | 
2024-01-21 20:40:00.7658|Microsoft.EntityFrameworkCore.Database.Command|DEBUG|Created DbCommand for 'ExecuteNonQuery' (0ms). | 
2024-01-21 20:40:00.7658|Microsoft.EntityFrameworkCore.Database.Command|DEBUG|Initialized DbCommand for 'ExecuteNonQuery' (0ms). | 
2024-01-21 20:40:00.7658|Microsoft.EntityFrameworkCore.Database.Command|DEBUG|Executing DbCommand [Parameters=[], CommandType='Text', CommandTimeout='30']
SELECT 1 | 
2024-01-21 20:40:00.7658|Microsoft.EntityFrameworkCore.Database.Command|INFO|Executed DbCommand (0ms) [Parameters=[], CommandType='Text', CommandTimeout='30']
SELECT 1 | 
2024-01-21 20:40:00.7658|Microsoft.EntityFrameworkCore.Database.Connection|DEBUG|Closing connection to database 'PiggyBank' on server '(localdb)\MSSQLLocalDB'. | 
2024-01-21 20:40:00.7658|Microsoft.EntityFrameworkCore.Database.Connection|DEBUG|Closed connection to database 'PiggyBank' on server '(localdb)\MSSQLLocalDB' (0ms). | 
2024-01-21 20:40:00.8083|Microsoft.EntityFrameworkCore.Database.Connection|DEBUG|Opening connection to database 'PiggyBank' on server '(localdb)\MSSQLLocalDB'. | 
2024-01-21 20:40:00.8083|Microsoft.EntityFrameworkCore.Database.Connection|DEBUG|Opened connection to database 'PiggyBank' on server '(localdb)\MSSQLLocalDB'. | 
2024-01-21 20:40:00.8083|Microsoft.EntityFrameworkCore.Database.Transaction|DEBUG|Beginning transaction with isolation level 'Unspecified'. | 
2024-01-21 20:40:00.8083|Microsoft.EntityFrameworkCore.Database.Transaction|DEBUG|Began transaction with isolation level 'ReadCommitted'. | 
2024-01-21 20:40:00.8083|Microsoft.EntityFrameworkCore.Database.Command|DEBUG|Creating DbCommand for 'ExecuteNonQuery'. | 
2024-01-21 20:40:00.8083|Microsoft.EntityFrameworkCore.Database.Command|DEBUG|Created DbCommand for 'ExecuteNonQuery' (0ms). | 
2024-01-21 20:40:00.8083|Microsoft.EntityFrameworkCore.Database.Command|DEBUG|Initialized DbCommand for 'ExecuteNonQuery' (0ms). | 
2024-01-21 20:40:00.8083|Microsoft.EntityFrameworkCore.Database.Command|DEBUG|Executing DbCommand [Parameters=[], CommandType='Text', CommandTimeout='30']
CREATE TABLE [Users] (
    [Id] int NOT NULL IDENTITY,
    [Name] nvarchar(max) NOT NULL,
    [Password] nvarchar(max) NOT NULL,
    CONSTRAINT [PK_Users] PRIMARY KEY ([Id])
); | 
2024-01-21 20:40:00.8083|Microsoft.EntityFrameworkCore.Database.Command|INFO|Executed DbCommand (4ms) [Parameters=[], CommandType='Text', CommandTimeout='30']
CREATE TABLE [Users] (
    [Id] int NOT NULL IDENTITY,
    [Name] nvarchar(max) NOT NULL,
    [Password] nvarchar(max) NOT NULL,
    CONSTRAINT [PK_Users] PRIMARY KEY ([Id])
); | 
2024-01-21 20:40:00.8180|Microsoft.EntityFrameworkCore.Database.Command|DEBUG|Creating DbCommand for 'ExecuteNonQuery'. | 
2024-01-21 20:40:00.8180|Microsoft.EntityFrameworkCore.Database.Command|DEBUG|Created DbCommand for 'ExecuteNonQuery' (0ms). | 
2024-01-21 20:40:00.8180|Microsoft.EntityFrameworkCore.Database.Command|DEBUG|Initialized DbCommand for 'ExecuteNonQuery' (0ms). | 
2024-01-21 20:40:00.8180|Microsoft.EntityFrameworkCore.Database.Command|DEBUG|Executing DbCommand [Parameters=[], CommandType='Text', CommandTimeout='30']
CREATE TABLE [Aims] (
    [Id] int NOT NULL IDENTITY,
    [Title] nvarchar(max) NOT NULL,
    [Price] float NOT NULL,
    [Date] datetime2 NOT NULL,
    [PicturePath] nvarchar(max) NOT NULL,
    [WayOfSaving] int NOT NULL,
    [UserId] int NOT NULL,
    CONSTRAINT [PK_Aims] PRIMARY KEY ([Id]),
    CONSTRAINT [FK_Aims_Users_UserId] FOREIGN KEY ([UserId]) REFERENCES [Users] ([Id]) ON DELETE CASCADE
); | 
2024-01-21 20:40:00.8180|Microsoft.EntityFrameworkCore.Database.Command|INFO|Executed DbCommand (2ms) [Parameters=[], CommandType='Text', CommandTimeout='30']
CREATE TABLE [Aims] (
    [Id] int NOT NULL IDENTITY,
    [Title] nvarchar(max) NOT NULL,
    [Price] float NOT NULL,
    [Date] datetime2 NOT NULL,
    [PicturePath] nvarchar(max) NOT NULL,
    [WayOfSaving] int NOT NULL,
    [UserId] int NOT NULL,
    CONSTRAINT [PK_Aims] PRIMARY KEY ([Id]),
    CONSTRAINT [FK_Aims_Users_UserId] FOREIGN KEY ([UserId]) REFERENCES [Users] ([Id]) ON DELETE CASCADE
); | 
2024-01-21 20:40:00.8180|Microsoft.EntityFrameworkCore.Database.Command|DEBUG|Creating DbCommand for 'ExecuteNonQuery'. | 
2024-01-21 20:40:00.8180|Microsoft.EntityFrameworkCore.Database.Command|DEBUG|Created DbCommand for 'ExecuteNonQuery' (0ms). | 
2024-01-21 20:40:00.8180|Microsoft.EntityFrameworkCore.Database.Command|DEBUG|Initialized DbCommand for 'ExecuteNonQuery' (0ms). | 
2024-01-21 20:40:00.8180|Microsoft.EntityFrameworkCore.Database.Command|DEBUG|Executing DbCommand [Parameters=[], CommandType='Text', CommandTimeout='30']
CREATE INDEX [IX_Aims_UserId] ON [Aims] ([UserId]); | 
2024-01-21 20:40:00.8180|Microsoft.EntityFrameworkCore.Database.Command|INFO|Executed DbCommand (1ms) [Parameters=[], CommandType='Text', CommandTimeout='30']
CREATE INDEX [IX_Aims_UserId] ON [Aims] ([UserId]); | 
2024-01-21 20:40:00.8180|Microsoft.EntityFrameworkCore.Database.Transaction|DEBUG|Committing transaction. | 
2024-01-21 20:40:00.8180|Microsoft.EntityFrameworkCore.Database.Transaction|DEBUG|Committed transaction. | 
2024-01-21 20:40:00.8180|Microsoft.EntityFrameworkCore.Database.Transaction|DEBUG|Disposing transaction. | 
2024-01-21 20:40:00.8180|Microsoft.EntityFrameworkCore.Database.Connection|DEBUG|Closing connection to database 'PiggyBank' on server '(localdb)\MSSQLLocalDB'. | 
2024-01-21 20:40:00.8180|Microsoft.EntityFrameworkCore.Database.Connection|DEBUG|Closed connection to database 'PiggyBank' on server '(localdb)\MSSQLLocalDB' (0ms). | 
2024-01-21 20:40:00.8180|Microsoft.AspNetCore.Mvc.Infrastructure.ControllerActionInvoker|DEBUG|Executed controller factory for controller PiggyBankBackEnd.Controllers.UserController (PiggyBankBackEnd) | 
2024-01-21 20:40:00.8180|Microsoft.AspNetCore.Mvc.ModelBinding.ParameterBinder|DEBUG|Attempting to bind parameter 'dto' of type 'PiggyBankBackEnd.DTOs.CreateUpdateUserDTO' ... | 
2024-01-21 20:40:00.8180|Microsoft.AspNetCore.Mvc.ModelBinding.Binders.BodyModelBinder|DEBUG|Attempting to bind parameter 'dto' of type 'PiggyBankBackEnd.DTOs.CreateUpdateUserDTO' using the name '' in request data ... | 
2024-01-21 20:40:00.8180|Microsoft.AspNetCore.Mvc.ModelBinding.Binders.BodyModelBinder|DEBUG|Rejected input formatter 'Microsoft.AspNetCore.Mvc.Formatters.NewtonsoftJsonPatchInputFormatter' for content type 'application/json-patch+json'. | 
2024-01-21 20:40:00.8180|Microsoft.AspNetCore.Mvc.ModelBinding.Binders.BodyModelBinder|DEBUG|Selected input formatter 'Microsoft.AspNetCore.Mvc.Formatters.NewtonsoftJsonInputFormatter' for content type 'application/json-patch+json'. | 
2024-01-21 20:40:00.8351|Microsoft.AspNetCore.Server.Kestrel|DEBUG|Connection id "0HN0QJU2ND1RF", Request id "0HN0QJU2ND1RF:00000005": started reading request body. | 
2024-01-21 20:40:00.8351|Microsoft.AspNetCore.Server.Kestrel|DEBUG|Connection id "0HN0QJU2ND1RF", Request id "0HN0QJU2ND1RF:00000005": done reading request body. | 
2024-01-21 20:40:00.8837|Microsoft.AspNetCore.Mvc.ModelBinding.Binders.BodyModelBinder|DEBUG|Done attempting to bind parameter 'dto' of type 'PiggyBankBackEnd.DTOs.CreateUpdateUserDTO'. | 
2024-01-21 20:40:00.8837|Microsoft.AspNetCore.Mvc.ModelBinding.ParameterBinder|DEBUG|Done attempting to bind parameter 'dto' of type 'PiggyBankBackEnd.DTOs.CreateUpdateUserDTO'. | 
2024-01-21 20:40:00.8837|Microsoft.AspNetCore.Mvc.ModelBinding.ParameterBinder|DEBUG|Attempting to validate the bound parameter 'dto' of type 'PiggyBankBackEnd.DTOs.CreateUpdateUserDTO' ... | 
2024-01-21 20:40:00.8837|Microsoft.AspNetCore.Mvc.ModelBinding.ParameterBinder|DEBUG|Done attempting to validate the bound parameter 'dto' of type 'PiggyBankBackEnd.DTOs.CreateUpdateUserDTO'. | 
2024-01-21 20:40:00.8837|Microsoft.AspNetCore.Mvc.Infrastructure.ControllerActionInvoker|TRACE|Action Filter: Before executing OnActionExecuting on filter Microsoft.AspNetCore.Mvc.ModelBinding.UnsupportedContentTypeFilter. | 
2024-01-21 20:40:00.8837|Microsoft.AspNetCore.Mvc.Infrastructure.ControllerActionInvoker|TRACE|Action Filter: After executing OnActionExecuting on filter Microsoft.AspNetCore.Mvc.ModelBinding.UnsupportedContentTypeFilter. | 
2024-01-21 20:40:00.8837|Microsoft.AspNetCore.Mvc.Infrastructure.ControllerActionInvoker|TRACE|Action Filter: Before executing OnActionExecuting on filter Microsoft.AspNetCore.Mvc.Infrastructure.ModelStateInvalidFilter. | 
2024-01-21 20:40:00.8837|Microsoft.AspNetCore.Mvc.Infrastructure.ControllerActionInvoker|TRACE|Action Filter: After executing OnActionExecuting on filter Microsoft.AspNetCore.Mvc.Infrastructure.ModelStateInvalidFilter. | 
2024-01-21 20:40:00.8837|Microsoft.AspNetCore.Mvc.Infrastructure.ControllerActionInvoker|INFO|Executing action method PiggyBankBackEnd.Controllers.UserController.CreateUser (PiggyBankBackEnd) - Validation state: Valid | 
2024-01-21 20:40:00.8837|Microsoft.AspNetCore.Mvc.Infrastructure.ControllerActionInvoker|TRACE|Executing action method PiggyBankBackEnd.Controllers.UserController.CreateUser (PiggyBankBackEnd) with arguments (PiggyBankBackEnd.DTOs.CreateUpdateUserDTO) | 
2024-01-21 20:40:20.6641|Microsoft.EntityFrameworkCore.ChangeTracking|DEBUG|'"ApplicationDbContext"' generated a temporary value for the property '"Id"."UserEntity"'. Consider using 'DbContextOptionsBuilder.EnableSensitiveDataLogging' to see key values. | 
2024-01-21 20:40:20.6936|Microsoft.EntityFrameworkCore.ChangeTracking|DEBUG|Context 'ApplicationDbContext' started tracking 'UserEntity' entity. Consider using 'DbContextOptionsBuilder.EnableSensitiveDataLogging' to see key values. | 
2024-01-21 20:40:28.6503|Microsoft.EntityFrameworkCore.Update|DEBUG|SaveChanges starting for 'ApplicationDbContext'. | 
2024-01-21 20:40:28.6503|Microsoft.EntityFrameworkCore.ChangeTracking|DEBUG|DetectChanges starting for 'ApplicationDbContext'. | 
2024-01-21 20:40:28.6503|Microsoft.EntityFrameworkCore.ChangeTracking|DEBUG|DetectChanges completed for 'ApplicationDbContext'. | 
2024-01-21 20:40:28.6925|Microsoft.EntityFrameworkCore.Database.Connection|DEBUG|Opening connection to database 'PiggyBank' on server '(localdb)\MSSQLLocalDB'. | 
2024-01-21 20:40:28.6925|Microsoft.EntityFrameworkCore.Database.Connection|DEBUG|Opened connection to database 'PiggyBank' on server '(localdb)\MSSQLLocalDB'. | 
2024-01-21 20:40:28.6925|Microsoft.EntityFrameworkCore.Database.Command|DEBUG|Creating DbCommand for 'ExecuteReader'. | 
2024-01-21 20:40:28.6925|Microsoft.EntityFrameworkCore.Database.Command|DEBUG|Created DbCommand for 'ExecuteReader' (0ms). | 
2024-01-21 20:40:28.6925|Microsoft.EntityFrameworkCore.Database.Command|DEBUG|Initialized DbCommand for 'ExecuteReader' (2ms). | 
2024-01-21 20:40:28.6925|Microsoft.EntityFrameworkCore.Database.Command|DEBUG|Executing DbCommand [Parameters=[@p0='?' (Size = 4000), @p1='?' (Size = 4000)], CommandType='Text', CommandTimeout='30']
SET IMPLICIT_TRANSACTIONS OFF;
SET NOCOUNT ON;
INSERT INTO [Users] ([Name], [Password])
OUTPUT INSERTED.[Id]
VALUES (@p0, @p1); | 
2024-01-21 20:40:28.7298|Microsoft.EntityFrameworkCore.Database.Command|INFO|Executed DbCommand (30ms) [Parameters=[@p0='?' (Size = 4000), @p1='?' (Size = 4000)], CommandType='Text', CommandTimeout='30']
SET IMPLICIT_TRANSACTIONS OFF;
SET NOCOUNT ON;
INSERT INTO [Users] ([Name], [Password])
OUTPUT INSERTED.[Id]
VALUES (@p0, @p1); | 
2024-01-21 20:40:28.7413|Microsoft.EntityFrameworkCore.ChangeTracking|DEBUG|The foreign key property 'UserEntity.Id' was detected as changed. Consider using 'DbContextOptionsBuilder.EnableSensitiveDataLogging' to see property values. | 
2024-01-21 20:40:28.7413|Microsoft.EntityFrameworkCore.Database.Command|DEBUG|Closing data reader to 'PiggyBank' on server '(localdb)\MSSQLLocalDB'. | 
2024-01-21 20:40:28.7413|Microsoft.EntityFrameworkCore.Database.Command|DEBUG|A data reader for 'PiggyBank' on server '(localdb)\MSSQLLocalDB' is being disposed after spending 19ms reading results. | 
2024-01-21 20:40:28.7413|Microsoft.EntityFrameworkCore.Database.Connection|DEBUG|Closing connection to database 'PiggyBank' on server '(localdb)\MSSQLLocalDB'. | 
2024-01-21 20:40:28.7413|Microsoft.EntityFrameworkCore.Database.Connection|DEBUG|Closed connection to database 'PiggyBank' on server '(localdb)\MSSQLLocalDB' (0ms). | 
2024-01-21 20:40:28.7574|Microsoft.EntityFrameworkCore.ChangeTracking|DEBUG|An entity of type 'UserEntity' tracked by 'ApplicationDbContext' changed state from 'Added' to 'Unchanged'. Consider using 'DbContextOptionsBuilder.EnableSensitiveDataLogging' to see key values. | 
2024-01-21 20:40:28.7574|Microsoft.EntityFrameworkCore.Update|DEBUG|SaveChanges completed for 'ApplicationDbContext' with 1 entities written to the database. | 
