2024-03-03 21:34:47.2511|Program|DEBUG|Program initialisation | 
2024-03-03 21:34:47.2511|Microsoft.Extensions.Hosting.Internal.Host|DEBUG|Hosting starting | 
2024-03-03 21:34:47.2740|Microsoft.AspNetCore.DataProtection.KeyManagement.XmlKeyManager|INFO|User profile is available. Using 'C:\Users\Yulia\AppData\Local\ASP.NET\DataProtection-Keys' as key repository and Windows DPAPI to encrypt keys at rest. | 
2024-03-03 21:34:47.2787|Microsoft.AspNetCore.DataProtection.Repositories.FileSystemXmlRepository|DEBUG|Reading data from file 'C:\Users\Yulia\AppData\Local\ASP.NET\DataProtection-Keys\key-03f48be6-6eba-4f09-a62b-0dac1b4d7346.xml'. | 
2024-03-03 21:34:47.2787|Microsoft.AspNetCore.DataProtection.KeyManagement.XmlKeyManager|DEBUG|Found key {03f48be6-6eba-4f09-a62b-0dac1b4d7346}. | 
2024-03-03 21:34:47.2787|Microsoft.AspNetCore.DataProtection.KeyManagement.DefaultKeyResolver|DEBUG|Considering key {03f48be6-6eba-4f09-a62b-0dac1b4d7346} with expiration date 2024-04-06 09:25:04Z as default key. | 
2024-03-03 21:34:47.2787|Microsoft.AspNetCore.DataProtection.TypeForwardingActivator|DEBUG|Forwarded activator type request from Microsoft.AspNetCore.DataProtection.XmlEncryption.DpapiXmlDecryptor, Microsoft.AspNetCore.DataProtection, Version=7.0.0.0, Culture=neutral, PublicKeyToken=adb9793829ddae60 to Microsoft.AspNetCore.DataProtection.XmlEncryption.DpapiXmlDecryptor, Microsoft.AspNetCore.DataProtection, Culture=neutral, PublicKeyToken=adb9793829ddae60 | 
2024-03-03 21:34:47.2787|Microsoft.AspNetCore.DataProtection.XmlEncryption.DpapiXmlDecryptor|DEBUG|Decrypting secret element using Windows DPAPI. | 
2024-03-03 21:34:47.2787|Microsoft.AspNetCore.DataProtection.TypeForwardingActivator|DEBUG|Forwarded activator type request from Microsoft.AspNetCore.DataProtection.AuthenticatedEncryption.ConfigurationModel.AuthenticatedEncryptorDescriptorDeserializer, Microsoft.AspNetCore.DataProtection, Version=7.0.0.0, Culture=neutral, PublicKeyToken=adb9793829ddae60 to Microsoft.AspNetCore.DataProtection.AuthenticatedEncryption.ConfigurationModel.AuthenticatedEncryptorDescriptorDeserializer, Microsoft.AspNetCore.DataProtection, Culture=neutral, PublicKeyToken=adb9793829ddae60 | 
2024-03-03 21:34:47.2948|Microsoft.AspNetCore.DataProtection.AuthenticatedEncryption.CngCbcAuthenticatedEncryptorFactory|DEBUG|Opening CNG algorithm 'AES' from provider '(null)' with chaining mode CBC. | 
2024-03-03 21:34:47.2948|Microsoft.AspNetCore.DataProtection.AuthenticatedEncryption.CngCbcAuthenticatedEncryptorFactory|DEBUG|Opening CNG algorithm 'SHA256' from provider '(null)' with HMAC. | 
2024-03-03 21:34:47.2948|Microsoft.AspNetCore.DataProtection.KeyManagement.KeyRingProvider|DEBUG|Using key {03f48be6-6eba-4f09-a62b-0dac1b4d7346} as the default key. | 
2024-03-03 21:34:47.2948|Microsoft.AspNetCore.DataProtection.Internal.DataProtectionHostedService|DEBUG|Key ring with default key {03f48be6-6eba-4f09-a62b-0dac1b4d7346} was loaded during application startup. | 
2024-03-03 21:34:47.3917|Microsoft.Hosting.Lifetime|INFO|Now listening on: http://localhost:5000 | 
2024-03-03 21:34:47.3917|Microsoft.AspNetCore.Hosting.Diagnostics|DEBUG|Loaded hosting startup assembly PiggyBankBackEnd | 
2024-03-03 21:34:47.3917|Microsoft.AspNetCore.Hosting.Diagnostics|DEBUG|Loaded hosting startup assembly Microsoft.AspNetCore.Watch.BrowserRefresh | 
2024-03-03 21:34:47.3917|Microsoft.AspNetCore.Hosting.Diagnostics|DEBUG|Loaded hosting startup assembly Microsoft.WebTools.BrowserLink.Net | 
2024-03-03 21:34:47.3917|Microsoft.Hosting.Lifetime|INFO|Application started. Press Ctrl+C to shut down. | 
2024-03-03 21:34:47.3917|Microsoft.Hosting.Lifetime|INFO|Hosting environment: Development | 
2024-03-03 21:34:47.3917|Microsoft.Hosting.Lifetime|INFO|Content root path: F:\Yulya\repos\PiggyBank\PiggyBankBackEnd | 
2024-03-03 21:34:47.3917|Microsoft.Extensions.Hosting.Internal.Host|DEBUG|Hosting started | 
2024-03-03 21:34:47.5500|Microsoft.AspNetCore.Server.Kestrel.Connections|DEBUG|Connection id "0HN1RL0SETUAO" accepted. | 
2024-03-03 21:34:47.5500|Microsoft.AspNetCore.Server.Kestrel.Connections|DEBUG|Connection id "0HN1RL0SETUAP" accepted. | 
2024-03-03 21:34:47.5500|Microsoft.AspNetCore.Server.Kestrel.Connections|DEBUG|Connection id "0HN1RL0SETUAO" started. | 
2024-03-03 21:34:47.5500|Microsoft.AspNetCore.Server.Kestrel.Connections|DEBUG|Connection id "0HN1RL0SETUAP" started. | 
2024-03-03 21:34:50.3231|Microsoft.AspNetCore.Server.Kestrel.Connections|DEBUG|Connection id "0HN1RL0SETUAQ" accepted. | 
2024-03-03 21:34:50.3231|Microsoft.AspNetCore.Server.Kestrel.Connections|DEBUG|Connection id "0HN1RL0SETUAQ" started. | 
2024-03-03 21:34:50.3297|Microsoft.AspNetCore.Server.Kestrel.Connections|DEBUG|Connection id "0HN1RL0SETUAR" accepted. | 
2024-03-03 21:34:50.3297|Microsoft.AspNetCore.Server.Kestrel.Connections|DEBUG|Connection id "0HN1RL0SETUAR" started. | 
2024-03-03 21:34:50.3569|Microsoft.AspNetCore.Hosting.Diagnostics|INFO|Request starting HTTP/1.1 GET http://localhost:5000/swagger/index.html - - | 
2024-03-03 21:34:50.4626|Microsoft.AspNetCore.HostFiltering.HostFilteringMiddleware|DEBUG|Wildcard detected, all requests with hosts will be allowed. | 
2024-03-03 21:34:50.4626|Microsoft.AspNetCore.HostFiltering.HostFilteringMiddleware|TRACE|All hosts are allowed. | 
2024-03-03 21:34:50.4626|Microsoft.AspNetCore.Routing.Matching.DfaMatcher|DEBUG|No candidates found for the request path '/swagger/index.html' | 
2024-03-03 21:34:50.4626|Microsoft.AspNetCore.Routing.EndpointRoutingMiddleware|DEBUG|Request did not match any endpoints | 
2024-03-03 21:34:50.5549|Microsoft.AspNetCore.Watch.BrowserRefresh.BrowserRefreshMiddleware|DEBUG|Response markup is scheduled to include browser refresh script injection. | 
2024-03-03 21:34:50.5681|Microsoft.AspNetCore.Watch.BrowserRefresh.BrowserRefreshMiddleware|DEBUG|Response markup was updated to include browser refresh script injection. | 
2024-03-03 21:34:50.5681|Microsoft.AspNetCore.Server.Kestrel.Connections|DEBUG|Connection id "0HN1RL0SETUAQ" completed keep alive response. | 
2024-03-03 21:34:50.5681|Microsoft.AspNetCore.Hosting.Diagnostics|INFO|Request finished HTTP/1.1 GET http://localhost:5000/swagger/index.html - - - 200 - text/html;charset=utf-8 213.7578ms | 
2024-03-03 21:34:50.5902|Microsoft.AspNetCore.Hosting.Diagnostics|INFO|Request starting HTTP/1.1 GET http://localhost:5000/_framework/aspnetcore-browser-refresh.js - - | 
2024-03-03 21:34:50.5902|Microsoft.AspNetCore.Server.Kestrel.Connections|DEBUG|Connection id "0HN1RL0SETUAQ" completed keep alive response. | 
2024-03-03 21:34:50.5902|Microsoft.AspNetCore.Hosting.Diagnostics|INFO|Request finished HTTP/1.1 GET http://localhost:5000/_framework/aspnetcore-browser-refresh.js - - - 200 13768 application/javascript;+charset=utf-8 2.7445ms | 
2024-03-03 21:34:50.5992|Microsoft.AspNetCore.Hosting.Diagnostics|INFO|Request starting HTTP/1.1 GET http://localhost:5000/_vs/browserLink - - | 
2024-03-03 21:34:50.6551|Microsoft.AspNetCore.Server.Kestrel.Connections|DEBUG|Connection id "0HN1RL0SETUAR" completed keep alive response. | 
2024-03-03 21:34:50.6551|Microsoft.AspNetCore.Hosting.Diagnostics|INFO|Request finished HTTP/1.1 GET http://localhost:5000/_vs/browserLink - - - 200 - text/javascript;+charset=UTF-8 56.0256ms | 
2024-03-03 21:34:50.7403|Microsoft.AspNetCore.Hosting.Diagnostics|INFO|Request starting HTTP/1.1 GET http://localhost:5000/swagger/v1/swagger.json - - | 
2024-03-03 21:34:50.7403|Microsoft.AspNetCore.HostFiltering.HostFilteringMiddleware|TRACE|All hosts are allowed. | 
2024-03-03 21:34:50.7403|Microsoft.AspNetCore.Routing.Matching.DfaMatcher|DEBUG|No candidates found for the request path '/swagger/v1/swagger.json' | 
2024-03-03 21:34:50.7403|Microsoft.AspNetCore.Routing.EndpointRoutingMiddleware|DEBUG|Request did not match any endpoints | 
2024-03-03 21:34:50.8486|Microsoft.AspNetCore.Server.Kestrel.Connections|DEBUG|Connection id "0HN1RL0SETUAR" completed keep alive response. | 
2024-03-03 21:34:50.8486|Microsoft.AspNetCore.Hosting.Diagnostics|INFO|Request finished HTTP/1.1 GET http://localhost:5000/swagger/v1/swagger.json - - - 200 - application/json;charset=utf-8 108.5107ms | 
