2024-01-25 20:46:52.3148|Program|DEBUG|Program initialisation | 
2024-01-25 20:46:52.3148|Microsoft.Extensions.Hosting.Internal.Host|DEBUG|Hosting starting | 
2024-01-25 20:46:52.3370|Microsoft.AspNetCore.DataProtection.KeyManagement.XmlKeyManager|INFO|User profile is available. Using 'C:\Users\Yulia\AppData\Local\ASP.NET\DataProtection-Keys' as key repository and Windows DPAPI to encrypt keys at rest. | 
2024-01-25 20:46:52.3370|Microsoft.AspNetCore.DataProtection.Repositories.FileSystemXmlRepository|DEBUG|Reading data from file 'C:\Users\Yulia\AppData\Local\ASP.NET\DataProtection-Keys\key-03f48be6-6eba-4f09-a62b-0dac1b4d7346.xml'. | 
2024-01-25 20:46:52.3370|Microsoft.AspNetCore.DataProtection.KeyManagement.XmlKeyManager|DEBUG|Found key {03f48be6-6eba-4f09-a62b-0dac1b4d7346}. | 
2024-01-25 20:46:52.3538|Microsoft.AspNetCore.DataProtection.KeyManagement.DefaultKeyResolver|DEBUG|Considering key {03f48be6-6eba-4f09-a62b-0dac1b4d7346} with expiration date 2024-04-06 09:25:04Z as default key. | 
2024-01-25 20:46:52.3538|Microsoft.AspNetCore.DataProtection.TypeForwardingActivator|DEBUG|Forwarded activator type request from Microsoft.AspNetCore.DataProtection.XmlEncryption.DpapiXmlDecryptor, Microsoft.AspNetCore.DataProtection, Version=7.0.0.0, Culture=neutral, PublicKeyToken=adb9793829ddae60 to Microsoft.AspNetCore.DataProtection.XmlEncryption.DpapiXmlDecryptor, Microsoft.AspNetCore.DataProtection, Culture=neutral, PublicKeyToken=adb9793829ddae60 | 
2024-01-25 20:46:52.3538|Microsoft.AspNetCore.DataProtection.XmlEncryption.DpapiXmlDecryptor|DEBUG|Decrypting secret element using Windows DPAPI. | 
2024-01-25 20:46:52.3538|Microsoft.AspNetCore.DataProtection.TypeForwardingActivator|DEBUG|Forwarded activator type request from Microsoft.AspNetCore.DataProtection.AuthenticatedEncryption.ConfigurationModel.AuthenticatedEncryptorDescriptorDeserializer, Microsoft.AspNetCore.DataProtection, Version=7.0.0.0, Culture=neutral, PublicKeyToken=adb9793829ddae60 to Microsoft.AspNetCore.DataProtection.AuthenticatedEncryption.ConfigurationModel.AuthenticatedEncryptorDescriptorDeserializer, Microsoft.AspNetCore.DataProtection, Culture=neutral, PublicKeyToken=adb9793829ddae60 | 
2024-01-25 20:46:52.3538|Microsoft.AspNetCore.DataProtection.AuthenticatedEncryption.CngCbcAuthenticatedEncryptorFactory|DEBUG|Opening CNG algorithm 'AES' from provider '(null)' with chaining mode CBC. | 
2024-01-25 20:46:52.3538|Microsoft.AspNetCore.DataProtection.AuthenticatedEncryption.CngCbcAuthenticatedEncryptorFactory|DEBUG|Opening CNG algorithm 'SHA256' from provider '(null)' with HMAC. | 
2024-01-25 20:46:52.3538|Microsoft.AspNetCore.DataProtection.KeyManagement.KeyRingProvider|DEBUG|Using key {03f48be6-6eba-4f09-a62b-0dac1b4d7346} as the default key. | 
2024-01-25 20:46:52.3538|Microsoft.AspNetCore.DataProtection.Internal.DataProtectionHostedService|DEBUG|Key ring with default key {03f48be6-6eba-4f09-a62b-0dac1b4d7346} was loaded during application startup. | 
2024-01-25 20:46:52.4538|Microsoft.Hosting.Lifetime|INFO|Now listening on: http://localhost:5000 | 
2024-01-25 20:46:52.4571|Microsoft.AspNetCore.Hosting.Diagnostics|DEBUG|Loaded hosting startup assembly PiggyBankBackEnd | 
2024-01-25 20:46:52.4571|Microsoft.AspNetCore.Hosting.Diagnostics|DEBUG|Loaded hosting startup assembly Microsoft.AspNetCore.Watch.BrowserRefresh | 
2024-01-25 20:46:52.4571|Microsoft.AspNetCore.Hosting.Diagnostics|DEBUG|Loaded hosting startup assembly Microsoft.WebTools.BrowserLink.Net | 
2024-01-25 20:46:52.4571|Microsoft.Hosting.Lifetime|INFO|Application started. Press Ctrl+C to shut down. | 
2024-01-25 20:46:52.4571|Microsoft.Hosting.Lifetime|INFO|Hosting environment: Development | 
2024-01-25 20:46:52.4571|Microsoft.Hosting.Lifetime|INFO|Content root path: F:\Yulya\repos\PiggyBank\PiggyBankBackEnd | 
2024-01-25 20:46:52.4571|Microsoft.Extensions.Hosting.Internal.Host|DEBUG|Hosting started | 
2024-01-25 20:46:52.5903|Microsoft.AspNetCore.Server.Kestrel.Connections|DEBUG|Connection id "0HN0TOKTQ0RK0" accepted. | 
2024-01-25 20:46:52.5903|Microsoft.AspNetCore.Server.Kestrel.Connections|DEBUG|Connection id "0HN0TOKTQ0RK1" accepted. | 
2024-01-25 20:46:52.5903|Microsoft.AspNetCore.Server.Kestrel.Connections|DEBUG|Connection id "0HN0TOKTQ0RK0" started. | 
2024-01-25 20:46:52.5903|Microsoft.AspNetCore.Server.Kestrel.Connections|DEBUG|Connection id "0HN0TOKTQ0RK1" started. | 
2024-01-25 20:46:52.6136|Microsoft.AspNetCore.Server.Kestrel.Transport.Sockets|DEBUG|Connection id "0HN0TOKTQ0RK1" received FIN. | 
2024-01-25 20:46:52.6136|Microsoft.AspNetCore.Server.Kestrel.Transport.Sockets|DEBUG|Connection id "0HN0TOKTQ0RK0" received FIN. | 
2024-01-25 20:46:52.6270|Microsoft.AspNetCore.Server.Kestrel.Transport.Sockets|DEBUG|Connection id "0HN0TOKTQ0RK1" sending FIN because: "The Socket transport's send loop completed gracefully." | 
2024-01-25 20:46:52.6270|Microsoft.AspNetCore.Server.Kestrel.Transport.Sockets|DEBUG|Connection id "0HN0TOKTQ0RK0" sending FIN because: "The Socket transport's send loop completed gracefully." | 
2024-01-25 20:46:52.6270|Microsoft.AspNetCore.Server.Kestrel.Connections|DEBUG|Connection id "0HN0TOKTQ0RK1" disconnecting. | 
2024-01-25 20:46:52.6270|Microsoft.AspNetCore.Server.Kestrel.Connections|DEBUG|Connection id "0HN0TOKTQ0RK0" disconnecting. | 
2024-01-25 20:46:52.6270|Microsoft.AspNetCore.Server.Kestrel.Connections|DEBUG|Connection id "0HN0TOKTQ0RK0" stopped. | 
2024-01-25 20:46:52.6270|Microsoft.AspNetCore.Server.Kestrel.Connections|DEBUG|Connection id "0HN0TOKTQ0RK1" stopped. | 
2024-01-25 20:46:52.7327|Microsoft.AspNetCore.Server.Kestrel.Connections|DEBUG|Connection id "0HN0TOKTQ0RK2" accepted. | 
2024-01-25 20:46:52.7327|Microsoft.AspNetCore.Server.Kestrel.Connections|DEBUG|Connection id "0HN0TOKTQ0RK2" started. | 
2024-01-25 20:46:52.7327|Microsoft.AspNetCore.Server.Kestrel.Connections|DEBUG|Connection id "0HN0TOKTQ0RK3" accepted. | 
2024-01-25 20:46:52.7327|Microsoft.AspNetCore.Server.Kestrel.Connections|DEBUG|Connection id "0HN0TOKTQ0RK3" started. | 
2024-01-25 20:46:52.7652|Microsoft.AspNetCore.Hosting.Diagnostics|INFO|Request starting HTTP/1.1 GET http://localhost:5000/swagger/index.html - - | 
2024-01-25 20:46:52.8431|Microsoft.AspNetCore.HostFiltering.HostFilteringMiddleware|DEBUG|Wildcard detected, all requests with hosts will be allowed. | 
2024-01-25 20:46:52.8431|Microsoft.AspNetCore.HostFiltering.HostFilteringMiddleware|TRACE|All hosts are allowed. | 
2024-01-25 20:46:52.8581|Microsoft.AspNetCore.Routing.Matching.DfaMatcher|DEBUG|No candidates found for the request path '/swagger/index.html' | 
2024-01-25 20:46:52.8581|Microsoft.AspNetCore.Routing.EndpointRoutingMiddleware|DEBUG|Request did not match any endpoints | 
2024-01-25 20:46:52.9383|Microsoft.AspNetCore.Watch.BrowserRefresh.BrowserRefreshMiddleware|DEBUG|Response markup is scheduled to include browser refresh script injection. | 
2024-01-25 20:46:52.9383|Microsoft.AspNetCore.Watch.BrowserRefresh.BrowserRefreshMiddleware|DEBUG|Response markup was updated to include browser refresh script injection. | 
2024-01-25 20:46:52.9383|Microsoft.AspNetCore.Server.Kestrel.Connections|DEBUG|Connection id "0HN0TOKTQ0RK2" completed keep alive response. | 
2024-01-25 20:46:52.9383|Microsoft.AspNetCore.Hosting.Diagnostics|INFO|Request finished HTTP/1.1 GET http://localhost:5000/swagger/index.html - - - 200 - text/html;charset=utf-8 188.1262ms | 
2024-01-25 20:46:52.9790|Microsoft.AspNetCore.Hosting.Diagnostics|INFO|Request starting HTTP/1.1 GET http://localhost:5000/_framework/aspnetcore-browser-refresh.js - - | 
2024-01-25 20:46:52.9790|Microsoft.AspNetCore.Server.Kestrel.Connections|DEBUG|Connection id "0HN0TOKTQ0RK2" completed keep alive response. | 
2024-01-25 20:46:52.9790|Microsoft.AspNetCore.Hosting.Diagnostics|INFO|Request finished HTTP/1.1 GET http://localhost:5000/_framework/aspnetcore-browser-refresh.js - - - 200 13768 application/javascript;+charset=utf-8 1.6398ms | 
2024-01-25 20:46:53.0016|Microsoft.AspNetCore.Hosting.Diagnostics|INFO|Request starting HTTP/1.1 GET http://localhost:5000/_vs/browserLink - - | 
2024-01-25 20:46:53.0383|Microsoft.AspNetCore.Server.Kestrel.Connections|DEBUG|Connection id "0HN0TOKTQ0RK2" completed keep alive response. | 
2024-01-25 20:46:53.0383|Microsoft.AspNetCore.Hosting.Diagnostics|INFO|Request finished HTTP/1.1 GET http://localhost:5000/_vs/browserLink - - - 200 - text/javascript;+charset=UTF-8 37.0009ms | 
2024-01-25 20:46:53.1153|Microsoft.AspNetCore.Hosting.Diagnostics|INFO|Request starting HTTP/1.1 GET http://localhost:5000/swagger/v1/swagger.json - - | 
2024-01-25 20:46:53.1153|Microsoft.AspNetCore.HostFiltering.HostFilteringMiddleware|TRACE|All hosts are allowed. | 
2024-01-25 20:46:53.1153|Microsoft.AspNetCore.Routing.Matching.DfaMatcher|DEBUG|No candidates found for the request path '/swagger/v1/swagger.json' | 
2024-01-25 20:46:53.1153|Microsoft.AspNetCore.Routing.EndpointRoutingMiddleware|DEBUG|Request did not match any endpoints | 
2024-01-25 20:46:53.1932|Microsoft.AspNetCore.Server.Kestrel.Connections|DEBUG|Connection id "0HN0TOKTQ0RK2" completed keep alive response. | 
2024-01-25 20:46:53.1932|Microsoft.AspNetCore.Hosting.Diagnostics|INFO|Request finished HTTP/1.1 GET http://localhost:5000/swagger/v1/swagger.json - - - 200 - application/json;charset=utf-8 78.0877ms | 
2024-01-25 20:47:14.6032|Microsoft.AspNetCore.Hosting.Diagnostics|INFO|Request starting HTTP/1.1 POST http://localhost:5000/api/User application/json-patch+json 53 | 
2024-01-25 20:47:14.6032|Microsoft.AspNetCore.HostFiltering.HostFilteringMiddleware|TRACE|All hosts are allowed. | 
2024-01-25 20:47:14.6032|Microsoft.AspNetCore.Routing.Matching.DfaMatcher|DEBUG|1 candidate(s) found for the request path '/api/User' | 
2024-01-25 20:47:14.6032|Microsoft.AspNetCore.Routing.Matching.DfaMatcher|DEBUG|Endpoint 'PiggyBankBackEnd.Controllers.UserController.CreateUser (PiggyBankBackEnd)' with route pattern 'api/User' is valid for the request path '/api/User' | 
2024-01-25 20:47:14.6032|Microsoft.AspNetCore.Routing.EndpointRoutingMiddleware|DEBUG|Request matched endpoint 'PiggyBankBackEnd.Controllers.UserController.CreateUser (PiggyBankBackEnd)' | 
2024-01-25 20:47:14.6032|Microsoft.AspNetCore.StaticFiles.StaticFileMiddleware|DEBUG|Static files was skipped as the request already matched an endpoint. | 
2024-01-25 20:47:14.6032|Microsoft.AspNetCore.Cors.Infrastructure.CorsService|DEBUG|The request has an origin header: 'http://localhost:5000'. | 
2024-01-25 20:47:14.6032|Microsoft.AspNetCore.Cors.Infrastructure.CorsService|INFO|CORS policy execution failed. | 
2024-01-25 20:47:14.6032|Microsoft.AspNetCore.Cors.Infrastructure.CorsService|INFO|Request origin http://localhost:5000 does not have permission to access the resource. | 
2024-01-25 20:47:14.6032|Microsoft.AspNetCore.HttpsPolicy.HttpsRedirectionMiddleware|WARN|Failed to determine the https port for redirect. | 
2024-01-25 20:47:14.6550|Microsoft.AspNetCore.Authentication.JwtBearer.JwtBearerHandler|DEBUG|AuthenticationScheme: Bearer was not authenticated. | 
2024-01-25 20:47:14.6550|Microsoft.AspNetCore.Routing.EndpointMiddleware|INFO|Executing endpoint 'PiggyBankBackEnd.Controllers.UserController.CreateUser (PiggyBankBackEnd)' | 
2024-01-25 20:47:14.6743|Microsoft.AspNetCore.Mvc.Infrastructure.ControllerActionInvoker|INFO|Route matched with {action = "CreateUser", controller = "User"}. Executing controller action with signature System.Threading.Tasks.Task`1[Microsoft.AspNetCore.Mvc.IActionResult] CreateUser(PiggyBankBackEnd.DTOs.CreateUpdateUserDTO) on controller PiggyBankBackEnd.Controllers.UserController (PiggyBankBackEnd). | 
2024-01-25 20:47:14.6743|Microsoft.AspNetCore.Mvc.Infrastructure.ControllerActionInvoker|DEBUG|Execution plan of authorization filters (in the following order): None | 
2024-01-25 20:47:14.6743|Microsoft.AspNetCore.Mvc.Infrastructure.ControllerActionInvoker|DEBUG|Execution plan of resource filters (in the following order): Microsoft.AspNetCore.Mvc.ViewFeatures.Filters.SaveTempDataFilter | 
2024-01-25 20:47:14.6743|Microsoft.AspNetCore.Mvc.Infrastructure.ControllerActionInvoker|DEBUG|Execution plan of action filters (in the following order): Microsoft.AspNetCore.Mvc.ModelBinding.UnsupportedContentTypeFilter (Order: -3000), Microsoft.AspNetCore.Mvc.Infrastructure.ModelStateInvalidFilter (Order: -2000) | 
2024-01-25 20:47:14.6743|Microsoft.AspNetCore.Mvc.Infrastructure.ControllerActionInvoker|DEBUG|Execution plan of exception filters (in the following order): None | 
2024-01-25 20:47:14.6743|Microsoft.AspNetCore.Mvc.Infrastructure.ControllerActionInvoker|DEBUG|Execution plan of result filters (in the following order): Microsoft.AspNetCore.Mvc.ViewFeatures.Filters.SaveTempDataFilter, Microsoft.AspNetCore.Mvc.Infrastructure.ClientErrorResultFilter (Order: -2000) | 
2024-01-25 20:47:14.6743|Microsoft.AspNetCore.Mvc.Infrastructure.ControllerActionInvoker|TRACE|Resource Filter: Before executing OnResourceExecuting on filter Microsoft.AspNetCore.Mvc.ViewFeatures.Filters.SaveTempDataFilter. | 
2024-01-25 20:47:14.6743|Microsoft.AspNetCore.Mvc.Infrastructure.ControllerActionInvoker|TRACE|Resource Filter: After executing OnResourceExecuting on filter Microsoft.AspNetCore.Mvc.ViewFeatures.Filters.SaveTempDataFilter. | 
2024-01-25 20:47:14.6743|Microsoft.AspNetCore.Mvc.Infrastructure.ControllerActionInvoker|DEBUG|Executing controller factory for controller PiggyBankBackEnd.Controllers.UserController (PiggyBankBackEnd) | 
2024-01-25 20:47:14.7552|Microsoft.EntityFrameworkCore.Infrastructure|DEBUG|An 'IServiceProvider' was created for internal use by Entity Framework. | 
2024-01-25 20:47:15.1583|Microsoft.EntityFrameworkCore.Infrastructure|DEBUG|Entity Framework Core 7.0.10 initialized 'ApplicationDbContext' using provider 'Microsoft.EntityFrameworkCore.SqlServer:7.0.10' with options: None | 
2024-01-25 20:47:15.1583|Microsoft.EntityFrameworkCore.Database.Connection|DEBUG|Creating DbConnection. | 
2024-01-25 20:47:15.1937|Microsoft.EntityFrameworkCore.Database.Connection|DEBUG|Created DbConnection. (24ms). | 
2024-01-25 20:47:15.1937|Microsoft.EntityFrameworkCore.Database.Connection|DEBUG|Opening connection to database 'PiggyBank' on server '(localdb)\MSSQLLocalDB'. | 
2024-01-25 20:47:15.3761|Microsoft.EntityFrameworkCore.Database.Connection|DEBUG|Opened connection to database 'PiggyBank' on server '(localdb)\MSSQLLocalDB'. | 
2024-01-25 20:47:15.3791|Microsoft.EntityFrameworkCore.Database.Command|DEBUG|Creating DbCommand for 'ExecuteNonQuery'. | 
2024-01-25 20:47:15.3791|Microsoft.EntityFrameworkCore.Database.Command|DEBUG|Created DbCommand for 'ExecuteNonQuery' (2ms). | 
2024-01-25 20:47:15.3791|Microsoft.EntityFrameworkCore.Database.Command|DEBUG|Initialized DbCommand for 'ExecuteNonQuery' (5ms). | 
2024-01-25 20:47:15.3791|Microsoft.EntityFrameworkCore.Database.Command|DEBUG|Executing DbCommand [Parameters=[], CommandType='Text', CommandTimeout='30']
SELECT 1 | 
2024-01-25 20:47:15.4019|Microsoft.EntityFrameworkCore.Database.Command|INFO|Executed DbCommand (15ms) [Parameters=[], CommandType='Text', CommandTimeout='30']
SELECT 1 | 
2024-01-25 20:47:15.4019|Microsoft.EntityFrameworkCore.Database.Connection|DEBUG|Closing connection to database 'PiggyBank' on server '(localdb)\MSSQLLocalDB'. | 
2024-01-25 20:47:15.4112|Microsoft.EntityFrameworkCore.Database.Connection|DEBUG|Closed connection to database 'PiggyBank' on server '(localdb)\MSSQLLocalDB' (4ms). | 
2024-01-25 20:47:15.4112|Microsoft.EntityFrameworkCore.Database.Command|DEBUG|Creating DbCommand for 'ExecuteScalar'. | 
2024-01-25 20:47:15.4112|Microsoft.EntityFrameworkCore.Database.Command|DEBUG|Created DbCommand for 'ExecuteScalar' (0ms). | 
2024-01-25 20:47:15.4112|Microsoft.EntityFrameworkCore.Database.Command|DEBUG|Initialized DbCommand for 'ExecuteScalar' (0ms). | 
2024-01-25 20:47:15.4112|Microsoft.EntityFrameworkCore.Database.Connection|DEBUG|Opening connection to database 'PiggyBank' on server '(localdb)\MSSQLLocalDB'. | 
2024-01-25 20:47:15.4112|Microsoft.EntityFrameworkCore.Database.Connection|DEBUG|Opened connection to database 'PiggyBank' on server '(localdb)\MSSQLLocalDB'. | 
2024-01-25 20:47:15.4112|Microsoft.EntityFrameworkCore.Database.Command|DEBUG|Executing DbCommand [Parameters=[], CommandType='Text', CommandTimeout='30']

IF EXISTS
    (SELECT *
     FROM [sys].[objects] o
     WHERE [o].[type] = 'U'
     AND [o].[is_ms_shipped] = 0
     AND NOT EXISTS (SELECT *
         FROM [sys].[extended_properties] AS [ep]
         WHERE [ep].[major_id] = [o].[object_id]
             AND [ep].[minor_id] = 0
             AND [ep].[class] = 1
             AND [ep].[name] = N'microsoft_database_tools_support'
    )
)
SELECT 1 ELSE SELECT 0 | 
2024-01-25 20:47:15.4321|Microsoft.EntityFrameworkCore.Database.Command|INFO|Executed DbCommand (17ms) [Parameters=[], CommandType='Text', CommandTimeout='30']

IF EXISTS
    (SELECT *
     FROM [sys].[objects] o
     WHERE [o].[type] = 'U'
     AND [o].[is_ms_shipped] = 0
     AND NOT EXISTS (SELECT *
         FROM [sys].[extended_properties] AS [ep]
         WHERE [ep].[major_id] = [o].[object_id]
             AND [ep].[minor_id] = 0
             AND [ep].[class] = 1
             AND [ep].[name] = N'microsoft_database_tools_support'
    )
)
SELECT 1 ELSE SELECT 0 | 
2024-01-25 20:47:15.4321|Microsoft.EntityFrameworkCore.Database.Connection|DEBUG|Closing connection to database 'PiggyBank' on server '(localdb)\MSSQLLocalDB'. | 
2024-01-25 20:47:15.4321|Microsoft.EntityFrameworkCore.Database.Connection|DEBUG|Closed connection to database 'PiggyBank' on server '(localdb)\MSSQLLocalDB' (0ms). | 
2024-01-25 20:47:15.4321|Microsoft.AspNetCore.Mvc.Infrastructure.ControllerActionInvoker|DEBUG|Executed controller factory for controller PiggyBankBackEnd.Controllers.UserController (PiggyBankBackEnd) | 
2024-01-25 20:47:15.4363|Microsoft.AspNetCore.Mvc.ModelBinding.ParameterBinder|DEBUG|Attempting to bind parameter 'dto' of type 'PiggyBankBackEnd.DTOs.CreateUpdateUserDTO' ... | 
2024-01-25 20:47:15.4363|Microsoft.AspNetCore.Mvc.ModelBinding.Binders.BodyModelBinder|DEBUG|Attempting to bind parameter 'dto' of type 'PiggyBankBackEnd.DTOs.CreateUpdateUserDTO' using the name '' in request data ... | 
2024-01-25 20:47:15.4363|Microsoft.AspNetCore.Mvc.ModelBinding.Binders.BodyModelBinder|DEBUG|Rejected input formatter 'Microsoft.AspNetCore.Mvc.Formatters.NewtonsoftJsonPatchInputFormatter' for content type 'application/json-patch+json'. | 
2024-01-25 20:47:15.4363|Microsoft.AspNetCore.Mvc.ModelBinding.Binders.BodyModelBinder|DEBUG|Selected input formatter 'Microsoft.AspNetCore.Mvc.Formatters.NewtonsoftJsonInputFormatter' for content type 'application/json-patch+json'. | 
2024-01-25 20:47:15.4363|Microsoft.AspNetCore.Server.Kestrel|DEBUG|Connection id "0HN0TOKTQ0RK2", Request id "0HN0TOKTQ0RK2:00000005": started reading request body. | 
2024-01-25 20:47:15.4363|Microsoft.AspNetCore.Server.Kestrel|DEBUG|Connection id "0HN0TOKTQ0RK2", Request id "0HN0TOKTQ0RK2:00000005": done reading request body. | 
2024-01-25 20:47:15.4942|Microsoft.AspNetCore.Mvc.Formatters.NewtonsoftJsonInputFormatter|DEBUG|JSON input formatter threw an exception. | Newtonsoft.Json.JsonReaderException: Unexpected character encountered while parsing value: }. Path 'aims', line 5, position 0.
   at Newtonsoft.Json.JsonTextReader.ParseValue()
   at Newtonsoft.Json.JsonTextReader.Read()
   at Newtonsoft.Json.JsonReader.ReadAndMoveToContent()
   at Newtonsoft.Json.JsonReader.ReadForType(JsonContract contract, Boolean hasConverter)
   at Newtonsoft.Json.Serialization.JsonSerializerInternalReader.PopulateObject(Object newObject, JsonReader reader, JsonObjectContract contract, JsonProperty member, String id)
2024-01-25 20:47:15.4942|Microsoft.AspNetCore.Mvc.Formatters.NewtonsoftJsonInputFormatter|DEBUG|JSON input formatter threw an exception. | Newtonsoft.Json.JsonReaderException: Unexpected character encountered while parsing value: }. Path 'aims', line 5, position 0.
   at Newtonsoft.Json.JsonTextReader.ParseValue()
   at Newtonsoft.Json.JsonTextReader.Read()
   at Newtonsoft.Json.JsonReader.Skip()
   at Newtonsoft.Json.Serialization.JsonSerializerInternalReader.HandleError(JsonReader reader, Boolean readPastError, Int32 initialDepth)
   at Newtonsoft.Json.Serialization.JsonSerializerInternalReader.PopulateObject(Object newObject, JsonReader reader, JsonObjectContract contract, JsonProperty member, String id)
   at Newtonsoft.Json.Serialization.JsonSerializerInternalReader.CreateObject(JsonReader reader, Type objectType, JsonContract contract, JsonProperty member, JsonContainerContract containerContract, JsonProperty containerMember, Object existingValue)
   at Newtonsoft.Json.Serialization.JsonSerializerInternalReader.CreateValueInternal(JsonReader reader, Type objectType, JsonContract contract, JsonProperty member, JsonContainerContract containerContract, JsonProperty containerMember, Object existingValue)
   at Newtonsoft.Json.Serialization.JsonSerializerInternalReader.Deserialize(JsonReader reader, Type objectType, Boolean checkAdditionalContent)
2024-01-25 20:47:15.4942|Microsoft.AspNetCore.Mvc.ModelBinding.Binders.BodyModelBinder|DEBUG|Done attempting to bind parameter 'dto' of type 'PiggyBankBackEnd.DTOs.CreateUpdateUserDTO'. | 
2024-01-25 20:47:15.4942|Microsoft.AspNetCore.Mvc.ModelBinding.ParameterBinder|DEBUG|Done attempting to bind parameter 'dto' of type 'PiggyBankBackEnd.DTOs.CreateUpdateUserDTO'. | 
2024-01-25 20:47:15.4942|Microsoft.AspNetCore.Mvc.ModelBinding.ParameterBinder|DEBUG|Attempting to validate the bound parameter 'dto' of type 'PiggyBankBackEnd.DTOs.CreateUpdateUserDTO' ... | 
2024-01-25 20:47:15.5070|Microsoft.AspNetCore.Mvc.ModelBinding.ParameterBinder|DEBUG|Done attempting to validate the bound parameter 'dto' of type 'PiggyBankBackEnd.DTOs.CreateUpdateUserDTO'. | 
2024-01-25 20:47:15.5070|Microsoft.AspNetCore.Mvc.Infrastructure.ControllerActionInvoker|TRACE|Action Filter: Before executing OnActionExecuting on filter Microsoft.AspNetCore.Mvc.ModelBinding.UnsupportedContentTypeFilter. | 
2024-01-25 20:47:15.5070|Microsoft.AspNetCore.Mvc.Infrastructure.ControllerActionInvoker|TRACE|Action Filter: After executing OnActionExecuting on filter Microsoft.AspNetCore.Mvc.ModelBinding.UnsupportedContentTypeFilter. | 
2024-01-25 20:47:15.5070|Microsoft.AspNetCore.Mvc.Infrastructure.ControllerActionInvoker|TRACE|Action Filter: Before executing OnActionExecuting on filter Microsoft.AspNetCore.Mvc.Infrastructure.ModelStateInvalidFilter. | 
2024-01-25 20:47:15.5070|Microsoft.AspNetCore.Mvc.Infrastructure.ModelStateInvalidFilter|DEBUG|The request has model state errors, returning an error response. | 
2024-01-25 20:47:15.5070|Microsoft.AspNetCore.Mvc.Infrastructure.ControllerActionInvoker|TRACE|Action Filter: After executing OnActionExecuting on filter Microsoft.AspNetCore.Mvc.Infrastructure.ModelStateInvalidFilter. | 
2024-01-25 20:47:15.5070|Microsoft.AspNetCore.Mvc.Infrastructure.ControllerActionInvoker|DEBUG|Request was short circuited at action filter 'Microsoft.AspNetCore.Mvc.Infrastructure.ModelStateInvalidFilter'. | 
2024-01-25 20:47:15.5070|Microsoft.AspNetCore.Mvc.Infrastructure.ControllerActionInvoker|TRACE|Action Filter: Before executing OnActionExecuted on filter Microsoft.AspNetCore.Mvc.ModelBinding.UnsupportedContentTypeFilter. | 
2024-01-25 20:47:15.5070|Microsoft.AspNetCore.Mvc.Infrastructure.ControllerActionInvoker|TRACE|Action Filter: After executing OnActionExecuted on filter Microsoft.AspNetCore.Mvc.ModelBinding.UnsupportedContentTypeFilter. | 
2024-01-25 20:47:15.5070|Microsoft.AspNetCore.Mvc.Infrastructure.ControllerActionInvoker|TRACE|Result Filter: Before executing OnResultExecuting on filter Microsoft.AspNetCore.Mvc.ViewFeatures.Filters.SaveTempDataFilter. | 
2024-01-25 20:47:15.5070|Microsoft.AspNetCore.Mvc.Infrastructure.ControllerActionInvoker|TRACE|Result Filter: After executing OnResultExecuting on filter Microsoft.AspNetCore.Mvc.ViewFeatures.Filters.SaveTempDataFilter. | 
2024-01-25 20:47:15.5070|Microsoft.AspNetCore.Mvc.Infrastructure.ControllerActionInvoker|TRACE|Result Filter: Before executing OnResultExecuting on filter Microsoft.AspNetCore.Mvc.Infrastructure.ClientErrorResultFilter. | 
2024-01-25 20:47:15.5070|Microsoft.AspNetCore.Mvc.Infrastructure.ControllerActionInvoker|TRACE|Result Filter: After executing OnResultExecuting on filter Microsoft.AspNetCore.Mvc.Infrastructure.ClientErrorResultFilter. | 
2024-01-25 20:47:15.5070|Microsoft.AspNetCore.Mvc.Infrastructure.ControllerActionInvoker|TRACE|Before executing action result Microsoft.AspNetCore.Mvc.BadRequestObjectResult. | 
2024-01-25 20:47:15.5070|Microsoft.AspNetCore.Mvc.Infrastructure.DefaultOutputFormatterSelector|DEBUG|List of registered output formatters, in the following order: Microsoft.AspNetCore.Mvc.Formatters.HttpNoContentOutputFormatter, Microsoft.AspNetCore.Mvc.Formatters.StringOutputFormatter, Microsoft.AspNetCore.Mvc.Formatters.StreamOutputFormatter, Microsoft.AspNetCore.Mvc.Formatters.NewtonsoftJsonOutputFormatter | 
2024-01-25 20:47:15.5070|Microsoft.AspNetCore.Mvc.Infrastructure.DefaultOutputFormatterSelector|DEBUG|No information found on request to perform content negotiation. | 
2024-01-25 20:47:15.5070|Microsoft.AspNetCore.Mvc.Infrastructure.DefaultOutputFormatterSelector|DEBUG|Attempting to select the first output formatter in the output formatters list which supports a content type from the explicitly specified content types 'application/problem+json, application/problem+xml, application/problem+json, application/problem+xml'. | 
2024-01-25 20:47:15.5070|Microsoft.AspNetCore.Mvc.Infrastructure.DefaultOutputFormatterSelector|DEBUG|Selected output formatter 'Microsoft.AspNetCore.Mvc.Formatters.NewtonsoftJsonOutputFormatter' and content type 'application/problem+json' to write the response. | 
2024-01-25 20:47:15.5070|Microsoft.AspNetCore.Mvc.Infrastructure.ObjectResultExecutor|INFO|Executing BadRequestObjectResult, writing value of type 'Microsoft.AspNetCore.Mvc.ValidationProblemDetails'. | 
2024-01-25 20:47:15.5451|Microsoft.AspNetCore.Mvc.Infrastructure.ControllerActionInvoker|TRACE|After executing action result Microsoft.AspNetCore.Mvc.BadRequestObjectResult. | 
2024-01-25 20:47:15.5451|Microsoft.AspNetCore.Mvc.Infrastructure.ControllerActionInvoker|TRACE|Result Filter: Before executing OnResultExecuted on filter Microsoft.AspNetCore.Mvc.Infrastructure.ClientErrorResultFilter. | 
2024-01-25 20:47:15.5451|Microsoft.AspNetCore.Mvc.Infrastructure.ControllerActionInvoker|TRACE|Result Filter: After executing OnResultExecuted on filter Microsoft.AspNetCore.Mvc.Infrastructure.ClientErrorResultFilter. | 
2024-01-25 20:47:15.5451|Microsoft.AspNetCore.Mvc.Infrastructure.ControllerActionInvoker|TRACE|Result Filter: Before executing OnResultExecuted on filter Microsoft.AspNetCore.Mvc.ViewFeatures.Filters.SaveTempDataFilter. | 
2024-01-25 20:47:15.5451|Microsoft.AspNetCore.Mvc.Infrastructure.ControllerActionInvoker|TRACE|Result Filter: After executing OnResultExecuted on filter Microsoft.AspNetCore.Mvc.ViewFeatures.Filters.SaveTempDataFilter. | 
2024-01-25 20:47:15.5451|Microsoft.AspNetCore.Mvc.Infrastructure.ControllerActionInvoker|TRACE|Resource Filter: Before executing OnResourceExecuted on filter Microsoft.AspNetCore.Mvc.ViewFeatures.Filters.SaveTempDataFilter. | 
2024-01-25 20:47:15.5451|Microsoft.AspNetCore.Mvc.Infrastructure.ControllerActionInvoker|TRACE|Resource Filter: After executing OnResourceExecuted on filter Microsoft.AspNetCore.Mvc.ViewFeatures.Filters.SaveTempDataFilter. | 
2024-01-25 20:47:15.5451|Microsoft.AspNetCore.Mvc.Infrastructure.ControllerActionInvoker|INFO|Executed action PiggyBankBackEnd.Controllers.UserController.CreateUser (PiggyBankBackEnd) in 870.3063ms | 
2024-01-25 20:47:15.5451|Microsoft.AspNetCore.Routing.EndpointMiddleware|INFO|Executed endpoint 'PiggyBankBackEnd.Controllers.UserController.CreateUser (PiggyBankBackEnd)' | 
2024-01-25 20:47:15.5451|Microsoft.AspNetCore.Server.Kestrel.Connections|DEBUG|Connection id "0HN0TOKTQ0RK2" completed keep alive response. | 
2024-01-25 20:47:15.5451|Microsoft.EntityFrameworkCore.Infrastructure|DEBUG|'ApplicationDbContext' disposed. | 
2024-01-25 20:47:15.5508|Microsoft.EntityFrameworkCore.Database.Connection|DEBUG|Disposing connection to database 'PiggyBank' on server '(localdb)\MSSQLLocalDB'. | 
2024-01-25 20:47:15.5508|Microsoft.EntityFrameworkCore.Database.Connection|DEBUG|Disposed connection to database '' on server '' (1ms). | 
2024-01-25 20:47:15.5508|Microsoft.AspNetCore.Hosting.Diagnostics|INFO|Request finished HTTP/1.1 POST http://localhost:5000/api/User application/json-patch+json 53 - 400 432 application/problem+json;+charset=utf-8 949.5051ms | 
2024-01-25 20:47:53.0797|Microsoft.AspNetCore.Server.Kestrel.Transport.Sockets|DEBUG|Connection id "0HN0TOKTQ0RK3" received FIN. | 
2024-01-25 20:47:53.0797|Microsoft.AspNetCore.Server.Kestrel.Transport.Sockets|DEBUG|Connection id "0HN0TOKTQ0RK3" sending FIN because: "The Socket transport's send loop completed gracefully." | 
2024-01-25 20:47:53.0797|Microsoft.AspNetCore.Server.Kestrel.Connections|DEBUG|Connection id "0HN0TOKTQ0RK3" disconnecting. | 
2024-01-25 20:47:53.1010|Microsoft.AspNetCore.Server.Kestrel.Connections|DEBUG|Connection id "0HN0TOKTQ0RK3" stopped. | 
