2024-01-20 15:34:25.8894|Program|DEBUG|Program initialisation | 
2024-01-20 15:34:25.8894|Microsoft.Extensions.Hosting.Internal.Host|DEBUG|Hosting starting | 
2024-01-20 15:34:25.9131|Microsoft.AspNetCore.DataProtection.KeyManagement.XmlKeyManager|INFO|User profile is available. Using 'C:\Users\Yulia\AppData\Local\ASP.NET\DataProtection-Keys' as key repository and Windows DPAPI to encrypt keys at rest. | 
2024-01-20 15:34:25.9182|Microsoft.AspNetCore.DataProtection.Repositories.FileSystemXmlRepository|DEBUG|Reading data from file 'C:\Users\Yulia\AppData\Local\ASP.NET\DataProtection-Keys\key-03f48be6-6eba-4f09-a62b-0dac1b4d7346.xml'. | 
2024-01-20 15:34:25.9182|Microsoft.AspNetCore.DataProtection.KeyManagement.XmlKeyManager|DEBUG|Found key {03f48be6-6eba-4f09-a62b-0dac1b4d7346}. | 
2024-01-20 15:34:25.9182|Microsoft.AspNetCore.DataProtection.KeyManagement.DefaultKeyResolver|DEBUG|Considering key {03f48be6-6eba-4f09-a62b-0dac1b4d7346} with expiration date 2024-04-06 09:25:04Z as default key. | 
2024-01-20 15:34:25.9182|Microsoft.AspNetCore.DataProtection.TypeForwardingActivator|DEBUG|Forwarded activator type request from Microsoft.AspNetCore.DataProtection.XmlEncryption.DpapiXmlDecryptor, Microsoft.AspNetCore.DataProtection, Version=7.0.0.0, Culture=neutral, PublicKeyToken=adb9793829ddae60 to Microsoft.AspNetCore.DataProtection.XmlEncryption.DpapiXmlDecryptor, Microsoft.AspNetCore.DataProtection, Culture=neutral, PublicKeyToken=adb9793829ddae60 | 
2024-01-20 15:34:25.9182|Microsoft.AspNetCore.DataProtection.XmlEncryption.DpapiXmlDecryptor|DEBUG|Decrypting secret element using Windows DPAPI. | 
2024-01-20 15:34:25.9182|Microsoft.AspNetCore.DataProtection.TypeForwardingActivator|DEBUG|Forwarded activator type request from Microsoft.AspNetCore.DataProtection.AuthenticatedEncryption.ConfigurationModel.AuthenticatedEncryptorDescriptorDeserializer, Microsoft.AspNetCore.DataProtection, Version=7.0.0.0, Culture=neutral, PublicKeyToken=adb9793829ddae60 to Microsoft.AspNetCore.DataProtection.AuthenticatedEncryption.ConfigurationModel.AuthenticatedEncryptorDescriptorDeserializer, Microsoft.AspNetCore.DataProtection, Culture=neutral, PublicKeyToken=adb9793829ddae60 | 
2024-01-20 15:34:25.9182|Microsoft.AspNetCore.DataProtection.AuthenticatedEncryption.CngCbcAuthenticatedEncryptorFactory|DEBUG|Opening CNG algorithm 'AES' from provider '(null)' with chaining mode CBC. | 
2024-01-20 15:34:25.9182|Microsoft.AspNetCore.DataProtection.AuthenticatedEncryption.CngCbcAuthenticatedEncryptorFactory|DEBUG|Opening CNG algorithm 'SHA256' from provider '(null)' with HMAC. | 
2024-01-20 15:34:25.9182|Microsoft.AspNetCore.DataProtection.KeyManagement.KeyRingProvider|DEBUG|Using key {03f48be6-6eba-4f09-a62b-0dac1b4d7346} as the default key. | 
2024-01-20 15:34:25.9182|Microsoft.AspNetCore.DataProtection.Internal.DataProtectionHostedService|DEBUG|Key ring with default key {03f48be6-6eba-4f09-a62b-0dac1b4d7346} was loaded during application startup. | 
2024-01-20 15:34:26.0262|Microsoft.Hosting.Lifetime|INFO|Now listening on: http://localhost:5000 | 
2024-01-20 15:34:26.0262|Microsoft.AspNetCore.Hosting.Diagnostics|DEBUG|Loaded hosting startup assembly PiggyBankBackEnd | 
2024-01-20 15:34:26.0262|Microsoft.AspNetCore.Hosting.Diagnostics|DEBUG|Loaded hosting startup assembly Microsoft.AspNetCore.Watch.BrowserRefresh | 
2024-01-20 15:34:26.0262|Microsoft.AspNetCore.Hosting.Diagnostics|DEBUG|Loaded hosting startup assembly Microsoft.WebTools.BrowserLink.Net | 
2024-01-20 15:34:26.0262|Microsoft.Hosting.Lifetime|INFO|Application started. Press Ctrl+C to shut down. | 
2024-01-20 15:34:26.0262|Microsoft.Hosting.Lifetime|INFO|Hosting environment: Development | 
2024-01-20 15:34:26.0262|Microsoft.Hosting.Lifetime|INFO|Content root path: F:\Yulya\repos\PiggyBank\PiggyBankBackEnd | 
2024-01-20 15:34:26.0262|Microsoft.Extensions.Hosting.Internal.Host|DEBUG|Hosting started | 
2024-01-20 15:34:26.0649|Microsoft.AspNetCore.Server.Kestrel.Connections|DEBUG|Connection id "0HN0PLF0S5RPJ" accepted. | 
2024-01-20 15:34:26.0649|Microsoft.AspNetCore.Server.Kestrel.Connections|DEBUG|Connection id "0HN0PLF0S5RPJ" started. | 
2024-01-20 15:34:26.0745|Microsoft.AspNetCore.Server.Kestrel.Connections|DEBUG|Connection id "0HN0PLF0S5RPK" accepted. | 
2024-01-20 15:34:26.0745|Microsoft.AspNetCore.Server.Kestrel.Connections|DEBUG|Connection id "0HN0PLF0S5RPK" started. | 
2024-01-20 15:34:26.1057|Microsoft.AspNetCore.Server.Kestrel.Transport.Sockets|DEBUG|Connection id "0HN0PLF0S5RPK" received FIN. | 
2024-01-20 15:34:26.1057|Microsoft.AspNetCore.Server.Kestrel.Transport.Sockets|DEBUG|Connection id "0HN0PLF0S5RPJ" received FIN. | 
2024-01-20 15:34:26.1057|Microsoft.AspNetCore.Server.Kestrel.Transport.Sockets|DEBUG|Connection id "0HN0PLF0S5RPK" sending FIN because: "The Socket transport's send loop completed gracefully." | 
2024-01-20 15:34:26.1271|Microsoft.AspNetCore.Server.Kestrel.Connections|DEBUG|Connection id "0HN0PLF0S5RPK" disconnecting. | 
2024-01-20 15:34:26.1271|Microsoft.AspNetCore.Server.Kestrel.Transport.Sockets|DEBUG|Connection id "0HN0PLF0S5RPJ" sending FIN because: "The Socket transport's send loop completed gracefully." | 
2024-01-20 15:34:26.1271|Microsoft.AspNetCore.Server.Kestrel.Connections|DEBUG|Connection id "0HN0PLF0S5RPJ" disconnecting. | 
2024-01-20 15:34:26.1271|Microsoft.AspNetCore.Server.Kestrel.Connections|DEBUG|Connection id "0HN0PLF0S5RPK" stopped. | 
2024-01-20 15:34:26.1271|Microsoft.AspNetCore.Server.Kestrel.Connections|DEBUG|Connection id "0HN0PLF0S5RPJ" stopped. | 
2024-01-20 15:34:26.2282|Microsoft.AspNetCore.Server.Kestrel.Connections|DEBUG|Connection id "0HN0PLF0S5RPL" accepted. | 
2024-01-20 15:34:26.2282|Microsoft.AspNetCore.Server.Kestrel.Connections|DEBUG|Connection id "0HN0PLF0S5RPL" started. | 
2024-01-20 15:34:26.2282|Microsoft.AspNetCore.Server.Kestrel.Connections|DEBUG|Connection id "0HN0PLF0S5RPM" accepted. | 
2024-01-20 15:34:26.2282|Microsoft.AspNetCore.Server.Kestrel.Connections|DEBUG|Connection id "0HN0PLF0S5RPM" started. | 
2024-01-20 15:34:26.2631|Microsoft.AspNetCore.Hosting.Diagnostics|INFO|Request starting HTTP/1.1 GET http://localhost:5000/swagger/index.html - - | 
2024-01-20 15:34:26.3407|Microsoft.AspNetCore.HostFiltering.HostFilteringMiddleware|DEBUG|Wildcard detected, all requests with hosts will be allowed. | 
2024-01-20 15:34:26.3407|Microsoft.AspNetCore.HostFiltering.HostFilteringMiddleware|TRACE|All hosts are allowed. | 
2024-01-20 15:34:26.3547|Microsoft.AspNetCore.Routing.Matching.DfaMatcher|DEBUG|No candidates found for the request path '/swagger/index.html' | 
2024-01-20 15:34:26.3547|Microsoft.AspNetCore.Routing.EndpointRoutingMiddleware|DEBUG|Request did not match any endpoints | 
2024-01-20 15:34:26.4344|Microsoft.AspNetCore.Watch.BrowserRefresh.BrowserRefreshMiddleware|DEBUG|Response markup is scheduled to include browser refresh script injection. | 
2024-01-20 15:34:26.4481|Microsoft.AspNetCore.Watch.BrowserRefresh.BrowserRefreshMiddleware|DEBUG|Response markup was updated to include browser refresh script injection. | 
2024-01-20 15:34:26.4481|Microsoft.AspNetCore.Server.Kestrel.Connections|DEBUG|Connection id "0HN0PLF0S5RPL" completed keep alive response. | 
2024-01-20 15:34:26.4481|Microsoft.AspNetCore.Hosting.Diagnostics|INFO|Request finished HTTP/1.1 GET http://localhost:5000/swagger/index.html - - - 200 - text/html;charset=utf-8 187.4450ms | 
2024-01-20 15:34:26.4738|Microsoft.AspNetCore.Hosting.Diagnostics|INFO|Request starting HTTP/1.1 GET http://localhost:5000/_framework/aspnetcore-browser-refresh.js - - | 
2024-01-20 15:34:26.4738|Microsoft.AspNetCore.Server.Kestrel.Connections|DEBUG|Connection id "0HN0PLF0S5RPL" completed keep alive response. | 
2024-01-20 15:34:26.4738|Microsoft.AspNetCore.Hosting.Diagnostics|INFO|Request finished HTTP/1.1 GET http://localhost:5000/_framework/aspnetcore-browser-refresh.js - - - 200 13768 application/javascript;+charset=utf-8 1.9527ms | 
2024-01-20 15:34:26.4914|Microsoft.AspNetCore.Hosting.Diagnostics|INFO|Request starting HTTP/1.1 GET http://localhost:5000/_vs/browserLink - - | 
2024-01-20 15:34:26.5157|Microsoft.AspNetCore.Server.Kestrel.Connections|DEBUG|Connection id "0HN0PLF0S5RPL" completed keep alive response. | 
2024-01-20 15:34:26.5157|Microsoft.AspNetCore.Hosting.Diagnostics|INFO|Request finished HTTP/1.1 GET http://localhost:5000/_vs/browserLink - - - 200 - text/javascript;+charset=UTF-8 24.4749ms | 
2024-01-20 15:34:26.5875|Microsoft.AspNetCore.Hosting.Diagnostics|INFO|Request starting HTTP/1.1 GET http://localhost:5000/swagger/v1/swagger.json - - | 
2024-01-20 15:34:26.5875|Microsoft.AspNetCore.HostFiltering.HostFilteringMiddleware|TRACE|All hosts are allowed. | 
2024-01-20 15:34:26.5875|Microsoft.AspNetCore.Routing.Matching.DfaMatcher|DEBUG|No candidates found for the request path '/swagger/v1/swagger.json' | 
2024-01-20 15:34:26.5875|Microsoft.AspNetCore.Routing.EndpointRoutingMiddleware|DEBUG|Request did not match any endpoints | 
2024-01-20 15:34:26.6639|Microsoft.AspNetCore.Server.Kestrel.Connections|DEBUG|Connection id "0HN0PLF0S5RPL" completed keep alive response. | 
2024-01-20 15:34:26.6639|Microsoft.AspNetCore.Hosting.Diagnostics|INFO|Request finished HTTP/1.1 GET http://localhost:5000/swagger/v1/swagger.json - - - 200 - application/json;charset=utf-8 76.5688ms | 
