2024-01-22 20:28:34.7443|Program|DEBUG|Program initialisation | 
2024-01-22 20:28:34.7443|Microsoft.Extensions.Hosting.Internal.Host|DEBUG|Hosting starting | 
2024-01-22 20:28:34.7677|Microsoft.AspNetCore.DataProtection.KeyManagement.XmlKeyManager|INFO|User profile is available. Using 'C:\Users\Yulia\AppData\Local\ASP.NET\DataProtection-Keys' as key repository and Windows DPAPI to encrypt keys at rest. | 
2024-01-22 20:28:34.7677|Microsoft.AspNetCore.DataProtection.Repositories.FileSystemXmlRepository|DEBUG|Reading data from file 'C:\Users\Yulia\AppData\Local\ASP.NET\DataProtection-Keys\key-03f48be6-6eba-4f09-a62b-0dac1b4d7346.xml'. | 
2024-01-22 20:28:34.7747|Microsoft.AspNetCore.DataProtection.KeyManagement.XmlKeyManager|DEBUG|Found key {03f48be6-6eba-4f09-a62b-0dac1b4d7346}. | 
2024-01-22 20:28:34.7747|Microsoft.AspNetCore.DataProtection.KeyManagement.DefaultKeyResolver|DEBUG|Considering key {03f48be6-6eba-4f09-a62b-0dac1b4d7346} with expiration date 2024-04-06 09:25:04Z as default key. | 
2024-01-22 20:28:34.7747|Microsoft.AspNetCore.DataProtection.TypeForwardingActivator|DEBUG|Forwarded activator type request from Microsoft.AspNetCore.DataProtection.XmlEncryption.DpapiXmlDecryptor, Microsoft.AspNetCore.DataProtection, Version=7.0.0.0, Culture=neutral, PublicKeyToken=adb9793829ddae60 to Microsoft.AspNetCore.DataProtection.XmlEncryption.DpapiXmlDecryptor, Microsoft.AspNetCore.DataProtection, Culture=neutral, PublicKeyToken=adb9793829ddae60 | 
2024-01-22 20:28:34.7747|Microsoft.AspNetCore.DataProtection.XmlEncryption.DpapiXmlDecryptor|DEBUG|Decrypting secret element using Windows DPAPI. | 
2024-01-22 20:28:34.7747|Microsoft.AspNetCore.DataProtection.TypeForwardingActivator|DEBUG|Forwarded activator type request from Microsoft.AspNetCore.DataProtection.AuthenticatedEncryption.ConfigurationModel.AuthenticatedEncryptorDescriptorDeserializer, Microsoft.AspNetCore.DataProtection, Version=7.0.0.0, Culture=neutral, PublicKeyToken=adb9793829ddae60 to Microsoft.AspNetCore.DataProtection.AuthenticatedEncryption.ConfigurationModel.AuthenticatedEncryptorDescriptorDeserializer, Microsoft.AspNetCore.DataProtection, Culture=neutral, PublicKeyToken=adb9793829ddae60 | 
2024-01-22 20:28:34.7747|Microsoft.AspNetCore.DataProtection.AuthenticatedEncryption.CngCbcAuthenticatedEncryptorFactory|DEBUG|Opening CNG algorithm 'AES' from provider '(null)' with chaining mode CBC. | 
2024-01-22 20:28:34.7747|Microsoft.AspNetCore.DataProtection.AuthenticatedEncryption.CngCbcAuthenticatedEncryptorFactory|DEBUG|Opening CNG algorithm 'SHA256' from provider '(null)' with HMAC. | 
2024-01-22 20:28:34.7747|Microsoft.AspNetCore.DataProtection.KeyManagement.KeyRingProvider|DEBUG|Using key {03f48be6-6eba-4f09-a62b-0dac1b4d7346} as the default key. | 
2024-01-22 20:28:34.7747|Microsoft.AspNetCore.DataProtection.Internal.DataProtectionHostedService|DEBUG|Key ring with default key {03f48be6-6eba-4f09-a62b-0dac1b4d7346} was loaded during application startup. | 
2024-01-22 20:28:34.8826|Microsoft.Hosting.Lifetime|INFO|Now listening on: http://localhost:5000 | 
2024-01-22 20:28:34.8826|Microsoft.AspNetCore.Hosting.Diagnostics|DEBUG|Loaded hosting startup assembly PiggyBankBackEnd | 
2024-01-22 20:28:34.8826|Microsoft.AspNetCore.Hosting.Diagnostics|DEBUG|Loaded hosting startup assembly Microsoft.AspNetCore.Watch.BrowserRefresh | 
2024-01-22 20:28:34.8826|Microsoft.AspNetCore.Hosting.Diagnostics|DEBUG|Loaded hosting startup assembly Microsoft.WebTools.BrowserLink.Net | 
2024-01-22 20:28:34.8826|Microsoft.Hosting.Lifetime|INFO|Application started. Press Ctrl+C to shut down. | 
2024-01-22 20:28:34.8826|Microsoft.Hosting.Lifetime|INFO|Hosting environment: Development | 
2024-01-22 20:28:34.8826|Microsoft.Hosting.Lifetime|INFO|Content root path: F:\Yulya\repos\PiggyBank\PiggyBankBackEnd | 
2024-01-22 20:28:34.8826|Microsoft.Extensions.Hosting.Internal.Host|DEBUG|Hosting started | 
2024-01-22 20:28:35.3861|Microsoft.AspNetCore.Server.Kestrel.Connections|DEBUG|Connection id "0HN0RCSN6E6BF" accepted. | 
2024-01-22 20:28:35.3861|Microsoft.AspNetCore.Server.Kestrel.Connections|DEBUG|Connection id "0HN0RCSN6E6BF" started. | 
2024-01-22 20:28:35.3861|Microsoft.AspNetCore.Server.Kestrel.Connections|DEBUG|Connection id "0HN0RCSN6E6BG" accepted. | 
2024-01-22 20:28:35.3861|Microsoft.AspNetCore.Server.Kestrel.Connections|DEBUG|Connection id "0HN0RCSN6E6BG" started. | 
2024-01-22 20:28:35.4054|Microsoft.AspNetCore.Server.Kestrel.Transport.Sockets|DEBUG|Connection id "0HN0RCSN6E6BG" received FIN. | 
2024-01-22 20:28:35.4054|Microsoft.AspNetCore.Server.Kestrel.Transport.Sockets|DEBUG|Connection id "0HN0RCSN6E6BF" received FIN. | 
2024-01-22 20:28:35.4054|Microsoft.AspNetCore.Server.Kestrel.Transport.Sockets|DEBUG|Connection id "0HN0RCSN6E6BG" sending FIN because: "The Socket transport's send loop completed gracefully." | 
2024-01-22 20:28:35.4054|Microsoft.AspNetCore.Server.Kestrel.Transport.Sockets|DEBUG|Connection id "0HN0RCSN6E6BF" sending FIN because: "The Socket transport's send loop completed gracefully." | 
2024-01-22 20:28:35.4187|Microsoft.AspNetCore.Server.Kestrel.Connections|DEBUG|Connection id "0HN0RCSN6E6BG" disconnecting. | 
2024-01-22 20:28:35.4187|Microsoft.AspNetCore.Server.Kestrel.Connections|DEBUG|Connection id "0HN0RCSN6E6BF" disconnecting. | 
2024-01-22 20:28:35.4297|Microsoft.AspNetCore.Server.Kestrel.Connections|DEBUG|Connection id "0HN0RCSN6E6BG" stopped. | 
2024-01-22 20:28:35.4297|Microsoft.AspNetCore.Server.Kestrel.Connections|DEBUG|Connection id "0HN0RCSN6E6BF" stopped. | 
2024-01-22 20:28:38.2646|Microsoft.AspNetCore.Server.Kestrel.Connections|DEBUG|Connection id "0HN0RCSN6E6BH" accepted. | 
2024-01-22 20:28:38.2646|Microsoft.AspNetCore.Server.Kestrel.Connections|DEBUG|Connection id "0HN0RCSN6E6BH" started. | 
2024-01-22 20:28:38.2646|Microsoft.AspNetCore.Server.Kestrel.Connections|DEBUG|Connection id "0HN0RCSN6E6BI" accepted. | 
2024-01-22 20:28:38.2646|Microsoft.AspNetCore.Server.Kestrel.Connections|DEBUG|Connection id "0HN0RCSN6E6BI" started. | 
2024-01-22 20:28:38.3080|Microsoft.AspNetCore.Hosting.Diagnostics|INFO|Request starting HTTP/1.1 GET http://localhost:5000/swagger/index.html - - | 
2024-01-22 20:28:38.3837|Microsoft.AspNetCore.HostFiltering.HostFilteringMiddleware|DEBUG|Wildcard detected, all requests with hosts will be allowed. | 
2024-01-22 20:28:38.3837|Microsoft.AspNetCore.HostFiltering.HostFilteringMiddleware|TRACE|All hosts are allowed. | 
2024-01-22 20:28:38.3989|Microsoft.AspNetCore.Routing.Matching.DfaMatcher|DEBUG|No candidates found for the request path '/swagger/index.html' | 
2024-01-22 20:28:38.3989|Microsoft.AspNetCore.Routing.EndpointRoutingMiddleware|DEBUG|Request did not match any endpoints | 
2024-01-22 20:28:38.4816|Microsoft.AspNetCore.Watch.BrowserRefresh.BrowserRefreshMiddleware|DEBUG|Response markup is scheduled to include browser refresh script injection. | 
2024-01-22 20:28:38.4930|Microsoft.AspNetCore.Watch.BrowserRefresh.BrowserRefreshMiddleware|DEBUG|Response markup was updated to include browser refresh script injection. | 
2024-01-22 20:28:38.4930|Microsoft.AspNetCore.Server.Kestrel.Connections|DEBUG|Connection id "0HN0RCSN6E6BH" completed keep alive response. | 
2024-01-22 20:28:38.4930|Microsoft.AspNetCore.Hosting.Diagnostics|INFO|Request finished HTTP/1.1 GET http://localhost:5000/swagger/index.html - - - 200 - text/html;charset=utf-8 188.1234ms | 
2024-01-22 20:28:38.5113|Microsoft.AspNetCore.Hosting.Diagnostics|INFO|Request starting HTTP/1.1 GET http://localhost:5000/_framework/aspnetcore-browser-refresh.js - - | 
2024-01-22 20:28:38.5113|Microsoft.AspNetCore.Server.Kestrel.Connections|DEBUG|Connection id "0HN0RCSN6E6BH" completed keep alive response. | 
2024-01-22 20:28:38.5113|Microsoft.AspNetCore.Hosting.Diagnostics|INFO|Request finished HTTP/1.1 GET http://localhost:5000/_framework/aspnetcore-browser-refresh.js - - - 200 13768 application/javascript;+charset=utf-8 2.4134ms | 
2024-01-22 20:28:38.5113|Microsoft.AspNetCore.Hosting.Diagnostics|INFO|Request starting HTTP/1.1 GET http://localhost:5000/_vs/browserLink - - | 
2024-01-22 20:28:38.5445|Microsoft.AspNetCore.Server.Kestrel.Connections|DEBUG|Connection id "0HN0RCSN6E6BI" completed keep alive response. | 
2024-01-22 20:28:38.5445|Microsoft.AspNetCore.Hosting.Diagnostics|INFO|Request finished HTTP/1.1 GET http://localhost:5000/_vs/browserLink - - - 200 - text/javascript;+charset=UTF-8 25.2150ms | 
2024-01-22 20:28:38.5957|Microsoft.AspNetCore.Hosting.Diagnostics|INFO|Request starting HTTP/1.1 GET http://localhost:5000/swagger/v1/swagger.json - - | 
2024-01-22 20:28:38.5957|Microsoft.AspNetCore.HostFiltering.HostFilteringMiddleware|TRACE|All hosts are allowed. | 
2024-01-22 20:28:38.5957|Microsoft.AspNetCore.Routing.Matching.DfaMatcher|DEBUG|No candidates found for the request path '/swagger/v1/swagger.json' | 
2024-01-22 20:28:38.5957|Microsoft.AspNetCore.Routing.EndpointRoutingMiddleware|DEBUG|Request did not match any endpoints | 
2024-01-22 20:28:38.6918|Microsoft.AspNetCore.Server.Kestrel.Connections|DEBUG|Connection id "0HN0RCSN6E6BI" completed keep alive response. | 
2024-01-22 20:28:38.6918|Microsoft.AspNetCore.Hosting.Diagnostics|INFO|Request finished HTTP/1.1 GET http://localhost:5000/swagger/v1/swagger.json - - - 200 - application/json;charset=utf-8 96.4409ms | 
2024-01-22 20:28:40.5728|Microsoft.AspNetCore.Server.Kestrel.Transport.Sockets|DEBUG|Connection id "0HN0RCSN6E6BI" received FIN. | 
2024-01-22 20:28:40.5728|Microsoft.AspNetCore.Server.Kestrel.Transport.Sockets|DEBUG|Connection id "0HN0RCSN6E6BH" received FIN. | 
2024-01-22 20:28:40.5728|Microsoft.AspNetCore.Server.Kestrel.Transport.Sockets|DEBUG|Connection id "0HN0RCSN6E6BI" sending FIN because: "The Socket transport's send loop completed gracefully." | 
2024-01-22 20:28:40.5728|Microsoft.AspNetCore.Server.Kestrel.Connections|DEBUG|Connection id "0HN0RCSN6E6BH" disconnecting. | 
2024-01-22 20:28:40.5728|Microsoft.AspNetCore.Server.Kestrel.Connections|DEBUG|Connection id "0HN0RCSN6E6BI" disconnecting. | 
2024-01-22 20:28:40.5728|Microsoft.AspNetCore.Server.Kestrel.Connections|DEBUG|Connection id "0HN0RCSN6E6BH" stopped. | 
2024-01-22 20:28:40.5728|Microsoft.AspNetCore.Server.Kestrel.Transport.Sockets|DEBUG|Connection id "0HN0RCSN6E6BH" sending FIN because: "The Socket transport's send loop completed gracefully." | 
2024-01-22 20:28:40.5728|Microsoft.AspNetCore.Server.Kestrel.Connections|DEBUG|Connection id "0HN0RCSN6E6BI" stopped. | 
2024-01-22 20:29:02.9148|Microsoft.AspNetCore.Server.Kestrel.Connections|DEBUG|Connection id "0HN0RCSN6E6BJ" accepted. | 
2024-01-22 20:29:02.9148|Microsoft.AspNetCore.Server.Kestrel.Connections|DEBUG|Connection id "0HN0RCSN6E6BJ" started. | 
2024-01-22 20:29:02.9148|Microsoft.AspNetCore.Hosting.Diagnostics|INFO|Request starting HTTP/1.1 POST http://localhost:5000/api/User application/json-patch+json 42 | 
2024-01-22 20:29:02.9148|Microsoft.AspNetCore.HostFiltering.HostFilteringMiddleware|TRACE|All hosts are allowed. | 
2024-01-22 20:29:02.9294|Microsoft.AspNetCore.Routing.Matching.DfaMatcher|DEBUG|1 candidate(s) found for the request path '/api/User' | 
2024-01-22 20:29:02.9294|Microsoft.AspNetCore.Routing.Matching.DfaMatcher|DEBUG|Endpoint 'PiggyBankBackEnd.Controllers.UserController.CreateUser (PiggyBankBackEnd)' with route pattern 'api/User' is valid for the request path '/api/User' | 
2024-01-22 20:29:02.9294|Microsoft.AspNetCore.Routing.EndpointRoutingMiddleware|DEBUG|Request matched endpoint 'PiggyBankBackEnd.Controllers.UserController.CreateUser (PiggyBankBackEnd)' | 
2024-01-22 20:29:02.9294|Microsoft.AspNetCore.StaticFiles.StaticFileMiddleware|DEBUG|Static files was skipped as the request already matched an endpoint. | 
2024-01-22 20:29:02.9294|Microsoft.AspNetCore.Cors.Infrastructure.CorsService|DEBUG|The request has an origin header: 'http://localhost:5000'. | 
2024-01-22 20:29:02.9294|Microsoft.AspNetCore.Cors.Infrastructure.CorsService|INFO|CORS policy execution failed. | 
2024-01-22 20:29:02.9294|Microsoft.AspNetCore.Cors.Infrastructure.CorsService|INFO|Request origin http://localhost:5000 does not have permission to access the resource. | 
2024-01-22 20:29:02.9294|Microsoft.AspNetCore.HttpsPolicy.HttpsRedirectionMiddleware|WARN|Failed to determine the https port for redirect. | 
2024-01-22 20:29:03.0035|Microsoft.AspNetCore.Authentication.JwtBearer.JwtBearerHandler|DEBUG|AuthenticationScheme: Bearer was not authenticated. | 
2024-01-22 20:29:03.0035|Microsoft.AspNetCore.Routing.EndpointMiddleware|INFO|Executing endpoint 'PiggyBankBackEnd.Controllers.UserController.CreateUser (PiggyBankBackEnd)' | 
2024-01-22 20:29:03.0335|Microsoft.AspNetCore.Mvc.Infrastructure.ControllerActionInvoker|INFO|Route matched with {action = "CreateUser", controller = "User"}. Executing controller action with signature System.Threading.Tasks.Task`1[Microsoft.AspNetCore.Mvc.IActionResult] CreateUser(PiggyBankBackEnd.DTOs.CreateUpdateUserDTO) on controller PiggyBankBackEnd.Controllers.UserController (PiggyBankBackEnd). | 
2024-01-22 20:29:03.0335|Microsoft.AspNetCore.Mvc.Infrastructure.ControllerActionInvoker|DEBUG|Execution plan of authorization filters (in the following order): None | 
2024-01-22 20:29:03.0335|Microsoft.AspNetCore.Mvc.Infrastructure.ControllerActionInvoker|DEBUG|Execution plan of resource filters (in the following order): Microsoft.AspNetCore.Mvc.ViewFeatures.Filters.SaveTempDataFilter | 
2024-01-22 20:29:03.0335|Microsoft.AspNetCore.Mvc.Infrastructure.ControllerActionInvoker|DEBUG|Execution plan of action filters (in the following order): Microsoft.AspNetCore.Mvc.ModelBinding.UnsupportedContentTypeFilter (Order: -3000), Microsoft.AspNetCore.Mvc.Infrastructure.ModelStateInvalidFilter (Order: -2000) | 
2024-01-22 20:29:03.0335|Microsoft.AspNetCore.Mvc.Infrastructure.ControllerActionInvoker|DEBUG|Execution plan of exception filters (in the following order): None | 
2024-01-22 20:29:03.0335|Microsoft.AspNetCore.Mvc.Infrastructure.ControllerActionInvoker|DEBUG|Execution plan of result filters (in the following order): Microsoft.AspNetCore.Mvc.ViewFeatures.Filters.SaveTempDataFilter, Microsoft.AspNetCore.Mvc.Infrastructure.ClientErrorResultFilter (Order: -2000) | 
2024-01-22 20:29:03.0374|Microsoft.AspNetCore.Mvc.Infrastructure.ControllerActionInvoker|TRACE|Resource Filter: Before executing OnResourceExecuting on filter Microsoft.AspNetCore.Mvc.ViewFeatures.Filters.SaveTempDataFilter. | 
2024-01-22 20:29:03.0374|Microsoft.AspNetCore.Mvc.Infrastructure.ControllerActionInvoker|TRACE|Resource Filter: After executing OnResourceExecuting on filter Microsoft.AspNetCore.Mvc.ViewFeatures.Filters.SaveTempDataFilter. | 
2024-01-22 20:29:03.0374|Microsoft.AspNetCore.Mvc.Infrastructure.ControllerActionInvoker|DEBUG|Executing controller factory for controller PiggyBankBackEnd.Controllers.UserController (PiggyBankBackEnd) | 
2024-01-22 20:29:03.1676|Microsoft.EntityFrameworkCore.Infrastructure|DEBUG|An 'IServiceProvider' was created for internal use by Entity Framework. | 
2024-01-22 20:29:03.7525|Microsoft.EntityFrameworkCore.Infrastructure|DEBUG|Entity Framework Core 7.0.10 initialized 'ApplicationDbContext' using provider 'Microsoft.EntityFrameworkCore.SqlServer:7.0.10' with options: None | 
2024-01-22 20:29:03.7749|Microsoft.EntityFrameworkCore.Database.Connection|DEBUG|Creating DbConnection. | 
2024-01-22 20:29:03.8113|Microsoft.EntityFrameworkCore.Database.Connection|DEBUG|Created DbConnection. (35ms). | 
2024-01-22 20:29:03.8113|Microsoft.EntityFrameworkCore.Database.Connection|DEBUG|Opening connection to database 'PiggyBank' on server '(localdb)\MSSQLLocalDB'. | 
2024-01-22 20:29:04.1053|Microsoft.EntityFrameworkCore.Database.Connection|DEBUG|Opened connection to database 'PiggyBank' on server '(localdb)\MSSQLLocalDB'. | 
2024-01-22 20:29:04.1053|Microsoft.EntityFrameworkCore.Database.Command|DEBUG|Creating DbCommand for 'ExecuteNonQuery'. | 
2024-01-22 20:29:04.1173|Microsoft.EntityFrameworkCore.Database.Command|DEBUG|Created DbCommand for 'ExecuteNonQuery' (4ms). | 
2024-01-22 20:29:04.1173|Microsoft.EntityFrameworkCore.Database.Command|DEBUG|Initialized DbCommand for 'ExecuteNonQuery' (9ms). | 
2024-01-22 20:29:04.1173|Microsoft.EntityFrameworkCore.Database.Command|DEBUG|Executing DbCommand [Parameters=[], CommandType='Text', CommandTimeout='30']
SELECT 1 | 
2024-01-22 20:29:04.1507|Microsoft.EntityFrameworkCore.Database.Command|INFO|Executed DbCommand (26ms) [Parameters=[], CommandType='Text', CommandTimeout='30']
SELECT 1 | 
2024-01-22 20:29:04.1507|Microsoft.EntityFrameworkCore.Database.Connection|DEBUG|Closing connection to database 'PiggyBank' on server '(localdb)\MSSQLLocalDB'. | 
2024-01-22 20:29:04.1507|Microsoft.EntityFrameworkCore.Database.Connection|DEBUG|Closed connection to database 'PiggyBank' on server '(localdb)\MSSQLLocalDB' (5ms). | 
2024-01-22 20:29:04.1637|Microsoft.EntityFrameworkCore.Database.Command|DEBUG|Creating DbCommand for 'ExecuteScalar'. | 
2024-01-22 20:29:04.1637|Microsoft.EntityFrameworkCore.Database.Command|DEBUG|Created DbCommand for 'ExecuteScalar' (0ms). | 
2024-01-22 20:29:04.1637|Microsoft.EntityFrameworkCore.Database.Command|DEBUG|Initialized DbCommand for 'ExecuteScalar' (0ms). | 
2024-01-22 20:29:04.1637|Microsoft.EntityFrameworkCore.Database.Connection|DEBUG|Opening connection to database 'PiggyBank' on server '(localdb)\MSSQLLocalDB'. | 
2024-01-22 20:29:04.1637|Microsoft.EntityFrameworkCore.Database.Connection|DEBUG|Opened connection to database 'PiggyBank' on server '(localdb)\MSSQLLocalDB'. | 
2024-01-22 20:29:04.1637|Microsoft.EntityFrameworkCore.Database.Command|DEBUG|Executing DbCommand [Parameters=[], CommandType='Text', CommandTimeout='30']

IF EXISTS
    (SELECT *
     FROM [sys].[objects] o
     WHERE [o].[type] = 'U'
     AND [o].[is_ms_shipped] = 0
     AND NOT EXISTS (SELECT *
         FROM [sys].[extended_properties] AS [ep]
         WHERE [ep].[major_id] = [o].[object_id]
             AND [ep].[minor_id] = 0
             AND [ep].[class] = 1
             AND [ep].[name] = N'microsoft_database_tools_support'
    )
)
SELECT 1 ELSE SELECT 0 | 
2024-01-22 20:29:04.2088|Microsoft.EntityFrameworkCore.Database.Command|INFO|Executed DbCommand (43ms) [Parameters=[], CommandType='Text', CommandTimeout='30']

IF EXISTS
    (SELECT *
     FROM [sys].[objects] o
     WHERE [o].[type] = 'U'
     AND [o].[is_ms_shipped] = 0
     AND NOT EXISTS (SELECT *
         FROM [sys].[extended_properties] AS [ep]
         WHERE [ep].[major_id] = [o].[object_id]
             AND [ep].[minor_id] = 0
             AND [ep].[class] = 1
             AND [ep].[name] = N'microsoft_database_tools_support'
    )
)
SELECT 1 ELSE SELECT 0 | 
2024-01-22 20:29:04.2090|Microsoft.EntityFrameworkCore.Database.Connection|DEBUG|Closing connection to database 'PiggyBank' on server '(localdb)\MSSQLLocalDB'. | 
2024-01-22 20:29:04.2090|Microsoft.EntityFrameworkCore.Database.Connection|DEBUG|Closed connection to database 'PiggyBank' on server '(localdb)\MSSQLLocalDB' (0ms). | 
2024-01-22 20:29:04.2090|Microsoft.AspNetCore.Mvc.Infrastructure.ControllerActionInvoker|DEBUG|Executed controller factory for controller PiggyBankBackEnd.Controllers.UserController (PiggyBankBackEnd) | 
2024-01-22 20:29:04.2090|Microsoft.AspNetCore.Mvc.ModelBinding.ParameterBinder|DEBUG|Attempting to bind parameter 'dto' of type 'PiggyBankBackEnd.DTOs.CreateUpdateUserDTO' ... | 
2024-01-22 20:29:04.2090|Microsoft.AspNetCore.Mvc.ModelBinding.Binders.BodyModelBinder|DEBUG|Attempting to bind parameter 'dto' of type 'PiggyBankBackEnd.DTOs.CreateUpdateUserDTO' using the name '' in request data ... | 
2024-01-22 20:29:04.2090|Microsoft.AspNetCore.Mvc.ModelBinding.Binders.BodyModelBinder|DEBUG|Rejected input formatter 'Microsoft.AspNetCore.Mvc.Formatters.NewtonsoftJsonPatchInputFormatter' for content type 'application/json-patch+json'. | 
2024-01-22 20:29:04.2090|Microsoft.AspNetCore.Mvc.ModelBinding.Binders.BodyModelBinder|DEBUG|Selected input formatter 'Microsoft.AspNetCore.Mvc.Formatters.NewtonsoftJsonInputFormatter' for content type 'application/json-patch+json'. | 
2024-01-22 20:29:04.2263|Microsoft.AspNetCore.Server.Kestrel|DEBUG|Connection id "0HN0RCSN6E6BJ", Request id "0HN0RCSN6E6BJ:00000001": started reading request body. | 
2024-01-22 20:29:04.2263|Microsoft.AspNetCore.Server.Kestrel|DEBUG|Connection id "0HN0RCSN6E6BJ", Request id "0HN0RCSN6E6BJ:00000001": done reading request body. | 
2024-01-22 20:29:04.2992|Microsoft.AspNetCore.Mvc.ModelBinding.Binders.BodyModelBinder|DEBUG|Done attempting to bind parameter 'dto' of type 'PiggyBankBackEnd.DTOs.CreateUpdateUserDTO'. | 
2024-01-22 20:29:04.2992|Microsoft.AspNetCore.Mvc.ModelBinding.ParameterBinder|DEBUG|Done attempting to bind parameter 'dto' of type 'PiggyBankBackEnd.DTOs.CreateUpdateUserDTO'. | 
2024-01-22 20:29:04.2992|Microsoft.AspNetCore.Mvc.ModelBinding.ParameterBinder|DEBUG|Attempting to validate the bound parameter 'dto' of type 'PiggyBankBackEnd.DTOs.CreateUpdateUserDTO' ... | 
2024-01-22 20:29:04.3267|Microsoft.AspNetCore.Mvc.ModelBinding.ParameterBinder|DEBUG|Done attempting to validate the bound parameter 'dto' of type 'PiggyBankBackEnd.DTOs.CreateUpdateUserDTO'. | 
2024-01-22 20:29:04.3267|Microsoft.AspNetCore.Mvc.Infrastructure.ControllerActionInvoker|TRACE|Action Filter: Before executing OnActionExecuting on filter Microsoft.AspNetCore.Mvc.ModelBinding.UnsupportedContentTypeFilter. | 
2024-01-22 20:29:04.3267|Microsoft.AspNetCore.Mvc.Infrastructure.ControllerActionInvoker|TRACE|Action Filter: After executing OnActionExecuting on filter Microsoft.AspNetCore.Mvc.ModelBinding.UnsupportedContentTypeFilter. | 
2024-01-22 20:29:04.3267|Microsoft.AspNetCore.Mvc.Infrastructure.ControllerActionInvoker|TRACE|Action Filter: Before executing OnActionExecuting on filter Microsoft.AspNetCore.Mvc.Infrastructure.ModelStateInvalidFilter. | 
2024-01-22 20:29:04.3267|Microsoft.AspNetCore.Mvc.Infrastructure.ControllerActionInvoker|TRACE|Action Filter: After executing OnActionExecuting on filter Microsoft.AspNetCore.Mvc.Infrastructure.ModelStateInvalidFilter. | 
2024-01-22 20:29:04.3267|Microsoft.AspNetCore.Mvc.Infrastructure.ControllerActionInvoker|INFO|Executing action method PiggyBankBackEnd.Controllers.UserController.CreateUser (PiggyBankBackEnd) - Validation state: Valid | 
2024-01-22 20:29:04.3267|Microsoft.AspNetCore.Mvc.Infrastructure.ControllerActionInvoker|TRACE|Executing action method PiggyBankBackEnd.Controllers.UserController.CreateUser (PiggyBankBackEnd) with arguments (PiggyBankBackEnd.DTOs.CreateUpdateUserDTO) | 
2024-01-22 20:29:04.3726|Microsoft.EntityFrameworkCore.ChangeTracking|DEBUG|'"ApplicationDbContext"' generated a temporary value for the property '"Id"."UserEntity"'. Consider using 'DbContextOptionsBuilder.EnableSensitiveDataLogging' to see key values. | 
2024-01-22 20:29:04.4345|Microsoft.EntityFrameworkCore.ChangeTracking|DEBUG|Context 'ApplicationDbContext' started tracking 'UserEntity' entity. Consider using 'DbContextOptionsBuilder.EnableSensitiveDataLogging' to see key values. | 
2024-01-22 20:29:04.4345|Microsoft.EntityFrameworkCore.Update|DEBUG|SaveChanges starting for 'ApplicationDbContext'. | 
2024-01-22 20:29:04.4345|Microsoft.EntityFrameworkCore.ChangeTracking|DEBUG|DetectChanges starting for 'ApplicationDbContext'. | 
2024-01-22 20:29:04.4487|Microsoft.EntityFrameworkCore.ChangeTracking|DEBUG|DetectChanges completed for 'ApplicationDbContext'. | 
2024-01-22 20:29:04.5190|Microsoft.EntityFrameworkCore.Database.Connection|DEBUG|Opening connection to database 'PiggyBank' on server '(localdb)\MSSQLLocalDB'. | 
2024-01-22 20:29:04.5190|Microsoft.EntityFrameworkCore.Database.Connection|DEBUG|Opened connection to database 'PiggyBank' on server '(localdb)\MSSQLLocalDB'. | 
2024-01-22 20:29:04.5190|Microsoft.EntityFrameworkCore.Database.Command|DEBUG|Creating DbCommand for 'ExecuteReader'. | 
2024-01-22 20:29:04.5190|Microsoft.EntityFrameworkCore.Database.Command|DEBUG|Created DbCommand for 'ExecuteReader' (0ms). | 
2024-01-22 20:29:04.5190|Microsoft.EntityFrameworkCore.Database.Command|DEBUG|Initialized DbCommand for 'ExecuteReader' (3ms). | 
2024-01-22 20:29:04.5349|Microsoft.EntityFrameworkCore.Database.Command|DEBUG|Executing DbCommand [Parameters=[@p0='?' (Size = 4000), @p1='?' (Size = 4000)], CommandType='Text', CommandTimeout='30']
SET IMPLICIT_TRANSACTIONS OFF;
SET NOCOUNT ON;
INSERT INTO [Users] ([Name], [Password])
OUTPUT INSERTED.[Id]
VALUES (@p0, @p1); | 
2024-01-22 20:29:04.5877|Microsoft.EntityFrameworkCore.Database.Command|INFO|Executed DbCommand (58ms) [Parameters=[@p0='?' (Size = 4000), @p1='?' (Size = 4000)], CommandType='Text', CommandTimeout='30']
SET IMPLICIT_TRANSACTIONS OFF;
SET NOCOUNT ON;
INSERT INTO [Users] ([Name], [Password])
OUTPUT INSERTED.[Id]
VALUES (@p0, @p1); | 
2024-01-22 20:29:04.6086|Microsoft.EntityFrameworkCore.ChangeTracking|DEBUG|The foreign key property 'UserEntity.Id' was detected as changed. Consider using 'DbContextOptionsBuilder.EnableSensitiveDataLogging' to see property values. | 
2024-01-22 20:29:04.6202|Microsoft.EntityFrameworkCore.Database.Command|DEBUG|Closing data reader to 'PiggyBank' on server '(localdb)\MSSQLLocalDB'. | 
2024-01-22 20:29:04.6202|Microsoft.EntityFrameworkCore.Database.Command|DEBUG|A data reader for 'PiggyBank' on server '(localdb)\MSSQLLocalDB' is being disposed after spending 33ms reading results. | 
2024-01-22 20:29:04.6202|Microsoft.EntityFrameworkCore.Database.Connection|DEBUG|Closing connection to database 'PiggyBank' on server '(localdb)\MSSQLLocalDB'. | 
2024-01-22 20:29:04.6202|Microsoft.EntityFrameworkCore.Database.Connection|DEBUG|Closed connection to database 'PiggyBank' on server '(localdb)\MSSQLLocalDB' (0ms). | 
2024-01-22 20:29:04.6368|Microsoft.EntityFrameworkCore.ChangeTracking|DEBUG|An entity of type 'UserEntity' tracked by 'ApplicationDbContext' changed state from 'Added' to 'Unchanged'. Consider using 'DbContextOptionsBuilder.EnableSensitiveDataLogging' to see key values. | 
2024-01-22 20:29:04.6368|Microsoft.EntityFrameworkCore.Update|DEBUG|SaveChanges completed for 'ApplicationDbContext' with 1 entities written to the database. | 
2024-01-22 20:29:10.3023|Microsoft.AspNetCore.Mvc.Infrastructure.ControllerActionInvoker|INFO|Executed action method PiggyBankBackEnd.Controllers.UserController.CreateUser (PiggyBankBackEnd), returned result Microsoft.AspNetCore.Mvc.OkObjectResult in 5968.6268ms. | 
2024-01-22 20:29:10.3023|Microsoft.AspNetCore.Mvc.Infrastructure.ControllerActionInvoker|TRACE|Action Filter: Before executing OnActionExecuted on filter Microsoft.AspNetCore.Mvc.Infrastructure.ModelStateInvalidFilter. | 
2024-01-22 20:29:10.3023|Microsoft.AspNetCore.Mvc.Infrastructure.ControllerActionInvoker|TRACE|Action Filter: After executing OnActionExecuted on filter Microsoft.AspNetCore.Mvc.Infrastructure.ModelStateInvalidFilter. | 
2024-01-22 20:29:10.3035|Microsoft.AspNetCore.Mvc.Infrastructure.ControllerActionInvoker|TRACE|Action Filter: Before executing OnActionExecuted on filter Microsoft.AspNetCore.Mvc.ModelBinding.UnsupportedContentTypeFilter. | 
2024-01-22 20:29:10.3035|Microsoft.AspNetCore.Mvc.Infrastructure.ControllerActionInvoker|TRACE|Action Filter: After executing OnActionExecuted on filter Microsoft.AspNetCore.Mvc.ModelBinding.UnsupportedContentTypeFilter. | 
2024-01-22 20:29:10.3035|Microsoft.AspNetCore.Mvc.Infrastructure.ControllerActionInvoker|TRACE|Result Filter: Before executing OnResultExecuting on filter Microsoft.AspNetCore.Mvc.ViewFeatures.Filters.SaveTempDataFilter. | 
2024-01-22 20:29:10.3035|Microsoft.AspNetCore.Mvc.Infrastructure.ControllerActionInvoker|TRACE|Result Filter: After executing OnResultExecuting on filter Microsoft.AspNetCore.Mvc.ViewFeatures.Filters.SaveTempDataFilter. | 
2024-01-22 20:29:10.3035|Microsoft.AspNetCore.Mvc.Infrastructure.ControllerActionInvoker|TRACE|Result Filter: Before executing OnResultExecuting on filter Microsoft.AspNetCore.Mvc.Infrastructure.ClientErrorResultFilter. | 
2024-01-22 20:29:10.3035|Microsoft.AspNetCore.Mvc.Infrastructure.ControllerActionInvoker|TRACE|Result Filter: After executing OnResultExecuting on filter Microsoft.AspNetCore.Mvc.Infrastructure.ClientErrorResultFilter. | 
2024-01-22 20:29:10.3035|Microsoft.AspNetCore.Mvc.Infrastructure.ControllerActionInvoker|TRACE|Before executing action result Microsoft.AspNetCore.Mvc.OkObjectResult. | 
2024-01-22 20:29:10.3035|Microsoft.AspNetCore.Mvc.Infrastructure.DefaultOutputFormatterSelector|DEBUG|List of registered output formatters, in the following order: Microsoft.AspNetCore.Mvc.Formatters.HttpNoContentOutputFormatter, Microsoft.AspNetCore.Mvc.Formatters.StringOutputFormatter, Microsoft.AspNetCore.Mvc.Formatters.StreamOutputFormatter, Microsoft.AspNetCore.Mvc.Formatters.NewtonsoftJsonOutputFormatter | 
2024-01-22 20:29:10.3035|Microsoft.AspNetCore.Mvc.Infrastructure.DefaultOutputFormatterSelector|DEBUG|No information found on request to perform content negotiation. | 
2024-01-22 20:29:10.3035|Microsoft.AspNetCore.Mvc.Infrastructure.DefaultOutputFormatterSelector|DEBUG|Attempting to select an output formatter without using a content type as no explicit content types were specified for the response. | 
2024-01-22 20:29:10.3035|Microsoft.AspNetCore.Mvc.Infrastructure.DefaultOutputFormatterSelector|DEBUG|Attempting to select the first formatter in the output formatters list which can write the result. | 
2024-01-22 20:29:10.3035|Microsoft.AspNetCore.Mvc.Infrastructure.DefaultOutputFormatterSelector|DEBUG|Selected output formatter 'Microsoft.AspNetCore.Mvc.Formatters.StringOutputFormatter' and content type 'text/plain' to write the response. | 
2024-01-22 20:29:10.3035|Microsoft.AspNetCore.Mvc.Infrastructure.ObjectResultExecutor|INFO|Executing OkObjectResult, writing value of type 'System.String'. | 
2024-01-22 20:29:10.3035|Microsoft.AspNetCore.Mvc.Infrastructure.ControllerActionInvoker|TRACE|After executing action result Microsoft.AspNetCore.Mvc.OkObjectResult. | 
2024-01-22 20:29:10.3035|Microsoft.AspNetCore.Mvc.Infrastructure.ControllerActionInvoker|TRACE|Result Filter: Before executing OnResultExecuted on filter Microsoft.AspNetCore.Mvc.Infrastructure.ClientErrorResultFilter. | 
2024-01-22 20:29:10.3035|Microsoft.AspNetCore.Mvc.Infrastructure.ControllerActionInvoker|TRACE|Result Filter: After executing OnResultExecuted on filter Microsoft.AspNetCore.Mvc.Infrastructure.ClientErrorResultFilter. | 
2024-01-22 20:29:10.3035|Microsoft.AspNetCore.Mvc.Infrastructure.ControllerActionInvoker|TRACE|Result Filter: Before executing OnResultExecuted on filter Microsoft.AspNetCore.Mvc.ViewFeatures.Filters.SaveTempDataFilter. | 
2024-01-22 20:29:10.3035|Microsoft.AspNetCore.Mvc.Infrastructure.ControllerActionInvoker|TRACE|Result Filter: After executing OnResultExecuted on filter Microsoft.AspNetCore.Mvc.ViewFeatures.Filters.SaveTempDataFilter. | 
2024-01-22 20:29:10.3035|Microsoft.AspNetCore.Mvc.Infrastructure.ControllerActionInvoker|TRACE|Resource Filter: Before executing OnResourceExecuted on filter Microsoft.AspNetCore.Mvc.ViewFeatures.Filters.SaveTempDataFilter. | 
2024-01-22 20:29:10.3035|Microsoft.AspNetCore.Mvc.Infrastructure.ControllerActionInvoker|TRACE|Resource Filter: After executing OnResourceExecuted on filter Microsoft.AspNetCore.Mvc.ViewFeatures.Filters.SaveTempDataFilter. | 
2024-01-22 20:29:10.3035|Microsoft.AspNetCore.Mvc.Infrastructure.ControllerActionInvoker|INFO|Executed action PiggyBankBackEnd.Controllers.UserController.CreateUser (PiggyBankBackEnd) in 7275.4868ms | 
2024-01-22 20:29:10.3035|Microsoft.AspNetCore.Routing.EndpointMiddleware|INFO|Executed endpoint 'PiggyBankBackEnd.Controllers.UserController.CreateUser (PiggyBankBackEnd)' | 
2024-01-22 20:29:10.3035|Microsoft.AspNetCore.Server.Kestrel.Connections|DEBUG|Connection id "0HN0RCSN6E6BJ" completed keep alive response. | 
2024-01-22 20:29:10.3035|Microsoft.EntityFrameworkCore.Infrastructure|DEBUG|'ApplicationDbContext' disposed. | 
2024-01-22 20:29:10.3211|Microsoft.EntityFrameworkCore.Database.Connection|DEBUG|Disposing connection to database 'PiggyBank' on server '(localdb)\MSSQLLocalDB'. | 
2024-01-22 20:29:10.3211|Microsoft.EntityFrameworkCore.Database.Connection|DEBUG|Disposed connection to database '' on server '' (0ms). | 
2024-01-22 20:29:10.3211|Microsoft.AspNetCore.Hosting.Diagnostics|INFO|Request finished HTTP/1.1 POST http://localhost:5000/api/User application/json-patch+json 42 - 200 - text/plain;+charset=utf-8 7398.5491ms | 
2024-01-22 20:30:02.6963|Microsoft.AspNetCore.Server.Kestrel.Transport.Sockets|DEBUG|Connection id "0HN0RCSN6E6BJ" received FIN. | 
2024-01-22 20:30:02.6963|Microsoft.AspNetCore.Server.Kestrel.Connections|DEBUG|Connection id "0HN0RCSN6E6BJ" disconnecting. | 
2024-01-22 20:30:02.6963|Microsoft.AspNetCore.Server.Kestrel.Connections|DEBUG|Connection id "0HN0RCSN6E6BJ" stopped. | 
2024-01-22 20:30:02.6963|Microsoft.AspNetCore.Server.Kestrel.Transport.Sockets|DEBUG|Connection id "0HN0RCSN6E6BJ" sending FIN because: "The Socket transport's send loop completed gracefully." | 
2024-01-22 20:30:48.4786|Microsoft.AspNetCore.Server.Kestrel.Connections|DEBUG|Connection id "0HN0RCSN6E6BK" accepted. | 
2024-01-22 20:30:48.4786|Microsoft.AspNetCore.Server.Kestrel.Connections|DEBUG|Connection id "0HN0RCSN6E6BK" started. | 
2024-01-22 20:30:48.4786|Microsoft.AspNetCore.Hosting.Diagnostics|INFO|Request starting HTTP/1.1 GET http://localhost:5000/api/User - - | 
2024-01-22 20:30:48.4786|Microsoft.AspNetCore.HostFiltering.HostFilteringMiddleware|TRACE|All hosts are allowed. | 
2024-01-22 20:30:48.4786|Microsoft.AspNetCore.Routing.Matching.DfaMatcher|DEBUG|1 candidate(s) found for the request path '/api/User' | 
2024-01-22 20:30:48.4786|Microsoft.AspNetCore.Routing.Matching.DfaMatcher|DEBUG|Endpoint 'PiggyBankBackEnd.Controllers.UserController.GetAllUsers (PiggyBankBackEnd)' with route pattern 'api/User' is valid for the request path '/api/User' | 
2024-01-22 20:30:48.4786|Microsoft.AspNetCore.Routing.EndpointRoutingMiddleware|DEBUG|Request matched endpoint 'PiggyBankBackEnd.Controllers.UserController.GetAllUsers (PiggyBankBackEnd)' | 
2024-01-22 20:30:48.4786|Microsoft.AspNetCore.StaticFiles.StaticFileMiddleware|DEBUG|Static files was skipped as the request already matched an endpoint. | 
2024-01-22 20:30:48.4786|Microsoft.AspNetCore.Authentication.JwtBearer.JwtBearerHandler|DEBUG|AuthenticationScheme: Bearer was not authenticated. | 
2024-01-22 20:30:48.4786|Microsoft.AspNetCore.Routing.EndpointMiddleware|INFO|Executing endpoint 'PiggyBankBackEnd.Controllers.UserController.GetAllUsers (PiggyBankBackEnd)' | 
2024-01-22 20:30:48.4786|Microsoft.AspNetCore.Mvc.Infrastructure.ControllerActionInvoker|INFO|Route matched with {action = "GetAllUsers", controller = "User"}. Executing controller action with signature System.Threading.Tasks.Task`1[Microsoft.AspNetCore.Mvc.ActionResult`1[System.Collections.Generic.IEnumerable`1[PiggyBankBackEnd.Entities.UserEntity]]] GetAllUsers() on controller PiggyBankBackEnd.Controllers.UserController (PiggyBankBackEnd). | 
2024-01-22 20:30:48.4786|Microsoft.AspNetCore.Mvc.Infrastructure.ControllerActionInvoker|DEBUG|Execution plan of authorization filters (in the following order): None | 
2024-01-22 20:30:48.4786|Microsoft.AspNetCore.Mvc.Infrastructure.ControllerActionInvoker|DEBUG|Execution plan of resource filters (in the following order): Microsoft.AspNetCore.Mvc.ViewFeatures.Filters.SaveTempDataFilter | 
2024-01-22 20:30:48.4786|Microsoft.AspNetCore.Mvc.Infrastructure.ControllerActionInvoker|DEBUG|Execution plan of action filters (in the following order): Microsoft.AspNetCore.Mvc.ModelBinding.UnsupportedContentTypeFilter (Order: -3000), Microsoft.AspNetCore.Mvc.Infrastructure.ModelStateInvalidFilter (Order: -2000) | 
2024-01-22 20:30:48.4786|Microsoft.AspNetCore.Mvc.Infrastructure.ControllerActionInvoker|DEBUG|Execution plan of exception filters (in the following order): None | 
2024-01-22 20:30:48.4786|Microsoft.AspNetCore.Mvc.Infrastructure.ControllerActionInvoker|DEBUG|Execution plan of result filters (in the following order): Microsoft.AspNetCore.Mvc.ViewFeatures.Filters.SaveTempDataFilter, Microsoft.AspNetCore.Mvc.Infrastructure.ClientErrorResultFilter (Order: -2000) | 
2024-01-22 20:30:48.4786|Microsoft.AspNetCore.Mvc.Infrastructure.ControllerActionInvoker|TRACE|Resource Filter: Before executing OnResourceExecuting on filter Microsoft.AspNetCore.Mvc.ViewFeatures.Filters.SaveTempDataFilter. | 
2024-01-22 20:30:48.4786|Microsoft.AspNetCore.Mvc.Infrastructure.ControllerActionInvoker|TRACE|Resource Filter: After executing OnResourceExecuting on filter Microsoft.AspNetCore.Mvc.ViewFeatures.Filters.SaveTempDataFilter. | 
2024-01-22 20:30:48.4786|Microsoft.AspNetCore.Mvc.Infrastructure.ControllerActionInvoker|DEBUG|Executing controller factory for controller PiggyBankBackEnd.Controllers.UserController (PiggyBankBackEnd) | 
2024-01-22 20:30:48.5474|Microsoft.EntityFrameworkCore.Infrastructure|DEBUG|Entity Framework Core 7.0.10 initialized 'ApplicationDbContext' using provider 'Microsoft.EntityFrameworkCore.SqlServer:7.0.10' with options: None | 
2024-01-22 20:30:48.5474|Microsoft.EntityFrameworkCore.Database.Connection|DEBUG|Creating DbConnection. | 
2024-01-22 20:30:48.5474|Microsoft.EntityFrameworkCore.Database.Connection|DEBUG|Created DbConnection. (0ms). | 
2024-01-22 20:30:48.5474|Microsoft.EntityFrameworkCore.Database.Connection|DEBUG|Opening connection to database 'PiggyBank' on server '(localdb)\MSSQLLocalDB'. | 
2024-01-22 20:30:48.5474|Microsoft.EntityFrameworkCore.Database.Connection|DEBUG|Opened connection to database 'PiggyBank' on server '(localdb)\MSSQLLocalDB'. | 
2024-01-22 20:30:48.5474|Microsoft.EntityFrameworkCore.Database.Command|DEBUG|Creating DbCommand for 'ExecuteNonQuery'. | 
2024-01-22 20:30:48.5474|Microsoft.EntityFrameworkCore.Database.Command|DEBUG|Created DbCommand for 'ExecuteNonQuery' (0ms). | 
2024-01-22 20:30:48.5474|Microsoft.EntityFrameworkCore.Database.Command|DEBUG|Initialized DbCommand for 'ExecuteNonQuery' (0ms). | 
2024-01-22 20:30:48.5474|Microsoft.EntityFrameworkCore.Database.Command|DEBUG|Executing DbCommand [Parameters=[], CommandType='Text', CommandTimeout='30']
SELECT 1 | 
2024-01-22 20:30:48.5474|Microsoft.EntityFrameworkCore.Database.Command|INFO|Executed DbCommand (1ms) [Parameters=[], CommandType='Text', CommandTimeout='30']
SELECT 1 | 
2024-01-22 20:30:48.5474|Microsoft.EntityFrameworkCore.Database.Connection|DEBUG|Closing connection to database 'PiggyBank' on server '(localdb)\MSSQLLocalDB'. | 
2024-01-22 20:30:48.5474|Microsoft.EntityFrameworkCore.Database.Connection|DEBUG|Closed connection to database 'PiggyBank' on server '(localdb)\MSSQLLocalDB' (0ms). | 
2024-01-22 20:30:48.5474|Microsoft.EntityFrameworkCore.Database.Command|DEBUG|Creating DbCommand for 'ExecuteScalar'. | 
2024-01-22 20:30:48.5474|Microsoft.EntityFrameworkCore.Database.Command|DEBUG|Created DbCommand for 'ExecuteScalar' (0ms). | 
2024-01-22 20:30:48.5474|Microsoft.EntityFrameworkCore.Database.Command|DEBUG|Initialized DbCommand for 'ExecuteScalar' (0ms). | 
2024-01-22 20:30:48.5474|Microsoft.EntityFrameworkCore.Database.Connection|DEBUG|Opening connection to database 'PiggyBank' on server '(localdb)\MSSQLLocalDB'. | 
2024-01-22 20:30:48.5474|Microsoft.EntityFrameworkCore.Database.Connection|DEBUG|Opened connection to database 'PiggyBank' on server '(localdb)\MSSQLLocalDB'. | 
2024-01-22 20:30:48.5536|Microsoft.EntityFrameworkCore.Database.Command|DEBUG|Executing DbCommand [Parameters=[], CommandType='Text', CommandTimeout='30']

IF EXISTS
    (SELECT *
     FROM [sys].[objects] o
     WHERE [o].[type] = 'U'
     AND [o].[is_ms_shipped] = 0
     AND NOT EXISTS (SELECT *
         FROM [sys].[extended_properties] AS [ep]
         WHERE [ep].[major_id] = [o].[object_id]
             AND [ep].[minor_id] = 0
             AND [ep].[class] = 1
             AND [ep].[name] = N'microsoft_database_tools_support'
    )
)
SELECT 1 ELSE SELECT 0 | 
2024-01-22 20:30:48.5536|Microsoft.EntityFrameworkCore.Database.Command|INFO|Executed DbCommand (4ms) [Parameters=[], CommandType='Text', CommandTimeout='30']

IF EXISTS
    (SELECT *
     FROM [sys].[objects] o
     WHERE [o].[type] = 'U'
     AND [o].[is_ms_shipped] = 0
     AND NOT EXISTS (SELECT *
         FROM [sys].[extended_properties] AS [ep]
         WHERE [ep].[major_id] = [o].[object_id]
             AND [ep].[minor_id] = 0
             AND [ep].[class] = 1
             AND [ep].[name] = N'microsoft_database_tools_support'
    )
)
SELECT 1 ELSE SELECT 0 | 
2024-01-22 20:30:48.5536|Microsoft.EntityFrameworkCore.Database.Connection|DEBUG|Closing connection to database 'PiggyBank' on server '(localdb)\MSSQLLocalDB'. | 
2024-01-22 20:30:48.5536|Microsoft.EntityFrameworkCore.Database.Connection|DEBUG|Closed connection to database 'PiggyBank' on server '(localdb)\MSSQLLocalDB' (0ms). | 
2024-01-22 20:30:48.5536|Microsoft.AspNetCore.Mvc.Infrastructure.ControllerActionInvoker|DEBUG|Executed controller factory for controller PiggyBankBackEnd.Controllers.UserController (PiggyBankBackEnd) | 
2024-01-22 20:30:48.5536|Microsoft.AspNetCore.Mvc.Infrastructure.ControllerActionInvoker|TRACE|Action Filter: Before executing OnActionExecuting on filter Microsoft.AspNetCore.Mvc.ModelBinding.UnsupportedContentTypeFilter. | 
2024-01-22 20:30:48.5536|Microsoft.AspNetCore.Mvc.Infrastructure.ControllerActionInvoker|TRACE|Action Filter: After executing OnActionExecuting on filter Microsoft.AspNetCore.Mvc.ModelBinding.UnsupportedContentTypeFilter. | 
2024-01-22 20:30:48.5536|Microsoft.AspNetCore.Mvc.Infrastructure.ControllerActionInvoker|TRACE|Action Filter: Before executing OnActionExecuting on filter Microsoft.AspNetCore.Mvc.Infrastructure.ModelStateInvalidFilter. | 
2024-01-22 20:30:48.5536|Microsoft.AspNetCore.Mvc.Infrastructure.ControllerActionInvoker|TRACE|Action Filter: After executing OnActionExecuting on filter Microsoft.AspNetCore.Mvc.Infrastructure.ModelStateInvalidFilter. | 
2024-01-22 20:30:48.5536|Microsoft.AspNetCore.Mvc.Infrastructure.ControllerActionInvoker|INFO|Executing action method PiggyBankBackEnd.Controllers.UserController.GetAllUsers (PiggyBankBackEnd) - Validation state: Valid | 
2024-01-22 20:30:48.5948|Microsoft.EntityFrameworkCore.Query|DEBUG|Compiling query expression: 
'DbSet<UserEntity>()' | 
2024-01-22 20:30:48.7078|Microsoft.EntityFrameworkCore.Query|DEBUG|Generated query execution expression: 
'queryContext => new SingleQueryingEnumerable<UserEntity>(
    (RelationalQueryContext)queryContext, 
    RelationalCommandCache.QueryExpression(
        Projection Mapping:
            EmptyProjectionMember -> Dictionary<IProperty, int> { [Property: UserEntity.Id (int) Required PK AfterSave:Throw ValueGenerated.OnAdd, 0], [Property: UserEntity.Name (string) Required, 1], [Property: UserEntity.Password (string) Required, 2] }
        SELECT u.Id, u.Name, u.Password
        FROM Users AS u), 
    null, 
    Func<QueryContext, DbDataReader, ResultContext, SingleQueryResultCoordinator, UserEntity>, 
    PiggyBankBackEnd.Context.ApplicationDbContext, 
    False, 
    False, 
    True
)' | 
2024-01-22 20:30:48.7244|Microsoft.EntityFrameworkCore.Database.Command|DEBUG|Creating DbCommand for 'ExecuteReader'. | 
2024-01-22 20:30:48.7244|Microsoft.EntityFrameworkCore.Database.Command|DEBUG|Created DbCommand for 'ExecuteReader' (0ms). | 
2024-01-22 20:30:48.7244|Microsoft.EntityFrameworkCore.Database.Command|DEBUG|Initialized DbCommand for 'ExecuteReader' (0ms). | 
2024-01-22 20:30:48.7244|Microsoft.EntityFrameworkCore.Database.Connection|DEBUG|Opening connection to database 'PiggyBank' on server '(localdb)\MSSQLLocalDB'. | 
2024-01-22 20:30:48.7244|Microsoft.EntityFrameworkCore.Database.Connection|DEBUG|Opened connection to database 'PiggyBank' on server '(localdb)\MSSQLLocalDB'. | 
2024-01-22 20:30:48.7244|Microsoft.EntityFrameworkCore.Database.Command|DEBUG|Executing DbCommand [Parameters=[], CommandType='Text', CommandTimeout='30']
SELECT [u].[Id], [u].[Name], [u].[Password]
FROM [Users] AS [u] | 
2024-01-22 20:30:48.7284|Microsoft.EntityFrameworkCore.Database.Command|INFO|Executed DbCommand (4ms) [Parameters=[], CommandType='Text', CommandTimeout='30']
SELECT [u].[Id], [u].[Name], [u].[Password]
FROM [Users] AS [u] | 
2024-01-22 20:30:48.7412|Microsoft.EntityFrameworkCore.ChangeTracking|DEBUG|Context 'ApplicationDbContext' started tracking 'UserEntity' entity. Consider using 'DbContextOptionsBuilder.EnableSensitiveDataLogging' to see key values. | 
2024-01-22 20:30:48.7412|Microsoft.EntityFrameworkCore.ChangeTracking|DEBUG|Context 'ApplicationDbContext' started tracking 'UserEntity' entity. Consider using 'DbContextOptionsBuilder.EnableSensitiveDataLogging' to see key values. | 
2024-01-22 20:30:48.7412|Microsoft.EntityFrameworkCore.Database.Command|DEBUG|Closing data reader to 'PiggyBank' on server '(localdb)\MSSQLLocalDB'. | 
2024-01-22 20:30:48.7412|Microsoft.EntityFrameworkCore.Database.Command|DEBUG|A data reader for 'PiggyBank' on server '(localdb)\MSSQLLocalDB' is being disposed after spending 17ms reading results. | 
2024-01-22 20:30:48.7412|Microsoft.EntityFrameworkCore.Database.Connection|DEBUG|Closing connection to database 'PiggyBank' on server '(localdb)\MSSQLLocalDB'. | 
2024-01-22 20:30:48.7412|Microsoft.EntityFrameworkCore.Database.Connection|DEBUG|Closed connection to database 'PiggyBank' on server '(localdb)\MSSQLLocalDB' (0ms). | 
2024-01-22 20:30:48.7412|Microsoft.AspNetCore.Mvc.Infrastructure.ControllerActionInvoker|INFO|Executed action method PiggyBankBackEnd.Controllers.UserController.GetAllUsers (PiggyBankBackEnd), returned result Microsoft.AspNetCore.Mvc.OkObjectResult in 191.5005ms. | 
2024-01-22 20:30:48.7412|Microsoft.AspNetCore.Mvc.Infrastructure.ControllerActionInvoker|TRACE|Action Filter: Before executing OnActionExecuted on filter Microsoft.AspNetCore.Mvc.Infrastructure.ModelStateInvalidFilter. | 
2024-01-22 20:30:48.7412|Microsoft.AspNetCore.Mvc.Infrastructure.ControllerActionInvoker|TRACE|Action Filter: After executing OnActionExecuted on filter Microsoft.AspNetCore.Mvc.Infrastructure.ModelStateInvalidFilter. | 
2024-01-22 20:30:48.7412|Microsoft.AspNetCore.Mvc.Infrastructure.ControllerActionInvoker|TRACE|Action Filter: Before executing OnActionExecuted on filter Microsoft.AspNetCore.Mvc.ModelBinding.UnsupportedContentTypeFilter. | 
2024-01-22 20:30:48.7412|Microsoft.AspNetCore.Mvc.Infrastructure.ControllerActionInvoker|TRACE|Action Filter: After executing OnActionExecuted on filter Microsoft.AspNetCore.Mvc.ModelBinding.UnsupportedContentTypeFilter. | 
2024-01-22 20:30:48.7412|Microsoft.AspNetCore.Mvc.Infrastructure.ControllerActionInvoker|TRACE|Result Filter: Before executing OnResultExecuting on filter Microsoft.AspNetCore.Mvc.ViewFeatures.Filters.SaveTempDataFilter. | 
2024-01-22 20:30:48.7412|Microsoft.AspNetCore.Mvc.Infrastructure.ControllerActionInvoker|TRACE|Result Filter: After executing OnResultExecuting on filter Microsoft.AspNetCore.Mvc.ViewFeatures.Filters.SaveTempDataFilter. | 
2024-01-22 20:30:48.7412|Microsoft.AspNetCore.Mvc.Infrastructure.ControllerActionInvoker|TRACE|Result Filter: Before executing OnResultExecuting on filter Microsoft.AspNetCore.Mvc.Infrastructure.ClientErrorResultFilter. | 
2024-01-22 20:30:48.7412|Microsoft.AspNetCore.Mvc.Infrastructure.ControllerActionInvoker|TRACE|Result Filter: After executing OnResultExecuting on filter Microsoft.AspNetCore.Mvc.Infrastructure.ClientErrorResultFilter. | 
2024-01-22 20:30:48.7412|Microsoft.AspNetCore.Mvc.Infrastructure.ControllerActionInvoker|TRACE|Before executing action result Microsoft.AspNetCore.Mvc.OkObjectResult. | 
2024-01-22 20:30:48.7412|Microsoft.AspNetCore.Mvc.Infrastructure.DefaultOutputFormatterSelector|DEBUG|List of registered output formatters, in the following order: Microsoft.AspNetCore.Mvc.Formatters.HttpNoContentOutputFormatter, Microsoft.AspNetCore.Mvc.Formatters.StringOutputFormatter, Microsoft.AspNetCore.Mvc.Formatters.StreamOutputFormatter, Microsoft.AspNetCore.Mvc.Formatters.NewtonsoftJsonOutputFormatter | 
2024-01-22 20:30:48.7412|Microsoft.AspNetCore.Mvc.Infrastructure.DefaultOutputFormatterSelector|DEBUG|Attempting to select an output formatter based on Accept header 'text/plain'. | 
2024-01-22 20:30:48.7412|Microsoft.AspNetCore.Mvc.Infrastructure.DefaultOutputFormatterSelector|DEBUG|Could not find an output formatter based on content negotiation. Accepted types were (text/plain) | 
2024-01-22 20:30:48.7412|Microsoft.AspNetCore.Mvc.Infrastructure.DefaultOutputFormatterSelector|DEBUG|Attempting to select an output formatter without using a content type as no explicit content types were specified for the response. | 
2024-01-22 20:30:48.7412|Microsoft.AspNetCore.Mvc.Infrastructure.DefaultOutputFormatterSelector|DEBUG|Attempting to select the first formatter in the output formatters list which can write the result. | 
2024-01-22 20:30:48.7412|Microsoft.AspNetCore.Mvc.Infrastructure.DefaultOutputFormatterSelector|DEBUG|Selected output formatter 'Microsoft.AspNetCore.Mvc.Formatters.NewtonsoftJsonOutputFormatter' and content type 'application/json' to write the response. | 
2024-01-22 20:30:48.7412|Microsoft.AspNetCore.Mvc.Infrastructure.ObjectResultExecutor|INFO|Executing OkObjectResult, writing value of type 'System.Collections.Generic.List`1[[PiggyBankBackEnd.Entities.UserEntity, PiggyBankBackEnd, Version=1.0.0.0, Culture=neutral, PublicKeyToken=null]]'. | 
2024-01-22 20:30:48.7924|Microsoft.AspNetCore.Mvc.Infrastructure.ControllerActionInvoker|TRACE|After executing action result Microsoft.AspNetCore.Mvc.OkObjectResult. | 
2024-01-22 20:30:48.7924|Microsoft.AspNetCore.Mvc.Infrastructure.ControllerActionInvoker|TRACE|Result Filter: Before executing OnResultExecuted on filter Microsoft.AspNetCore.Mvc.Infrastructure.ClientErrorResultFilter. | 
2024-01-22 20:30:48.7924|Microsoft.AspNetCore.Mvc.Infrastructure.ControllerActionInvoker|TRACE|Result Filter: After executing OnResultExecuted on filter Microsoft.AspNetCore.Mvc.Infrastructure.ClientErrorResultFilter. | 
2024-01-22 20:30:48.7924|Microsoft.AspNetCore.Mvc.Infrastructure.ControllerActionInvoker|TRACE|Result Filter: Before executing OnResultExecuted on filter Microsoft.AspNetCore.Mvc.ViewFeatures.Filters.SaveTempDataFilter. | 
2024-01-22 20:30:48.7924|Microsoft.AspNetCore.Mvc.Infrastructure.ControllerActionInvoker|TRACE|Result Filter: After executing OnResultExecuted on filter Microsoft.AspNetCore.Mvc.ViewFeatures.Filters.SaveTempDataFilter. | 
2024-01-22 20:30:48.7924|Microsoft.AspNetCore.Mvc.Infrastructure.ControllerActionInvoker|TRACE|Resource Filter: Before executing OnResourceExecuted on filter Microsoft.AspNetCore.Mvc.ViewFeatures.Filters.SaveTempDataFilter. | 
2024-01-22 20:30:48.7924|Microsoft.AspNetCore.Mvc.Infrastructure.ControllerActionInvoker|TRACE|Resource Filter: After executing OnResourceExecuted on filter Microsoft.AspNetCore.Mvc.ViewFeatures.Filters.SaveTempDataFilter. | 
2024-01-22 20:30:48.7924|Microsoft.AspNetCore.Mvc.Infrastructure.ControllerActionInvoker|INFO|Executed action PiggyBankBackEnd.Controllers.UserController.GetAllUsers (PiggyBankBackEnd) in 305.0443ms | 
2024-01-22 20:30:48.7924|Microsoft.AspNetCore.Routing.EndpointMiddleware|INFO|Executed endpoint 'PiggyBankBackEnd.Controllers.UserController.GetAllUsers (PiggyBankBackEnd)' | 
2024-01-22 20:30:48.7924|Microsoft.AspNetCore.Server.Kestrel.Connections|DEBUG|Connection id "0HN0RCSN6E6BK" completed keep alive response. | 
2024-01-22 20:30:48.7924|Microsoft.EntityFrameworkCore.Infrastructure|DEBUG|'ApplicationDbContext' disposed. | 
2024-01-22 20:30:48.7924|Microsoft.EntityFrameworkCore.Database.Connection|DEBUG|Disposing connection to database 'PiggyBank' on server '(localdb)\MSSQLLocalDB'. | 
2024-01-22 20:30:48.7924|Microsoft.EntityFrameworkCore.Database.Connection|DEBUG|Disposed connection to database '' on server '' (0ms). | 
2024-01-22 20:30:48.7924|Microsoft.AspNetCore.Hosting.Diagnostics|INFO|Request finished HTTP/1.1 GET http://localhost:5000/api/User - - - 200 99 application/json;+charset=utf-8 312.8236ms | 
2024-01-22 20:31:17.8856|Microsoft.AspNetCore.Hosting.Diagnostics|INFO|Request starting HTTP/1.1 DELETE http://localhost:5000/api/User/1 - - | 
2024-01-22 20:31:17.9208|Microsoft.AspNetCore.HostFiltering.HostFilteringMiddleware|TRACE|All hosts are allowed. | 
2024-01-22 20:31:17.9208|Microsoft.AspNetCore.Routing.Matching.DfaMatcher|DEBUG|1 candidate(s) found for the request path '/api/User/1' | 
2024-01-22 20:31:17.9208|Microsoft.AspNetCore.Routing.Matching.DfaMatcher|DEBUG|Endpoint 'PiggyBankBackEnd.Controllers.UserController.DeleteUser (PiggyBankBackEnd)' with route pattern 'api/User/{id}' is valid for the request path '/api/User/1' | 
2024-01-22 20:31:17.9208|Microsoft.AspNetCore.Routing.EndpointRoutingMiddleware|DEBUG|Request matched endpoint 'PiggyBankBackEnd.Controllers.UserController.DeleteUser (PiggyBankBackEnd)' | 
2024-01-22 20:31:17.9208|Microsoft.AspNetCore.StaticFiles.StaticFileMiddleware|DEBUG|Static files was skipped as the request already matched an endpoint. | 
2024-01-22 20:31:17.9208|Microsoft.AspNetCore.Cors.Infrastructure.CorsService|DEBUG|The request has an origin header: 'http://localhost:5000'. | 
2024-01-22 20:31:17.9208|Microsoft.AspNetCore.Cors.Infrastructure.CorsService|INFO|CORS policy execution failed. | 
2024-01-22 20:31:17.9208|Microsoft.AspNetCore.Cors.Infrastructure.CorsService|INFO|Request origin http://localhost:5000 does not have permission to access the resource. | 
2024-01-22 20:31:17.9312|Microsoft.AspNetCore.Authentication.JwtBearer.JwtBearerHandler|DEBUG|AuthenticationScheme: Bearer was not authenticated. | 
2024-01-22 20:31:17.9312|Microsoft.AspNetCore.Routing.EndpointMiddleware|INFO|Executing endpoint 'PiggyBankBackEnd.Controllers.UserController.DeleteUser (PiggyBankBackEnd)' | 
2024-01-22 20:31:17.9312|Microsoft.AspNetCore.Mvc.Infrastructure.ControllerActionInvoker|INFO|Route matched with {action = "DeleteUser", controller = "User"}. Executing controller action with signature System.Threading.Tasks.Task`1[Microsoft.AspNetCore.Mvc.IActionResult] DeleteUser(Int64) on controller PiggyBankBackEnd.Controllers.UserController (PiggyBankBackEnd). | 
2024-01-22 20:31:17.9312|Microsoft.AspNetCore.Mvc.Infrastructure.ControllerActionInvoker|DEBUG|Execution plan of authorization filters (in the following order): None | 
2024-01-22 20:31:17.9312|Microsoft.AspNetCore.Mvc.Infrastructure.ControllerActionInvoker|DEBUG|Execution plan of resource filters (in the following order): Microsoft.AspNetCore.Mvc.ViewFeatures.Filters.SaveTempDataFilter | 
2024-01-22 20:31:17.9312|Microsoft.AspNetCore.Mvc.Infrastructure.ControllerActionInvoker|DEBUG|Execution plan of action filters (in the following order): Microsoft.AspNetCore.Mvc.ModelBinding.UnsupportedContentTypeFilter (Order: -3000), Microsoft.AspNetCore.Mvc.Infrastructure.ModelStateInvalidFilter (Order: -2000) | 
2024-01-22 20:31:17.9312|Microsoft.AspNetCore.Mvc.Infrastructure.ControllerActionInvoker|DEBUG|Execution plan of exception filters (in the following order): None | 
2024-01-22 20:31:17.9312|Microsoft.AspNetCore.Mvc.Infrastructure.ControllerActionInvoker|DEBUG|Execution plan of result filters (in the following order): Microsoft.AspNetCore.Mvc.ViewFeatures.Filters.SaveTempDataFilter, Microsoft.AspNetCore.Mvc.Infrastructure.ClientErrorResultFilter (Order: -2000) | 
2024-01-22 20:31:17.9312|Microsoft.AspNetCore.Mvc.Infrastructure.ControllerActionInvoker|TRACE|Resource Filter: Before executing OnResourceExecuting on filter Microsoft.AspNetCore.Mvc.ViewFeatures.Filters.SaveTempDataFilter. | 
2024-01-22 20:31:17.9312|Microsoft.AspNetCore.Mvc.Infrastructure.ControllerActionInvoker|TRACE|Resource Filter: After executing OnResourceExecuting on filter Microsoft.AspNetCore.Mvc.ViewFeatures.Filters.SaveTempDataFilter. | 
2024-01-22 20:31:17.9312|Microsoft.AspNetCore.Mvc.Infrastructure.ControllerActionInvoker|DEBUG|Executing controller factory for controller PiggyBankBackEnd.Controllers.UserController (PiggyBankBackEnd) | 
2024-01-22 20:31:17.9997|Microsoft.EntityFrameworkCore.Infrastructure|DEBUG|Entity Framework Core 7.0.10 initialized 'ApplicationDbContext' using provider 'Microsoft.EntityFrameworkCore.SqlServer:7.0.10' with options: None | 
2024-01-22 20:31:18.0059|Microsoft.EntityFrameworkCore.Database.Connection|DEBUG|Creating DbConnection. | 
2024-01-22 20:31:18.0059|Microsoft.EntityFrameworkCore.Database.Connection|DEBUG|Created DbConnection. (0ms). | 
2024-01-22 20:31:18.0059|Microsoft.EntityFrameworkCore.Database.Connection|DEBUG|Opening connection to database 'PiggyBank' on server '(localdb)\MSSQLLocalDB'. | 
2024-01-22 20:31:18.0059|Microsoft.EntityFrameworkCore.Database.Connection|DEBUG|Opened connection to database 'PiggyBank' on server '(localdb)\MSSQLLocalDB'. | 
2024-01-22 20:31:18.0059|Microsoft.EntityFrameworkCore.Database.Command|DEBUG|Creating DbCommand for 'ExecuteNonQuery'. | 
2024-01-22 20:31:18.0059|Microsoft.EntityFrameworkCore.Database.Command|DEBUG|Created DbCommand for 'ExecuteNonQuery' (0ms). | 
2024-01-22 20:31:18.0059|Microsoft.EntityFrameworkCore.Database.Command|DEBUG|Initialized DbCommand for 'ExecuteNonQuery' (0ms). | 
2024-01-22 20:31:18.0059|Microsoft.EntityFrameworkCore.Database.Command|DEBUG|Executing DbCommand [Parameters=[], CommandType='Text', CommandTimeout='30']
SELECT 1 | 
2024-01-22 20:31:18.0059|Microsoft.EntityFrameworkCore.Database.Command|INFO|Executed DbCommand (1ms) [Parameters=[], CommandType='Text', CommandTimeout='30']
SELECT 1 | 
2024-01-22 20:31:18.0059|Microsoft.EntityFrameworkCore.Database.Connection|DEBUG|Closing connection to database 'PiggyBank' on server '(localdb)\MSSQLLocalDB'. | 
2024-01-22 20:31:18.0059|Microsoft.EntityFrameworkCore.Database.Connection|DEBUG|Closed connection to database 'PiggyBank' on server '(localdb)\MSSQLLocalDB' (0ms). | 
2024-01-22 20:31:18.0059|Microsoft.EntityFrameworkCore.Database.Command|DEBUG|Creating DbCommand for 'ExecuteScalar'. | 
2024-01-22 20:31:18.0059|Microsoft.EntityFrameworkCore.Database.Command|DEBUG|Created DbCommand for 'ExecuteScalar' (0ms). | 
2024-01-22 20:31:18.0059|Microsoft.EntityFrameworkCore.Database.Command|DEBUG|Initialized DbCommand for 'ExecuteScalar' (0ms). | 
2024-01-22 20:31:18.0059|Microsoft.EntityFrameworkCore.Database.Connection|DEBUG|Opening connection to database 'PiggyBank' on server '(localdb)\MSSQLLocalDB'. | 
2024-01-22 20:31:18.0059|Microsoft.EntityFrameworkCore.Database.Connection|DEBUG|Opened connection to database 'PiggyBank' on server '(localdb)\MSSQLLocalDB'. | 
2024-01-22 20:31:18.0059|Microsoft.EntityFrameworkCore.Database.Command|DEBUG|Executing DbCommand [Parameters=[], CommandType='Text', CommandTimeout='30']

IF EXISTS
    (SELECT *
     FROM [sys].[objects] o
     WHERE [o].[type] = 'U'
     AND [o].[is_ms_shipped] = 0
     AND NOT EXISTS (SELECT *
         FROM [sys].[extended_properties] AS [ep]
         WHERE [ep].[major_id] = [o].[object_id]
             AND [ep].[minor_id] = 0
             AND [ep].[class] = 1
             AND [ep].[name] = N'microsoft_database_tools_support'
    )
)
SELECT 1 ELSE SELECT 0 | 
2024-01-22 20:31:18.0059|Microsoft.EntityFrameworkCore.Database.Command|INFO|Executed DbCommand (1ms) [Parameters=[], CommandType='Text', CommandTimeout='30']

IF EXISTS
    (SELECT *
     FROM [sys].[objects] o
     WHERE [o].[type] = 'U'
     AND [o].[is_ms_shipped] = 0
     AND NOT EXISTS (SELECT *
         FROM [sys].[extended_properties] AS [ep]
         WHERE [ep].[major_id] = [o].[object_id]
             AND [ep].[minor_id] = 0
             AND [ep].[class] = 1
             AND [ep].[name] = N'microsoft_database_tools_support'
    )
)
SELECT 1 ELSE SELECT 0 | 
2024-01-22 20:31:18.0059|Microsoft.EntityFrameworkCore.Database.Connection|DEBUG|Closing connection to database 'PiggyBank' on server '(localdb)\MSSQLLocalDB'. | 
2024-01-22 20:31:18.0059|Microsoft.EntityFrameworkCore.Database.Connection|DEBUG|Closed connection to database 'PiggyBank' on server '(localdb)\MSSQLLocalDB' (0ms). | 
2024-01-22 20:31:18.0059|Microsoft.AspNetCore.Mvc.Infrastructure.ControllerActionInvoker|DEBUG|Executed controller factory for controller PiggyBankBackEnd.Controllers.UserController (PiggyBankBackEnd) | 
2024-01-22 20:31:18.0059|Microsoft.AspNetCore.Mvc.ModelBinding.ParameterBinder|DEBUG|Attempting to bind parameter 'id' of type 'System.Int64' ... | 
2024-01-22 20:31:18.0059|Microsoft.AspNetCore.Mvc.ModelBinding.Binders.SimpleTypeModelBinder|DEBUG|Attempting to bind parameter 'id' of type 'System.Int64' using the name 'id' in request data ... | 
2024-01-22 20:31:18.0059|Microsoft.AspNetCore.Mvc.ModelBinding.Binders.SimpleTypeModelBinder|DEBUG|Done attempting to bind parameter 'id' of type 'System.Int64'. | 
2024-01-22 20:31:18.0059|Microsoft.AspNetCore.Mvc.ModelBinding.ParameterBinder|DEBUG|Done attempting to bind parameter 'id' of type 'System.Int64'. | 
2024-01-22 20:31:18.0059|Microsoft.AspNetCore.Mvc.ModelBinding.ParameterBinder|DEBUG|Attempting to validate the bound parameter 'id' of type 'System.Int64' ... | 
2024-01-22 20:31:18.0059|Microsoft.AspNetCore.Mvc.ModelBinding.ParameterBinder|DEBUG|Done attempting to validate the bound parameter 'id' of type 'System.Int64'. | 
2024-01-22 20:31:18.0059|Microsoft.AspNetCore.Mvc.Infrastructure.ControllerActionInvoker|TRACE|Action Filter: Before executing OnActionExecuting on filter Microsoft.AspNetCore.Mvc.ModelBinding.UnsupportedContentTypeFilter. | 
2024-01-22 20:31:18.0059|Microsoft.AspNetCore.Mvc.Infrastructure.ControllerActionInvoker|TRACE|Action Filter: After executing OnActionExecuting on filter Microsoft.AspNetCore.Mvc.ModelBinding.UnsupportedContentTypeFilter. | 
2024-01-22 20:31:18.0059|Microsoft.AspNetCore.Mvc.Infrastructure.ControllerActionInvoker|TRACE|Action Filter: Before executing OnActionExecuting on filter Microsoft.AspNetCore.Mvc.Infrastructure.ModelStateInvalidFilter. | 
2024-01-22 20:31:18.0059|Microsoft.AspNetCore.Mvc.Infrastructure.ControllerActionInvoker|TRACE|Action Filter: After executing OnActionExecuting on filter Microsoft.AspNetCore.Mvc.Infrastructure.ModelStateInvalidFilter. | 
2024-01-22 20:31:18.0059|Microsoft.AspNetCore.Mvc.Infrastructure.ControllerActionInvoker|INFO|Executing action method PiggyBankBackEnd.Controllers.UserController.DeleteUser (PiggyBankBackEnd) - Validation state: Valid | 
2024-01-22 20:31:18.0059|Microsoft.AspNetCore.Mvc.Infrastructure.ControllerActionInvoker|TRACE|Executing action method PiggyBankBackEnd.Controllers.UserController.DeleteUser (PiggyBankBackEnd) with arguments (1) | 
2024-01-22 20:31:18.0232|Microsoft.EntityFrameworkCore.Query|DEBUG|Compiling query expression: 
'DbSet<UserEntity>()
    .FirstOrDefault(q => (long)q.Id == __id_0)' | 
2024-01-22 20:31:18.0834|Microsoft.EntityFrameworkCore.Query|DEBUG|Generated query execution expression: 
'queryContext => ShapedQueryCompilingExpressionVisitor.SingleOrDefaultAsync<UserEntity>(
    asyncEnumerable: new SingleQueryingEnumerable<UserEntity>(
        (RelationalQueryContext)queryContext, 
        RelationalCommandCache.QueryExpression(
            Projection Mapping:
                EmptyProjectionMember -> Dictionary<IProperty, int> { [Property: UserEntity.Id (int) Required PK AfterSave:Throw ValueGenerated.OnAdd, 0], [Property: UserEntity.Name (string) Required, 1], [Property: UserEntity.Password (string) Required, 2] }
            SELECT TOP(1) u.Id, u.Name, u.Password
            FROM Users AS u
            WHERE CAST(u.Id AS bigint) == @__id_0), 
        null, 
        Func<QueryContext, DbDataReader, ResultContext, SingleQueryResultCoordinator, UserEntity>, 
        PiggyBankBackEnd.Context.ApplicationDbContext, 
        False, 
        False, 
        True
    ), 
    cancellationToken: queryContext.CancellationToken)' | 
2024-01-22 20:31:18.0917|Microsoft.EntityFrameworkCore.Database.Command|DEBUG|Creating DbCommand for 'ExecuteReader'. | 
2024-01-22 20:31:18.0917|Microsoft.EntityFrameworkCore.Database.Command|DEBUG|Created DbCommand for 'ExecuteReader' (0ms). | 
2024-01-22 20:31:18.0917|Microsoft.EntityFrameworkCore.Database.Command|DEBUG|Initialized DbCommand for 'ExecuteReader' (0ms). | 
2024-01-22 20:31:18.0917|Microsoft.EntityFrameworkCore.Database.Connection|DEBUG|Opening connection to database 'PiggyBank' on server '(localdb)\MSSQLLocalDB'. | 
2024-01-22 20:31:18.0917|Microsoft.EntityFrameworkCore.Database.Connection|DEBUG|Opened connection to database 'PiggyBank' on server '(localdb)\MSSQLLocalDB'. | 
2024-01-22 20:31:18.0917|Microsoft.EntityFrameworkCore.Database.Command|DEBUG|Executing DbCommand [Parameters=[@__id_0='?' (DbType = Int64)], CommandType='Text', CommandTimeout='30']
SELECT TOP(1) [u].[Id], [u].[Name], [u].[Password]
FROM [Users] AS [u]
WHERE CAST([u].[Id] AS bigint) = @__id_0 | 
2024-01-22 20:31:18.0917|Microsoft.EntityFrameworkCore.Database.Command|INFO|Executed DbCommand (3ms) [Parameters=[@__id_0='?' (DbType = Int64)], CommandType='Text', CommandTimeout='30']
SELECT TOP(1) [u].[Id], [u].[Name], [u].[Password]
FROM [Users] AS [u]
WHERE CAST([u].[Id] AS bigint) = @__id_0 | 
2024-01-22 20:31:18.0917|Microsoft.EntityFrameworkCore.ChangeTracking|DEBUG|Context 'ApplicationDbContext' started tracking 'UserEntity' entity. Consider using 'DbContextOptionsBuilder.EnableSensitiveDataLogging' to see key values. | 
2024-01-22 20:31:18.0917|Microsoft.EntityFrameworkCore.Database.Command|DEBUG|Closing data reader to 'PiggyBank' on server '(localdb)\MSSQLLocalDB'. | 
2024-01-22 20:31:18.0917|Microsoft.EntityFrameworkCore.Database.Command|DEBUG|A data reader for 'PiggyBank' on server '(localdb)\MSSQLLocalDB' is being disposed after spending 1ms reading results. | 
2024-01-22 20:31:18.0917|Microsoft.EntityFrameworkCore.Database.Connection|DEBUG|Closing connection to database 'PiggyBank' on server '(localdb)\MSSQLLocalDB'. | 
2024-01-22 20:31:18.0917|Microsoft.EntityFrameworkCore.Database.Connection|DEBUG|Closed connection to database 'PiggyBank' on server '(localdb)\MSSQLLocalDB' (0ms). | 
2024-01-22 20:31:18.0917|Microsoft.EntityFrameworkCore.ChangeTracking|DEBUG|An entity of type 'UserEntity' tracked by 'ApplicationDbContext' changed state from 'Unchanged' to 'Deleted'. Consider using 'DbContextOptionsBuilder.EnableSensitiveDataLogging' to see key values. | 
2024-01-22 20:31:18.0917|Microsoft.EntityFrameworkCore.Update|DEBUG|SaveChanges starting for 'ApplicationDbContext'. | 
2024-01-22 20:31:18.0917|Microsoft.EntityFrameworkCore.ChangeTracking|DEBUG|DetectChanges starting for 'ApplicationDbContext'. | 
2024-01-22 20:31:18.0917|Microsoft.EntityFrameworkCore.ChangeTracking|DEBUG|DetectChanges completed for 'ApplicationDbContext'. | 
2024-01-22 20:31:18.1050|Microsoft.EntityFrameworkCore.Database.Connection|DEBUG|Opening connection to database 'PiggyBank' on server '(localdb)\MSSQLLocalDB'. | 
2024-01-22 20:31:18.1050|Microsoft.EntityFrameworkCore.Database.Connection|DEBUG|Opened connection to database 'PiggyBank' on server '(localdb)\MSSQLLocalDB'. | 
2024-01-22 20:31:18.1050|Microsoft.EntityFrameworkCore.Database.Command|DEBUG|Creating DbCommand for 'ExecuteReader'. | 
2024-01-22 20:31:18.1050|Microsoft.EntityFrameworkCore.Database.Command|DEBUG|Created DbCommand for 'ExecuteReader' (0ms). | 
2024-01-22 20:31:18.1050|Microsoft.EntityFrameworkCore.Database.Command|DEBUG|Initialized DbCommand for 'ExecuteReader' (0ms). | 
2024-01-22 20:31:18.1050|Microsoft.EntityFrameworkCore.Database.Command|DEBUG|Executing DbCommand [Parameters=[@p0='?' (DbType = Int32)], CommandType='Text', CommandTimeout='30']
SET IMPLICIT_TRANSACTIONS OFF;
SET NOCOUNT ON;
DELETE FROM [Users]
OUTPUT 1
WHERE [Id] = @p0; | 
2024-01-22 20:31:18.1050|Microsoft.EntityFrameworkCore.Database.Command|INFO|Executed DbCommand (2ms) [Parameters=[@p0='?' (DbType = Int32)], CommandType='Text', CommandTimeout='30']
SET IMPLICIT_TRANSACTIONS OFF;
SET NOCOUNT ON;
DELETE FROM [Users]
OUTPUT 1
WHERE [Id] = @p0; | 
2024-01-22 20:31:18.1050|Microsoft.EntityFrameworkCore.Database.Command|DEBUG|Closing data reader to 'PiggyBank' on server '(localdb)\MSSQLLocalDB'. | 
2024-01-22 20:31:18.1050|Microsoft.EntityFrameworkCore.Database.Command|DEBUG|A data reader for 'PiggyBank' on server '(localdb)\MSSQLLocalDB' is being disposed after spending 1ms reading results. | 
2024-01-22 20:31:18.1050|Microsoft.EntityFrameworkCore.Database.Connection|DEBUG|Closing connection to database 'PiggyBank' on server '(localdb)\MSSQLLocalDB'. | 
2024-01-22 20:31:18.1050|Microsoft.EntityFrameworkCore.Database.Connection|DEBUG|Closed connection to database 'PiggyBank' on server '(localdb)\MSSQLLocalDB' (0ms). | 
2024-01-22 20:31:18.1050|Microsoft.EntityFrameworkCore.ChangeTracking|DEBUG|An entity of type 'UserEntity' tracked by 'ApplicationDbContext' changed state from 'Deleted' to 'Detached'. Consider using 'DbContextOptionsBuilder.EnableSensitiveDataLogging' to see key values. | 
2024-01-22 20:31:18.1050|Microsoft.EntityFrameworkCore.Update|DEBUG|SaveChanges completed for 'ApplicationDbContext' with 1 entities written to the database. | 
2024-01-22 20:31:18.1050|Microsoft.AspNetCore.Mvc.Infrastructure.ControllerActionInvoker|INFO|Executed action method PiggyBankBackEnd.Controllers.UserController.DeleteUser (PiggyBankBackEnd), returned result Microsoft.AspNetCore.Mvc.OkObjectResult in 100.3656ms. | 
2024-01-22 20:31:18.1050|Microsoft.AspNetCore.Mvc.Infrastructure.ControllerActionInvoker|TRACE|Action Filter: Before executing OnActionExecuted on filter Microsoft.AspNetCore.Mvc.Infrastructure.ModelStateInvalidFilter. | 
2024-01-22 20:31:18.1050|Microsoft.AspNetCore.Mvc.Infrastructure.ControllerActionInvoker|TRACE|Action Filter: After executing OnActionExecuted on filter Microsoft.AspNetCore.Mvc.Infrastructure.ModelStateInvalidFilter. | 
2024-01-22 20:31:18.1050|Microsoft.AspNetCore.Mvc.Infrastructure.ControllerActionInvoker|TRACE|Action Filter: Before executing OnActionExecuted on filter Microsoft.AspNetCore.Mvc.ModelBinding.UnsupportedContentTypeFilter. | 
2024-01-22 20:31:18.1050|Microsoft.AspNetCore.Mvc.Infrastructure.ControllerActionInvoker|TRACE|Action Filter: After executing OnActionExecuted on filter Microsoft.AspNetCore.Mvc.ModelBinding.UnsupportedContentTypeFilter. | 
2024-01-22 20:31:18.1050|Microsoft.AspNetCore.Mvc.Infrastructure.ControllerActionInvoker|TRACE|Result Filter: Before executing OnResultExecuting on filter Microsoft.AspNetCore.Mvc.ViewFeatures.Filters.SaveTempDataFilter. | 
2024-01-22 20:31:18.1050|Microsoft.AspNetCore.Mvc.Infrastructure.ControllerActionInvoker|TRACE|Result Filter: After executing OnResultExecuting on filter Microsoft.AspNetCore.Mvc.ViewFeatures.Filters.SaveTempDataFilter. | 
2024-01-22 20:31:18.1050|Microsoft.AspNetCore.Mvc.Infrastructure.ControllerActionInvoker|TRACE|Result Filter: Before executing OnResultExecuting on filter Microsoft.AspNetCore.Mvc.Infrastructure.ClientErrorResultFilter. | 
2024-01-22 20:31:18.1050|Microsoft.AspNetCore.Mvc.Infrastructure.ControllerActionInvoker|TRACE|Result Filter: After executing OnResultExecuting on filter Microsoft.AspNetCore.Mvc.Infrastructure.ClientErrorResultFilter. | 
2024-01-22 20:31:18.1050|Microsoft.AspNetCore.Mvc.Infrastructure.ControllerActionInvoker|TRACE|Before executing action result Microsoft.AspNetCore.Mvc.OkObjectResult. | 
2024-01-22 20:31:18.1050|Microsoft.AspNetCore.Mvc.Infrastructure.DefaultOutputFormatterSelector|DEBUG|List of registered output formatters, in the following order: Microsoft.AspNetCore.Mvc.Formatters.HttpNoContentOutputFormatter, Microsoft.AspNetCore.Mvc.Formatters.StringOutputFormatter, Microsoft.AspNetCore.Mvc.Formatters.StreamOutputFormatter, Microsoft.AspNetCore.Mvc.Formatters.NewtonsoftJsonOutputFormatter | 
2024-01-22 20:31:18.1050|Microsoft.AspNetCore.Mvc.Infrastructure.DefaultOutputFormatterSelector|DEBUG|No information found on request to perform content negotiation. | 
2024-01-22 20:31:18.1050|Microsoft.AspNetCore.Mvc.Infrastructure.DefaultOutputFormatterSelector|DEBUG|Attempting to select an output formatter without using a content type as no explicit content types were specified for the response. | 
2024-01-22 20:31:18.1050|Microsoft.AspNetCore.Mvc.Infrastructure.DefaultOutputFormatterSelector|DEBUG|Attempting to select the first formatter in the output formatters list which can write the result. | 
2024-01-22 20:31:18.1050|Microsoft.AspNetCore.Mvc.Infrastructure.DefaultOutputFormatterSelector|DEBUG|Selected output formatter 'Microsoft.AspNetCore.Mvc.Formatters.StringOutputFormatter' and content type 'text/plain' to write the response. | 
2024-01-22 20:31:18.1050|Microsoft.AspNetCore.Mvc.Infrastructure.ObjectResultExecutor|INFO|Executing OkObjectResult, writing value of type 'System.String'. | 
2024-01-22 20:31:18.1050|Microsoft.AspNetCore.Mvc.Infrastructure.ControllerActionInvoker|TRACE|After executing action result Microsoft.AspNetCore.Mvc.OkObjectResult. | 
2024-01-22 20:31:18.1050|Microsoft.AspNetCore.Mvc.Infrastructure.ControllerActionInvoker|TRACE|Result Filter: Before executing OnResultExecuted on filter Microsoft.AspNetCore.Mvc.Infrastructure.ClientErrorResultFilter. | 
2024-01-22 20:31:18.1050|Microsoft.AspNetCore.Mvc.Infrastructure.ControllerActionInvoker|TRACE|Result Filter: After executing OnResultExecuted on filter Microsoft.AspNetCore.Mvc.Infrastructure.ClientErrorResultFilter. | 
2024-01-22 20:31:18.1050|Microsoft.AspNetCore.Mvc.Infrastructure.ControllerActionInvoker|TRACE|Result Filter: Before executing OnResultExecuted on filter Microsoft.AspNetCore.Mvc.ViewFeatures.Filters.SaveTempDataFilter. | 
2024-01-22 20:31:18.1050|Microsoft.AspNetCore.Mvc.Infrastructure.ControllerActionInvoker|TRACE|Result Filter: After executing OnResultExecuted on filter Microsoft.AspNetCore.Mvc.ViewFeatures.Filters.SaveTempDataFilter. | 
2024-01-22 20:31:18.1050|Microsoft.AspNetCore.Mvc.Infrastructure.ControllerActionInvoker|TRACE|Resource Filter: Before executing OnResourceExecuted on filter Microsoft.AspNetCore.Mvc.ViewFeatures.Filters.SaveTempDataFilter. | 
2024-01-22 20:31:18.1050|Microsoft.AspNetCore.Mvc.Infrastructure.ControllerActionInvoker|TRACE|Resource Filter: After executing OnResourceExecuted on filter Microsoft.AspNetCore.Mvc.ViewFeatures.Filters.SaveTempDataFilter. | 
2024-01-22 20:31:18.1050|Microsoft.AspNetCore.Mvc.Infrastructure.ControllerActionInvoker|INFO|Executed action PiggyBankBackEnd.Controllers.UserController.DeleteUser (PiggyBankBackEnd) in 170.6922ms | 
2024-01-22 20:31:18.1050|Microsoft.AspNetCore.Routing.EndpointMiddleware|INFO|Executed endpoint 'PiggyBankBackEnd.Controllers.UserController.DeleteUser (PiggyBankBackEnd)' | 
2024-01-22 20:31:18.1050|Microsoft.AspNetCore.Server.Kestrel.Connections|DEBUG|Connection id "0HN0RCSN6E6BK" completed keep alive response. | 
2024-01-22 20:31:18.1050|Microsoft.EntityFrameworkCore.Infrastructure|DEBUG|'ApplicationDbContext' disposed. | 
2024-01-22 20:31:18.1050|Microsoft.EntityFrameworkCore.Database.Connection|DEBUG|Disposing connection to database 'PiggyBank' on server '(localdb)\MSSQLLocalDB'. | 
2024-01-22 20:31:18.1050|Microsoft.EntityFrameworkCore.Database.Connection|DEBUG|Disposed connection to database '' on server '' (0ms). | 
2024-01-22 20:31:18.1050|Microsoft.AspNetCore.Hosting.Diagnostics|INFO|Request finished HTTP/1.1 DELETE http://localhost:5000/api/User/1 - - - 200 - text/plain;+charset=utf-8 226.3134ms | 
2024-01-22 20:31:24.8917|Microsoft.AspNetCore.Hosting.Diagnostics|INFO|Request starting HTTP/1.1 GET http://localhost:5000/api/User - - | 
2024-01-22 20:31:24.8917|Microsoft.AspNetCore.HostFiltering.HostFilteringMiddleware|TRACE|All hosts are allowed. | 
2024-01-22 20:31:24.8917|Microsoft.AspNetCore.Routing.Matching.DfaMatcher|DEBUG|1 candidate(s) found for the request path '/api/User' | 
2024-01-22 20:31:24.8917|Microsoft.AspNetCore.Routing.Matching.DfaMatcher|DEBUG|Endpoint 'PiggyBankBackEnd.Controllers.UserController.GetAllUsers (PiggyBankBackEnd)' with route pattern 'api/User' is valid for the request path '/api/User' | 
2024-01-22 20:31:24.8917|Microsoft.AspNetCore.Routing.EndpointRoutingMiddleware|DEBUG|Request matched endpoint 'PiggyBankBackEnd.Controllers.UserController.GetAllUsers (PiggyBankBackEnd)' | 
2024-01-22 20:31:24.8917|Microsoft.AspNetCore.StaticFiles.StaticFileMiddleware|DEBUG|Static files was skipped as the request already matched an endpoint. | 
2024-01-22 20:31:24.8917|Microsoft.AspNetCore.Authentication.JwtBearer.JwtBearerHandler|DEBUG|AuthenticationScheme: Bearer was not authenticated. | 
2024-01-22 20:31:24.8917|Microsoft.AspNetCore.Routing.EndpointMiddleware|INFO|Executing endpoint 'PiggyBankBackEnd.Controllers.UserController.GetAllUsers (PiggyBankBackEnd)' | 
2024-01-22 20:31:24.8917|Microsoft.AspNetCore.Mvc.Infrastructure.ControllerActionInvoker|INFO|Route matched with {action = "GetAllUsers", controller = "User"}. Executing controller action with signature System.Threading.Tasks.Task`1[Microsoft.AspNetCore.Mvc.ActionResult`1[System.Collections.Generic.IEnumerable`1[PiggyBankBackEnd.Entities.UserEntity]]] GetAllUsers() on controller PiggyBankBackEnd.Controllers.UserController (PiggyBankBackEnd). | 
2024-01-22 20:31:24.8917|Microsoft.AspNetCore.Mvc.Infrastructure.ControllerActionInvoker|DEBUG|Execution plan of authorization filters (in the following order): None | 
2024-01-22 20:31:24.8917|Microsoft.AspNetCore.Mvc.Infrastructure.ControllerActionInvoker|DEBUG|Execution plan of resource filters (in the following order): Microsoft.AspNetCore.Mvc.ViewFeatures.Filters.SaveTempDataFilter | 
2024-01-22 20:31:24.8917|Microsoft.AspNetCore.Mvc.Infrastructure.ControllerActionInvoker|DEBUG|Execution plan of action filters (in the following order): Microsoft.AspNetCore.Mvc.ModelBinding.UnsupportedContentTypeFilter (Order: -3000), Microsoft.AspNetCore.Mvc.Infrastructure.ModelStateInvalidFilter (Order: -2000) | 
2024-01-22 20:31:24.8917|Microsoft.AspNetCore.Mvc.Infrastructure.ControllerActionInvoker|DEBUG|Execution plan of exception filters (in the following order): None | 
2024-01-22 20:31:24.8917|Microsoft.AspNetCore.Mvc.Infrastructure.ControllerActionInvoker|DEBUG|Execution plan of result filters (in the following order): Microsoft.AspNetCore.Mvc.ViewFeatures.Filters.SaveTempDataFilter, Microsoft.AspNetCore.Mvc.Infrastructure.ClientErrorResultFilter (Order: -2000) | 
2024-01-22 20:31:24.8917|Microsoft.AspNetCore.Mvc.Infrastructure.ControllerActionInvoker|TRACE|Resource Filter: Before executing OnResourceExecuting on filter Microsoft.AspNetCore.Mvc.ViewFeatures.Filters.SaveTempDataFilter. | 
2024-01-22 20:31:24.8917|Microsoft.AspNetCore.Mvc.Infrastructure.ControllerActionInvoker|TRACE|Resource Filter: After executing OnResourceExecuting on filter Microsoft.AspNetCore.Mvc.ViewFeatures.Filters.SaveTempDataFilter. | 
2024-01-22 20:31:24.8917|Microsoft.AspNetCore.Mvc.Infrastructure.ControllerActionInvoker|DEBUG|Executing controller factory for controller PiggyBankBackEnd.Controllers.UserController (PiggyBankBackEnd) | 
2024-01-22 20:31:24.9380|Microsoft.EntityFrameworkCore.Infrastructure|DEBUG|Entity Framework Core 7.0.10 initialized 'ApplicationDbContext' using provider 'Microsoft.EntityFrameworkCore.SqlServer:7.0.10' with options: None | 
2024-01-22 20:31:24.9380|Microsoft.EntityFrameworkCore.Database.Connection|DEBUG|Creating DbConnection. | 
2024-01-22 20:31:24.9380|Microsoft.EntityFrameworkCore.Database.Connection|DEBUG|Created DbConnection. (0ms). | 
2024-01-22 20:31:24.9380|Microsoft.EntityFrameworkCore.Database.Connection|DEBUG|Opening connection to database 'PiggyBank' on server '(localdb)\MSSQLLocalDB'. | 
2024-01-22 20:31:24.9380|Microsoft.EntityFrameworkCore.Database.Connection|DEBUG|Opened connection to database 'PiggyBank' on server '(localdb)\MSSQLLocalDB'. | 
2024-01-22 20:31:24.9380|Microsoft.EntityFrameworkCore.Database.Command|DEBUG|Creating DbCommand for 'ExecuteNonQuery'. | 
2024-01-22 20:31:24.9380|Microsoft.EntityFrameworkCore.Database.Command|DEBUG|Created DbCommand for 'ExecuteNonQuery' (0ms). | 
2024-01-22 20:31:24.9380|Microsoft.EntityFrameworkCore.Database.Command|DEBUG|Initialized DbCommand for 'ExecuteNonQuery' (0ms). | 
2024-01-22 20:31:24.9380|Microsoft.EntityFrameworkCore.Database.Command|DEBUG|Executing DbCommand [Parameters=[], CommandType='Text', CommandTimeout='30']
SELECT 1 | 
2024-01-22 20:31:24.9380|Microsoft.EntityFrameworkCore.Database.Command|INFO|Executed DbCommand (0ms) [Parameters=[], CommandType='Text', CommandTimeout='30']
SELECT 1 | 
2024-01-22 20:31:24.9380|Microsoft.EntityFrameworkCore.Database.Connection|DEBUG|Closing connection to database 'PiggyBank' on server '(localdb)\MSSQLLocalDB'. | 
2024-01-22 20:31:24.9380|Microsoft.EntityFrameworkCore.Database.Connection|DEBUG|Closed connection to database 'PiggyBank' on server '(localdb)\MSSQLLocalDB' (0ms). | 
2024-01-22 20:31:24.9380|Microsoft.EntityFrameworkCore.Database.Command|DEBUG|Creating DbCommand for 'ExecuteScalar'. | 
2024-01-22 20:31:24.9380|Microsoft.EntityFrameworkCore.Database.Command|DEBUG|Created DbCommand for 'ExecuteScalar' (0ms). | 
2024-01-22 20:31:24.9380|Microsoft.EntityFrameworkCore.Database.Command|DEBUG|Initialized DbCommand for 'ExecuteScalar' (0ms). | 
2024-01-22 20:31:24.9380|Microsoft.EntityFrameworkCore.Database.Connection|DEBUG|Opening connection to database 'PiggyBank' on server '(localdb)\MSSQLLocalDB'. | 
2024-01-22 20:31:24.9380|Microsoft.EntityFrameworkCore.Database.Connection|DEBUG|Opened connection to database 'PiggyBank' on server '(localdb)\MSSQLLocalDB'. | 
2024-01-22 20:31:24.9380|Microsoft.EntityFrameworkCore.Database.Command|DEBUG|Executing DbCommand [Parameters=[], CommandType='Text', CommandTimeout='30']

IF EXISTS
    (SELECT *
     FROM [sys].[objects] o
     WHERE [o].[type] = 'U'
     AND [o].[is_ms_shipped] = 0
     AND NOT EXISTS (SELECT *
         FROM [sys].[extended_properties] AS [ep]
         WHERE [ep].[major_id] = [o].[object_id]
             AND [ep].[minor_id] = 0
             AND [ep].[class] = 1
             AND [ep].[name] = N'microsoft_database_tools_support'
    )
)
SELECT 1 ELSE SELECT 0 | 
2024-01-22 20:31:24.9380|Microsoft.EntityFrameworkCore.Database.Command|INFO|Executed DbCommand (1ms) [Parameters=[], CommandType='Text', CommandTimeout='30']

IF EXISTS
    (SELECT *
     FROM [sys].[objects] o
     WHERE [o].[type] = 'U'
     AND [o].[is_ms_shipped] = 0
     AND NOT EXISTS (SELECT *
         FROM [sys].[extended_properties] AS [ep]
         WHERE [ep].[major_id] = [o].[object_id]
             AND [ep].[minor_id] = 0
             AND [ep].[class] = 1
             AND [ep].[name] = N'microsoft_database_tools_support'
    )
)
SELECT 1 ELSE SELECT 0 | 
2024-01-22 20:31:24.9380|Microsoft.EntityFrameworkCore.Database.Connection|DEBUG|Closing connection to database 'PiggyBank' on server '(localdb)\MSSQLLocalDB'. | 
2024-01-22 20:31:24.9380|Microsoft.EntityFrameworkCore.Database.Connection|DEBUG|Closed connection to database 'PiggyBank' on server '(localdb)\MSSQLLocalDB' (0ms). | 
2024-01-22 20:31:24.9380|Microsoft.AspNetCore.Mvc.Infrastructure.ControllerActionInvoker|DEBUG|Executed controller factory for controller PiggyBankBackEnd.Controllers.UserController (PiggyBankBackEnd) | 
2024-01-22 20:31:24.9380|Microsoft.AspNetCore.Mvc.Infrastructure.ControllerActionInvoker|TRACE|Action Filter: Before executing OnActionExecuting on filter Microsoft.AspNetCore.Mvc.ModelBinding.UnsupportedContentTypeFilter. | 
2024-01-22 20:31:24.9380|Microsoft.AspNetCore.Mvc.Infrastructure.ControllerActionInvoker|TRACE|Action Filter: After executing OnActionExecuting on filter Microsoft.AspNetCore.Mvc.ModelBinding.UnsupportedContentTypeFilter. | 
2024-01-22 20:31:24.9380|Microsoft.AspNetCore.Mvc.Infrastructure.ControllerActionInvoker|TRACE|Action Filter: Before executing OnActionExecuting on filter Microsoft.AspNetCore.Mvc.Infrastructure.ModelStateInvalidFilter. | 
2024-01-22 20:31:24.9380|Microsoft.AspNetCore.Mvc.Infrastructure.ControllerActionInvoker|TRACE|Action Filter: After executing OnActionExecuting on filter Microsoft.AspNetCore.Mvc.Infrastructure.ModelStateInvalidFilter. | 
2024-01-22 20:31:24.9380|Microsoft.AspNetCore.Mvc.Infrastructure.ControllerActionInvoker|INFO|Executing action method PiggyBankBackEnd.Controllers.UserController.GetAllUsers (PiggyBankBackEnd) - Validation state: Valid | 
2024-01-22 20:31:24.9380|Microsoft.EntityFrameworkCore.Database.Command|DEBUG|Creating DbCommand for 'ExecuteReader'. | 
2024-01-22 20:31:24.9380|Microsoft.EntityFrameworkCore.Database.Command|DEBUG|Created DbCommand for 'ExecuteReader' (0ms). | 
2024-01-22 20:31:24.9380|Microsoft.EntityFrameworkCore.Database.Command|DEBUG|Initialized DbCommand for 'ExecuteReader' (0ms). | 
2024-01-22 20:31:24.9380|Microsoft.EntityFrameworkCore.Database.Connection|DEBUG|Opening connection to database 'PiggyBank' on server '(localdb)\MSSQLLocalDB'. | 
2024-01-22 20:31:24.9380|Microsoft.EntityFrameworkCore.Database.Connection|DEBUG|Opened connection to database 'PiggyBank' on server '(localdb)\MSSQLLocalDB'. | 
2024-01-22 20:31:24.9380|Microsoft.EntityFrameworkCore.Database.Command|DEBUG|Executing DbCommand [Parameters=[], CommandType='Text', CommandTimeout='30']
SELECT [u].[Id], [u].[Name], [u].[Password]
FROM [Users] AS [u] | 
2024-01-22 20:31:24.9472|Microsoft.EntityFrameworkCore.Database.Command|INFO|Executed DbCommand (6ms) [Parameters=[], CommandType='Text', CommandTimeout='30']
SELECT [u].[Id], [u].[Name], [u].[Password]
FROM [Users] AS [u] | 
2024-01-22 20:31:24.9472|Microsoft.EntityFrameworkCore.ChangeTracking|DEBUG|Context 'ApplicationDbContext' started tracking 'UserEntity' entity. Consider using 'DbContextOptionsBuilder.EnableSensitiveDataLogging' to see key values. | 
2024-01-22 20:31:24.9472|Microsoft.EntityFrameworkCore.Database.Command|DEBUG|Closing data reader to 'PiggyBank' on server '(localdb)\MSSQLLocalDB'. | 
2024-01-22 20:31:24.9472|Microsoft.EntityFrameworkCore.Database.Command|DEBUG|A data reader for 'PiggyBank' on server '(localdb)\MSSQLLocalDB' is being disposed after spending 1ms reading results. | 
2024-01-22 20:31:24.9472|Microsoft.EntityFrameworkCore.Database.Connection|DEBUG|Closing connection to database 'PiggyBank' on server '(localdb)\MSSQLLocalDB'. | 
2024-01-22 20:31:24.9472|Microsoft.EntityFrameworkCore.Database.Connection|DEBUG|Closed connection to database 'PiggyBank' on server '(localdb)\MSSQLLocalDB' (0ms). | 
2024-01-22 20:31:24.9472|Microsoft.AspNetCore.Mvc.Infrastructure.ControllerActionInvoker|INFO|Executed action method PiggyBankBackEnd.Controllers.UserController.GetAllUsers (PiggyBankBackEnd), returned result Microsoft.AspNetCore.Mvc.OkObjectResult in 9.1032ms. | 
2024-01-22 20:31:24.9472|Microsoft.AspNetCore.Mvc.Infrastructure.ControllerActionInvoker|TRACE|Action Filter: Before executing OnActionExecuted on filter Microsoft.AspNetCore.Mvc.Infrastructure.ModelStateInvalidFilter. | 
2024-01-22 20:31:24.9472|Microsoft.AspNetCore.Mvc.Infrastructure.ControllerActionInvoker|TRACE|Action Filter: After executing OnActionExecuted on filter Microsoft.AspNetCore.Mvc.Infrastructure.ModelStateInvalidFilter. | 
2024-01-22 20:31:24.9472|Microsoft.AspNetCore.Mvc.Infrastructure.ControllerActionInvoker|TRACE|Action Filter: Before executing OnActionExecuted on filter Microsoft.AspNetCore.Mvc.ModelBinding.UnsupportedContentTypeFilter. | 
2024-01-22 20:31:24.9472|Microsoft.AspNetCore.Mvc.Infrastructure.ControllerActionInvoker|TRACE|Action Filter: After executing OnActionExecuted on filter Microsoft.AspNetCore.Mvc.ModelBinding.UnsupportedContentTypeFilter. | 
2024-01-22 20:31:24.9472|Microsoft.AspNetCore.Mvc.Infrastructure.ControllerActionInvoker|TRACE|Result Filter: Before executing OnResultExecuting on filter Microsoft.AspNetCore.Mvc.ViewFeatures.Filters.SaveTempDataFilter. | 
2024-01-22 20:31:24.9472|Microsoft.AspNetCore.Mvc.Infrastructure.ControllerActionInvoker|TRACE|Result Filter: After executing OnResultExecuting on filter Microsoft.AspNetCore.Mvc.ViewFeatures.Filters.SaveTempDataFilter. | 
2024-01-22 20:31:24.9472|Microsoft.AspNetCore.Mvc.Infrastructure.ControllerActionInvoker|TRACE|Result Filter: Before executing OnResultExecuting on filter Microsoft.AspNetCore.Mvc.Infrastructure.ClientErrorResultFilter. | 
2024-01-22 20:31:24.9472|Microsoft.AspNetCore.Mvc.Infrastructure.ControllerActionInvoker|TRACE|Result Filter: After executing OnResultExecuting on filter Microsoft.AspNetCore.Mvc.Infrastructure.ClientErrorResultFilter. | 
2024-01-22 20:31:24.9472|Microsoft.AspNetCore.Mvc.Infrastructure.ControllerActionInvoker|TRACE|Before executing action result Microsoft.AspNetCore.Mvc.OkObjectResult. | 
2024-01-22 20:31:24.9472|Microsoft.AspNetCore.Mvc.Infrastructure.DefaultOutputFormatterSelector|DEBUG|List of registered output formatters, in the following order: Microsoft.AspNetCore.Mvc.Formatters.HttpNoContentOutputFormatter, Microsoft.AspNetCore.Mvc.Formatters.StringOutputFormatter, Microsoft.AspNetCore.Mvc.Formatters.StreamOutputFormatter, Microsoft.AspNetCore.Mvc.Formatters.NewtonsoftJsonOutputFormatter | 
2024-01-22 20:31:24.9472|Microsoft.AspNetCore.Mvc.Infrastructure.DefaultOutputFormatterSelector|DEBUG|Attempting to select an output formatter based on Accept header 'text/plain'. | 
2024-01-22 20:31:24.9472|Microsoft.AspNetCore.Mvc.Infrastructure.DefaultOutputFormatterSelector|DEBUG|Could not find an output formatter based on content negotiation. Accepted types were (text/plain) | 
2024-01-22 20:31:24.9472|Microsoft.AspNetCore.Mvc.Infrastructure.DefaultOutputFormatterSelector|DEBUG|Attempting to select an output formatter without using a content type as no explicit content types were specified for the response. | 
2024-01-22 20:31:24.9472|Microsoft.AspNetCore.Mvc.Infrastructure.DefaultOutputFormatterSelector|DEBUG|Attempting to select the first formatter in the output formatters list which can write the result. | 
2024-01-22 20:31:24.9472|Microsoft.AspNetCore.Mvc.Infrastructure.DefaultOutputFormatterSelector|DEBUG|Selected output formatter 'Microsoft.AspNetCore.Mvc.Formatters.NewtonsoftJsonOutputFormatter' and content type 'application/json' to write the response. | 
2024-01-22 20:31:24.9472|Microsoft.AspNetCore.Mvc.Infrastructure.ObjectResultExecutor|INFO|Executing OkObjectResult, writing value of type 'System.Collections.Generic.List`1[[PiggyBankBackEnd.Entities.UserEntity, PiggyBankBackEnd, Version=1.0.0.0, Culture=neutral, PublicKeyToken=null]]'. | 
2024-01-22 20:31:24.9472|Microsoft.AspNetCore.Mvc.Infrastructure.ControllerActionInvoker|TRACE|After executing action result Microsoft.AspNetCore.Mvc.OkObjectResult. | 
2024-01-22 20:31:24.9472|Microsoft.AspNetCore.Mvc.Infrastructure.ControllerActionInvoker|TRACE|Result Filter: Before executing OnResultExecuted on filter Microsoft.AspNetCore.Mvc.Infrastructure.ClientErrorResultFilter. | 
2024-01-22 20:31:24.9472|Microsoft.AspNetCore.Mvc.Infrastructure.ControllerActionInvoker|TRACE|Result Filter: After executing OnResultExecuted on filter Microsoft.AspNetCore.Mvc.Infrastructure.ClientErrorResultFilter. | 
2024-01-22 20:31:24.9472|Microsoft.AspNetCore.Mvc.Infrastructure.ControllerActionInvoker|TRACE|Result Filter: Before executing OnResultExecuted on filter Microsoft.AspNetCore.Mvc.ViewFeatures.Filters.SaveTempDataFilter. | 
2024-01-22 20:31:24.9472|Microsoft.AspNetCore.Mvc.Infrastructure.ControllerActionInvoker|TRACE|Result Filter: After executing OnResultExecuted on filter Microsoft.AspNetCore.Mvc.ViewFeatures.Filters.SaveTempDataFilter. | 
2024-01-22 20:31:24.9472|Microsoft.AspNetCore.Mvc.Infrastructure.ControllerActionInvoker|TRACE|Resource Filter: Before executing OnResourceExecuted on filter Microsoft.AspNetCore.Mvc.ViewFeatures.Filters.SaveTempDataFilter. | 
2024-01-22 20:31:24.9472|Microsoft.AspNetCore.Mvc.Infrastructure.ControllerActionInvoker|TRACE|Resource Filter: After executing OnResourceExecuted on filter Microsoft.AspNetCore.Mvc.ViewFeatures.Filters.SaveTempDataFilter. | 
2024-01-22 20:31:24.9472|Microsoft.AspNetCore.Mvc.Infrastructure.ControllerActionInvoker|INFO|Executed action PiggyBankBackEnd.Controllers.UserController.GetAllUsers (PiggyBankBackEnd) in 57.2967ms | 
2024-01-22 20:31:24.9472|Microsoft.AspNetCore.Routing.EndpointMiddleware|INFO|Executed endpoint 'PiggyBankBackEnd.Controllers.UserController.GetAllUsers (PiggyBankBackEnd)' | 
2024-01-22 20:31:24.9472|Microsoft.AspNetCore.Server.Kestrel.Connections|DEBUG|Connection id "0HN0RCSN6E6BK" completed keep alive response. | 
2024-01-22 20:31:24.9472|Microsoft.EntityFrameworkCore.Infrastructure|DEBUG|'ApplicationDbContext' disposed. | 
2024-01-22 20:31:24.9472|Microsoft.EntityFrameworkCore.Database.Connection|DEBUG|Disposing connection to database 'PiggyBank' on server '(localdb)\MSSQLLocalDB'. | 
2024-01-22 20:31:24.9472|Microsoft.EntityFrameworkCore.Database.Connection|DEBUG|Disposed connection to database '' on server '' (0ms). | 
2024-01-22 20:31:24.9472|Microsoft.AspNetCore.Hosting.Diagnostics|INFO|Request finished HTTP/1.1 GET http://localhost:5000/api/User - - - 200 50 application/json;+charset=utf-8 62.4074ms | 
