2024-01-18 21:40:37.7130|Program|DEBUG|Program initialisation | 
2024-01-18 21:40:37.7203|Microsoft.Extensions.Hosting.Internal.Host|DEBUG|Hosting starting | 
2024-01-18 21:40:37.7693|Microsoft.AspNetCore.DataProtection.KeyManagement.XmlKeyManager|INFO|User profile is available. Using 'C:\Users\Yulia\AppData\Local\ASP.NET\DataProtection-Keys' as key repository and Windows DPAPI to encrypt keys at rest. | 
2024-01-18 21:40:37.7693|Microsoft.AspNetCore.DataProtection.Repositories.FileSystemXmlRepository|DEBUG|Reading data from file 'C:\Users\Yulia\AppData\Local\ASP.NET\DataProtection-Keys\key-03f48be6-6eba-4f09-a62b-0dac1b4d7346.xml'. | 
2024-01-18 21:40:37.7826|Microsoft.AspNetCore.DataProtection.KeyManagement.XmlKeyManager|DEBUG|Found key {03f48be6-6eba-4f09-a62b-0dac1b4d7346}. | 
2024-01-18 21:40:37.7826|Microsoft.AspNetCore.DataProtection.KeyManagement.DefaultKeyResolver|DEBUG|Considering key {03f48be6-6eba-4f09-a62b-0dac1b4d7346} with expiration date 2024-04-06 09:25:04Z as default key. | 
2024-01-18 21:40:37.7826|Microsoft.AspNetCore.DataProtection.TypeForwardingActivator|DEBUG|Forwarded activator type request from Microsoft.AspNetCore.DataProtection.XmlEncryption.DpapiXmlDecryptor, Microsoft.AspNetCore.DataProtection, Version=7.0.0.0, Culture=neutral, PublicKeyToken=adb9793829ddae60 to Microsoft.AspNetCore.DataProtection.XmlEncryption.DpapiXmlDecryptor, Microsoft.AspNetCore.DataProtection, Culture=neutral, PublicKeyToken=adb9793829ddae60 | 
2024-01-18 21:40:37.7826|Microsoft.AspNetCore.DataProtection.XmlEncryption.DpapiXmlDecryptor|DEBUG|Decrypting secret element using Windows DPAPI. | 
2024-01-18 21:40:37.7826|Microsoft.AspNetCore.DataProtection.TypeForwardingActivator|DEBUG|Forwarded activator type request from Microsoft.AspNetCore.DataProtection.AuthenticatedEncryption.ConfigurationModel.AuthenticatedEncryptorDescriptorDeserializer, Microsoft.AspNetCore.DataProtection, Version=7.0.0.0, Culture=neutral, PublicKeyToken=adb9793829ddae60 to Microsoft.AspNetCore.DataProtection.AuthenticatedEncryption.ConfigurationModel.AuthenticatedEncryptorDescriptorDeserializer, Microsoft.AspNetCore.DataProtection, Culture=neutral, PublicKeyToken=adb9793829ddae60 | 
2024-01-18 21:40:37.7826|Microsoft.AspNetCore.DataProtection.AuthenticatedEncryption.CngCbcAuthenticatedEncryptorFactory|DEBUG|Opening CNG algorithm 'AES' from provider '(null)' with chaining mode CBC. | 
2024-01-18 21:40:37.7826|Microsoft.AspNetCore.DataProtection.AuthenticatedEncryption.CngCbcAuthenticatedEncryptorFactory|DEBUG|Opening CNG algorithm 'SHA256' from provider '(null)' with HMAC. | 
2024-01-18 21:40:37.7826|Microsoft.AspNetCore.DataProtection.KeyManagement.KeyRingProvider|DEBUG|Using key {03f48be6-6eba-4f09-a62b-0dac1b4d7346} as the default key. | 
2024-01-18 21:40:37.7826|Microsoft.AspNetCore.DataProtection.Internal.DataProtectionHostedService|DEBUG|Key ring with default key {03f48be6-6eba-4f09-a62b-0dac1b4d7346} was loaded during application startup. | 
2024-01-18 21:40:38.0927|Microsoft.Hosting.Lifetime|INFO|Now listening on: https://localhost:7216 | 
2024-01-18 21:40:38.1085|Microsoft.Hosting.Lifetime|INFO|Now listening on: http://localhost:5000 | 
2024-01-18 21:40:38.1085|Microsoft.AspNetCore.Hosting.Diagnostics|DEBUG|Loaded hosting startup assembly PiggyBankBackEnd | 
2024-01-18 21:40:38.1085|Microsoft.AspNetCore.Hosting.Diagnostics|DEBUG|Loaded hosting startup assembly Microsoft.AspNetCore.Watch.BrowserRefresh | 
2024-01-18 21:40:38.1085|Microsoft.AspNetCore.Hosting.Diagnostics|DEBUG|Loaded hosting startup assembly Microsoft.WebTools.BrowserLink.Net | 
2024-01-18 21:40:38.1085|Microsoft.Hosting.Lifetime|INFO|Application started. Press Ctrl+C to shut down. | 
2024-01-18 21:40:38.1085|Microsoft.Hosting.Lifetime|INFO|Hosting environment: Development | 
2024-01-18 21:40:38.1085|Microsoft.Hosting.Lifetime|INFO|Content root path: F:\Yulya\repos\PiggyBank\PiggyBankBackEnd | 
2024-01-18 21:40:38.1085|Microsoft.Extensions.Hosting.Internal.Host|DEBUG|Hosting started | 
2024-01-18 21:40:38.1085|Microsoft.AspNetCore.Server.Kestrel.Connections|DEBUG|Connection id "0HN0O9IAKNJ3P" accepted. | 
2024-01-18 21:40:38.1138|Microsoft.AspNetCore.Server.Kestrel.Connections|DEBUG|Connection id "0HN0O9IAKNJ3P" started. | 
2024-01-18 21:40:38.5658|Microsoft.AspNetCore.Server.Kestrel.Connections|DEBUG|Connection id "0HN0O9IAKNJ3Q" accepted. | 
2024-01-18 21:40:38.5658|Microsoft.AspNetCore.Server.Kestrel.Connections|DEBUG|Connection id "0HN0O9IAKNJ3R" accepted. | 
2024-01-18 21:40:38.5658|Microsoft.AspNetCore.Server.Kestrel.Connections|DEBUG|Connection id "0HN0O9IAKNJ3Q" started. | 
2024-01-18 21:40:38.5682|Microsoft.AspNetCore.Server.Kestrel.Connections|DEBUG|Connection id "0HN0O9IAKNJ3R" started. | 
2024-01-18 21:40:38.6540|Microsoft.AspNetCore.Server.Kestrel.Https.Internal.HttpsConnectionMiddleware|DEBUG|Connection 0HN0O9IAKNJ3R established using the following protocol: Tls13 | 
2024-01-18 21:40:38.6884|Microsoft.AspNetCore.Server.Kestrel.Http2|TRACE|Connection id "0HN0O9IAKNJ3R" sending SETTINGS frame for stream ID 0 with length 24 and flags NONE. | 
2024-01-18 21:40:38.6884|Microsoft.AspNetCore.Server.Kestrel.Http2|TRACE|Connection id "0HN0O9IAKNJ3R" sending WINDOW_UPDATE frame for stream ID 0 with length 4 and flags 0x0. | 
2024-01-18 21:40:38.6884|Microsoft.AspNetCore.Server.Kestrel.Http2|TRACE|Connection id "0HN0O9IAKNJ3R" received SETTINGS frame for stream ID 0 with length 24 and flags NONE. | 
2024-01-18 21:40:38.6884|Microsoft.AspNetCore.Server.Kestrel.Http2|TRACE|Connection id "0HN0O9IAKNJ3R" sending SETTINGS frame for stream ID 0 with length 0 and flags ACK. | 
2024-01-18 21:40:38.6884|Microsoft.AspNetCore.Server.Kestrel.Http2|TRACE|Connection id "0HN0O9IAKNJ3R" received WINDOW_UPDATE frame for stream ID 0 with length 4 and flags 0x0. | 
2024-01-18 21:40:38.6884|Microsoft.AspNetCore.Server.Kestrel.Http2|TRACE|Connection id "0HN0O9IAKNJ3R" received HEADERS frame for stream ID 1 with length 466 and flags END_STREAM, END_HEADERS, PRIORITY. | 
2024-01-18 21:40:38.6884|Microsoft.AspNetCore.Server.Kestrel.Http2|TRACE|Connection id "0HN0O9IAKNJ3R" received SETTINGS frame for stream ID 0 with length 0 and flags ACK. | 
2024-01-18 21:40:38.7255|Microsoft.AspNetCore.Hosting.Diagnostics|INFO|Request starting HTTP/2 GET https://localhost:7216/swagger/index.html - - | 
2024-01-18 21:40:38.8543|Microsoft.AspNetCore.HostFiltering.HostFilteringMiddleware|DEBUG|Wildcard detected, all requests with hosts will be allowed. | 
2024-01-18 21:40:38.8543|Microsoft.AspNetCore.HostFiltering.HostFilteringMiddleware|TRACE|All hosts are allowed. | 
2024-01-18 21:40:38.8701|Microsoft.AspNetCore.Routing.Matching.DfaMatcher|DEBUG|No candidates found for the request path '/swagger/index.html' | 
2024-01-18 21:40:38.8701|Microsoft.AspNetCore.Routing.EndpointRoutingMiddleware|DEBUG|Request did not match any endpoints | 
2024-01-18 21:40:38.9487|Microsoft.AspNetCore.Watch.BrowserRefresh.BrowserRefreshMiddleware|DEBUG|Response markup is scheduled to include browser refresh script injection. | 
2024-01-18 21:40:38.9487|Microsoft.AspNetCore.Server.Kestrel.Http2|TRACE|Connection id "0HN0O9IAKNJ3R" sending HEADERS frame for stream ID 1 with length 66 and flags END_HEADERS. | 
2024-01-18 21:40:38.9487|Microsoft.AspNetCore.Server.Kestrel.Http2|TRACE|Connection id "0HN0O9IAKNJ3R" sending DATA frame for stream ID 1 with length 4096 and flags NONE. | 
2024-01-18 21:40:38.9601|Microsoft.AspNetCore.Server.Kestrel.Http2|TRACE|Connection id "0HN0O9IAKNJ3R" sending DATA frame for stream ID 1 with length 996 and flags NONE. | 
2024-01-18 21:40:38.9601|Microsoft.AspNetCore.Server.Kestrel.Http2|TRACE|Connection id "0HN0O9IAKNJ3R" sending DATA frame for stream ID 1 with length 81 and flags NONE. | 
2024-01-18 21:40:38.9601|Microsoft.AspNetCore.Watch.BrowserRefresh.BrowserRefreshMiddleware|DEBUG|Response markup was updated to include browser refresh script injection. | 
2024-01-18 21:40:38.9601|Microsoft.AspNetCore.Server.Kestrel.Http2|TRACE|Connection id "0HN0O9IAKNJ3R" sending DATA frame for stream ID 1 with length 0 and flags END_STREAM. | 
2024-01-18 21:40:38.9601|Microsoft.AspNetCore.Hosting.Diagnostics|INFO|Request finished HTTP/2 GET https://localhost:7216/swagger/index.html - - - 200 - text/html;charset=utf-8 240.7487ms | 
2024-01-18 21:40:38.9911|Microsoft.AspNetCore.Server.Kestrel.Http2|TRACE|Connection id "0HN0O9IAKNJ3R" received HEADERS frame for stream ID 3 with length 109 and flags END_STREAM, END_HEADERS, PRIORITY. | 
2024-01-18 21:40:38.9911|Microsoft.AspNetCore.Hosting.Diagnostics|INFO|Request starting HTTP/2 GET https://localhost:7216/_framework/aspnetcore-browser-refresh.js - - | 
2024-01-18 21:40:38.9911|Microsoft.AspNetCore.Server.Kestrel.Http2|TRACE|Connection id "0HN0O9IAKNJ3R" sending HEADERS frame for stream ID 3 with length 60 and flags END_HEADERS. | 
2024-01-18 21:40:38.9911|Microsoft.AspNetCore.Server.Kestrel.Http2|TRACE|Connection id "0HN0O9IAKNJ3R" sending DATA frame for stream ID 3 with length 13768 and flags NONE. | 
2024-01-18 21:40:38.9911|Microsoft.AspNetCore.Hosting.Diagnostics|INFO|Request finished HTTP/2 GET https://localhost:7216/_framework/aspnetcore-browser-refresh.js - - - 200 13768 application/javascript;+charset=utf-8 4.4154ms | 
2024-01-18 21:40:38.9911|Microsoft.AspNetCore.Server.Kestrel.Http2|TRACE|Connection id "0HN0O9IAKNJ3R" sending DATA frame for stream ID 3 with length 0 and flags END_STREAM. | 
2024-01-18 21:40:39.0812|Microsoft.AspNetCore.Server.Kestrel.Http2|TRACE|Connection id "0HN0O9IAKNJ3R" received HEADERS frame for stream ID 5 with length 57 and flags END_STREAM, END_HEADERS, PRIORITY. | 
2024-01-18 21:40:39.0812|Microsoft.AspNetCore.Hosting.Diagnostics|INFO|Request starting HTTP/2 GET https://localhost:7216/_vs/browserLink - - | 
2024-01-18 21:40:40.4807|Microsoft.AspNetCore.Server.Kestrel.Http2|TRACE|Connection id "0HN0O9IAKNJ3R" sending HEADERS frame for stream ID 5 with length 149 and flags END_HEADERS. | 
2024-01-18 21:40:40.4807|Microsoft.AspNetCore.Server.Kestrel.Http2|TRACE|Connection id "0HN0O9IAKNJ3R" sending DATA frame for stream ID 5 with length 9986 and flags NONE. | 
2024-01-18 21:40:40.4807|Microsoft.AspNetCore.Server.Kestrel.Http2|TRACE|Connection id "0HN0O9IAKNJ3R" sending DATA frame for stream ID 5 with length 10240 and flags NONE. | 
2024-01-18 21:40:40.4807|Microsoft.AspNetCore.Server.Kestrel.Http2|TRACE|Connection id "0HN0O9IAKNJ3R" sending DATA frame for stream ID 5 with length 10240 and flags NONE. | 
2024-01-18 21:40:40.4807|Microsoft.AspNetCore.Server.Kestrel.Http2|TRACE|Connection id "0HN0O9IAKNJ3R" sending DATA frame for stream ID 5 with length 10240 and flags NONE. | 
2024-01-18 21:40:40.4807|Microsoft.AspNetCore.Server.Kestrel.Http2|TRACE|Connection id "0HN0O9IAKNJ3R" sending DATA frame for stream ID 5 with length 10240 and flags NONE. | 
2024-01-18 21:40:40.4807|Microsoft.AspNetCore.Server.Kestrel.Http2|TRACE|Connection id "0HN0O9IAKNJ3R" sending DATA frame for stream ID 5 with length 10240 and flags NONE. | 
2024-01-18 21:40:40.4807|Microsoft.AspNetCore.Server.Kestrel.Http2|TRACE|Connection id "0HN0O9IAKNJ3R" sending DATA frame for stream ID 5 with length 10240 and flags NONE. | 
2024-01-18 21:40:40.4807|Microsoft.AspNetCore.Server.Kestrel.Http2|TRACE|Connection id "0HN0O9IAKNJ3R" sending DATA frame for stream ID 5 with length 10240 and flags NONE. | 
2024-01-18 21:40:40.4807|Microsoft.AspNetCore.Server.Kestrel.Http2|TRACE|Connection id "0HN0O9IAKNJ3R" sending DATA frame for stream ID 5 with length 10240 and flags NONE. | 
2024-01-18 21:40:40.4807|Microsoft.AspNetCore.Server.Kestrel.Http2|TRACE|Connection id "0HN0O9IAKNJ3R" sending DATA frame for stream ID 5 with length 10240 and flags NONE. | 
2024-01-18 21:40:40.4883|Microsoft.AspNetCore.Server.Kestrel.Http2|TRACE|Connection id "0HN0O9IAKNJ3R" sending DATA frame for stream ID 5 with length 10240 and flags NONE. | 
2024-01-18 21:40:40.4883|Microsoft.AspNetCore.Server.Kestrel.Http2|TRACE|Connection id "0HN0O9IAKNJ3R" sending DATA frame for stream ID 5 with length 10240 and flags NONE. | 
2024-01-18 21:40:40.4883|Microsoft.AspNetCore.Server.Kestrel.Http2|TRACE|Connection id "0HN0O9IAKNJ3R" sending DATA frame for stream ID 5 with length 10240 and flags NONE. | 
2024-01-18 21:40:40.4883|Microsoft.AspNetCore.Server.Kestrel.Http2|TRACE|Connection id "0HN0O9IAKNJ3R" sending DATA frame for stream ID 5 with length 10240 and flags NONE. | 
2024-01-18 21:40:40.4883|Microsoft.AspNetCore.Server.Kestrel.Http2|TRACE|Connection id "0HN0O9IAKNJ3R" sending DATA frame for stream ID 5 with length 10240 and flags NONE. | 
2024-01-18 21:40:40.4883|Microsoft.AspNetCore.Server.Kestrel.Http2|TRACE|Connection id "0HN0O9IAKNJ3R" sending DATA frame for stream ID 5 with length 160 and flags NONE. | 
2024-01-18 21:40:40.4883|Microsoft.AspNetCore.Hosting.Diagnostics|INFO|Request finished HTTP/2 GET https://localhost:7216/_vs/browserLink - - - 200 - text/javascript;+charset=UTF-8 1409.0225ms | 
2024-01-18 21:40:40.4883|Microsoft.AspNetCore.Server.Kestrel.Http2|TRACE|Connection id "0HN0O9IAKNJ3R" sending DATA frame for stream ID 5 with length 0 and flags END_STREAM. | 
2024-01-18 21:40:40.6347|Microsoft.AspNetCore.Server.Kestrel.Http2|TRACE|Connection id "0HN0O9IAKNJ3R" received HEADERS frame for stream ID 7 with length 66 and flags END_STREAM, END_HEADERS, PRIORITY. | 
2024-01-18 21:40:40.6486|Microsoft.AspNetCore.Hosting.Diagnostics|INFO|Request starting HTTP/2 GET https://localhost:7216/swagger/v1/swagger.json - - | 
2024-01-18 21:40:40.6486|Microsoft.AspNetCore.HostFiltering.HostFilteringMiddleware|TRACE|All hosts are allowed. | 
2024-01-18 21:40:40.6486|Microsoft.AspNetCore.Routing.Matching.DfaMatcher|DEBUG|No candidates found for the request path '/swagger/v1/swagger.json' | 
2024-01-18 21:40:40.6486|Microsoft.AspNetCore.Routing.EndpointRoutingMiddleware|DEBUG|Request did not match any endpoints | 
2024-01-18 21:40:40.7948|Microsoft.AspNetCore.Server.Kestrel.Http2|TRACE|Connection id "0HN0O9IAKNJ3R" sending HEADERS frame for stream ID 7 with length 35 and flags END_HEADERS. | 
2024-01-18 21:40:40.7948|Microsoft.AspNetCore.Server.Kestrel.Http2|TRACE|Connection id "0HN0O9IAKNJ3R" sending DATA frame for stream ID 7 with length 11578 and flags NONE. | 
2024-01-18 21:40:40.7948|Microsoft.AspNetCore.Server.Kestrel.Http2|TRACE|Connection id "0HN0O9IAKNJ3R" sending DATA frame for stream ID 7 with length 0 and flags END_STREAM. | 
2024-01-18 21:40:40.7948|Microsoft.AspNetCore.Hosting.Diagnostics|INFO|Request finished HTTP/2 GET https://localhost:7216/swagger/v1/swagger.json - - - 200 - application/json;charset=utf-8 148.1250ms | 
